<?xml version="1.0" encoding="UTF-8"?>
<coverage generated="1499238368365" clover="3.2.0">
  <project timestamp="1499238368366" name="All files">
    <metrics statements="102" coveredstatements="85" conditionals="18" coveredconditionals="11" methods="28" coveredmethods="20" elements="148" coveredelements="116" complexity="0" loc="102" ncloc="102" packages="5" files="19" classes="19">
      <package name="App.Actions">
        <metrics statements="19" coveredstatements="19" conditionals="0" coveredconditionals="0" methods="3" coveredmethods="3"/>
        <file name="Types.js" path="C:\Users\juuso_j0pbwen\OneDrive\Asiakirjat\Opiskelu\eksy\EKSY\App\Actions\Types.js">
          <metrics statements="13" coveredstatements="13" conditionals="0" coveredconditionals="0" methods="0" coveredmethods="0"/>
          <line num="1" count="1" type="stmt"/>
          <line num="2" count="1" type="stmt"/>
          <line num="3" count="1" type="stmt"/>
          <line num="5" count="1" type="stmt"/>
          <line num="6" count="1" type="stmt"/>
          <line num="7" count="1" type="stmt"/>
          <line num="9" count="1" type="stmt"/>
          <line num="10" count="1" type="stmt"/>
          <line num="11" count="1" type="stmt"/>
          <line num="13" count="1" type="stmt"/>
          <line num="14" count="1" type="stmt"/>
          <line num="15" count="1" type="stmt"/>
          <line num="16" count="1" type="stmt"/>
        </file>
        <file name="UiActions.js" path="C:\Users\juuso_j0pbwen\OneDrive\Asiakirjat\Opiskelu\eksy\EKSY\App\Actions\UiActions.js">
          <metrics statements="6" coveredstatements="6" conditionals="0" coveredconditionals="0" methods="3" coveredmethods="3"/>
          <line num="3" count="1" type="stmt"/>
          <line num="4" count="1" type="stmt"/>
          <line num="9" count="1" type="stmt"/>
          <line num="10" count="1" type="stmt"/>
          <line num="15" count="1" type="stmt"/>
          <line num="16" count="1" type="stmt"/>
        </file>
      </package>
      <package name="App.Components">
        <metrics statements="45" coveredstatements="31" conditionals="16" coveredconditionals="9" methods="13" coveredmethods="8"/>
        <file name="MenuBackButton.js" path="C:\Users\juuso_j0pbwen\OneDrive\Asiakirjat\Opiskelu\eksy\EKSY\App\Components\MenuBackButton.js">
          <metrics statements="3" coveredstatements="3" conditionals="0" coveredconditionals="0" methods="2" coveredmethods="2"/>
          <line num="9" count="3" type="stmt"/>
          <line num="10" count="1" type="stmt"/>
          <line num="15" count="7" type="stmt"/>
        </file>
        <file name="MenuButton.js" path="C:\Users\juuso_j0pbwen\OneDrive\Asiakirjat\Opiskelu\eksy\EKSY\App\Components\MenuButton.js">
          <metrics statements="2" coveredstatements="2" conditionals="0" coveredconditionals="0" methods="1" coveredmethods="1"/>
          <line num="8" count="1" type="stmt"/>
          <line num="14" count="6" type="stmt"/>
        </file>
        <file name="Picture.js" path="C:\Users\juuso_j0pbwen\OneDrive\Asiakirjat\Opiskelu\eksy\EKSY\App\Components\Picture.js">
          <metrics statements="33" coveredstatements="19" conditionals="16" coveredconditionals="9" methods="6" coveredmethods="2"/>
          <line num="10" count="2" type="stmt"/>
          <line num="12" count="2" type="stmt"/>
          <line num="13" count="2" type="stmt"/>
          <line num="15" count="2" type="cond" truecount="3" falsecount="1"/>
          <line num="16" count="0" type="stmt"/>
          <line num="18" count="2" type="cond" truecount="3" falsecount="1"/>
          <line num="19" count="0" type="stmt"/>
          <line num="23" count="2" type="stmt"/>
          <line num="25" count="2" type="stmt"/>
          <line num="26" count="2" type="stmt"/>
          <line num="28" count="2" type="stmt"/>
          <line num="41" count="0" type="stmt"/>
          <line num="42" count="0" type="stmt"/>
          <line num="43" count="0" type="stmt"/>
          <line num="48" count="0" type="cond" truecount="0" falsecount="4"/>
          <line num="49" count="0" type="stmt"/>
          <line num="50" count="0" type="stmt"/>
          <line num="51" count="0" type="stmt"/>
          <line num="56" count="0" type="stmt"/>
          <line num="57" count="0" type="stmt"/>
          <line num="58" count="0" type="stmt"/>
          <line num="63" count="2" type="stmt"/>
          <line num="64" count="2" type="cond" truecount="2" falsecount="0"/>
          <line num="65" count="1" type="stmt"/>
          <line num="67" count="2" type="stmt"/>
          <line num="70" count="2" type="stmt"/>
          <line num="71" count="2" type="cond" truecount="1" falsecount="1"/>
          <line num="72" count="0" type="stmt"/>
          <line num="74" count="2" type="stmt"/>
          <line num="76" count="2" type="stmt"/>
          <line num="80" count="0" type="stmt"/>
          <line num="96" count="2" type="stmt"/>
          <line num="102" count="2" type="stmt"/>
        </file>
        <file name="PictureList.js" path="C:\Users\juuso_j0pbwen\OneDrive\Asiakirjat\Opiskelu\eksy\EKSY\App\Components\PictureList.js">
          <metrics statements="7" coveredstatements="7" conditionals="0" coveredconditionals="0" methods="4" coveredmethods="3"/>
          <line num="9" count="1" type="stmt"/>
          <line num="11" count="1" type="stmt"/>
          <line num="12" count="1" type="stmt"/>
          <line num="19" count="1" type="stmt"/>
          <line num="23" count="1" type="stmt"/>
          <line num="29" count="1" type="stmt"/>
          <line num="35" count="1" type="stmt"/>
        </file>
      </package>
      <package name="App.Components.Common">
        <metrics statements="29" coveredstatements="26" conditionals="2" coveredconditionals="2" methods="11" coveredmethods="8"/>
        <file name="Button.js" path="C:\Users\juuso_j0pbwen\OneDrive\Asiakirjat\Opiskelu\eksy\EKSY\App\Components\Common\Button.js">
          <metrics statements="3" coveredstatements="3" conditionals="0" coveredconditionals="0" methods="1" coveredmethods="1"/>
          <line num="8" count="1" type="stmt"/>
          <line num="18" count="6" type="stmt"/>
          <line num="24" count="6" type="stmt"/>
        </file>
        <file name="Card.js" path="C:\Users\juuso_j0pbwen\OneDrive\Asiakirjat\Opiskelu\eksy\EKSY\App\Components\Common\Card.js">
          <metrics statements="3" coveredstatements="2" conditionals="0" coveredconditionals="0" methods="1" coveredmethods="0"/>
          <line num="8" count="6" type="stmt"/>
          <line num="9" count="0" type="stmt"/>
          <line num="15" count="6" type="stmt"/>
        </file>
        <file name="CardSection.js" path="C:\Users\juuso_j0pbwen\OneDrive\Asiakirjat\Opiskelu\eksy\EKSY\App\Components\Common\CardSection.js">
          <metrics statements="3" coveredstatements="2" conditionals="0" coveredconditionals="0" methods="1" coveredmethods="0"/>
          <line num="8" count="6" type="stmt"/>
          <line num="9" count="0" type="stmt"/>
          <line num="15" count="6" type="stmt"/>
        </file>
        <file name="Divider.js" path="C:\Users\juuso_j0pbwen\OneDrive\Asiakirjat\Opiskelu\eksy\EKSY\App\Components\Common\Divider.js">
          <metrics statements="2" coveredstatements="2" conditionals="0" coveredconditionals="0" methods="1" coveredmethods="1"/>
          <line num="9" count="1" type="stmt"/>
          <line num="16" count="6" type="stmt"/>
        </file>
        <file name="Header.js" path="C:\Users\juuso_j0pbwen\OneDrive\Asiakirjat\Opiskelu\eksy\EKSY\App\Components\Common\Header.js">
          <metrics statements="6" coveredstatements="6" conditionals="2" coveredconditionals="2" methods="1" coveredmethods="1"/>
          <line num="12" count="2" type="stmt"/>
          <line num="13" count="2" type="cond" truecount="2" falsecount="0"/>
          <line num="14" count="1" type="stmt"/>
          <line num="17" count="2" type="stmt"/>
          <line num="27" count="6" type="stmt"/>
          <line num="33" count="6" type="stmt"/>
        </file>
        <file name="Input.js" path="C:\Users\juuso_j0pbwen\OneDrive\Asiakirjat\Opiskelu\eksy\EKSY\App\Components\Common\Input.js">
          <metrics statements="3" coveredstatements="3" conditionals="0" coveredconditionals="0" methods="1" coveredmethods="1"/>
          <line num="10" count="6" type="stmt"/>
          <line num="11" count="1" type="stmt"/>
          <line num="30" count="6" type="stmt"/>
        </file>
        <file name="Label.js" path="C:\Users\juuso_j0pbwen\OneDrive\Asiakirjat\Opiskelu\eksy\EKSY\App\Components\Common\Label.js">
          <metrics statements="2" coveredstatements="2" conditionals="0" coveredconditionals="0" methods="1" coveredmethods="1"/>
          <line num="7" count="2" type="stmt"/>
          <line num="13" count="6" type="stmt"/>
        </file>
        <file name="TextArea.js" path="C:\Users\juuso_j0pbwen\OneDrive\Asiakirjat\Opiskelu\eksy\EKSY\App\Components\Common\TextArea.js">
          <metrics statements="2" coveredstatements="2" conditionals="0" coveredconditionals="0" methods="1" coveredmethods="1"/>
          <line num="8" count="1" type="stmt"/>
          <line num="15" count="6" type="stmt"/>
        </file>
        <file name="TextInputArea.js" path="C:\Users\juuso_j0pbwen\OneDrive\Asiakirjat\Opiskelu\eksy\EKSY\App\Components\Common\TextInputArea.js">
          <metrics statements="5" coveredstatements="4" conditionals="0" coveredconditionals="0" methods="3" coveredmethods="2"/>
          <line num="13" count="1" type="stmt"/>
          <line num="15" count="1" type="stmt"/>
          <line num="19" count="1" type="stmt"/>
          <line num="33" count="0" type="stmt"/>
          <line num="44" count="6" type="stmt"/>
        </file>
        <file name="index.js" path="C:\Users\juuso_j0pbwen\OneDrive\Asiakirjat\Opiskelu\eksy\EKSY\App\Components\Common\index.js">
          <metrics statements="0" coveredstatements="0" conditionals="0" coveredconditionals="0" methods="0" coveredmethods="0"/>
        </file>
      </package>
      <package name="App.Theme">
        <metrics statements="7" coveredstatements="7" conditionals="0" coveredconditionals="0" methods="0" coveredmethods="0"/>
        <file name="Colors.js" path="C:\Users\juuso_j0pbwen\OneDrive\Asiakirjat\Opiskelu\eksy\EKSY\App\Theme\Colors.js">
          <metrics statements="7" coveredstatements="7" conditionals="0" coveredconditionals="0" methods="0" coveredmethods="0"/>
          <line num="1" count="7" type="stmt"/>
          <line num="2" count="7" type="stmt"/>
          <line num="3" count="7" type="stmt"/>
          <line num="4" count="7" type="stmt"/>
          <line num="5" count="7" type="stmt"/>
          <line num="6" count="7" type="stmt"/>
          <line num="7" count="7" type="stmt"/>
        </file>
        <file name="index.js" path="C:\Users\juuso_j0pbwen\OneDrive\Asiakirjat\Opiskelu\eksy\EKSY\App\Theme\index.js">
          <metrics statements="0" coveredstatements="0" conditionals="0" coveredconditionals="0" methods="0" coveredmethods="0"/>
        </file>
      </package>
      <package name="jest">
        <metrics statements="2" coveredstatements="2" conditionals="0" coveredconditionals="0" methods="1" coveredmethods="1"/>
        <file name="setup.js" path="C:\Users\juuso_j0pbwen\OneDrive\Asiakirjat\Opiskelu\eksy\EKSY\jest\setup.js">
          <metrics statements="2" coveredstatements="2" conditionals="0" coveredconditionals="0" methods="1" coveredmethods="1"/>
          <line num="1" count="10" type="stmt"/>
          <line num="2" count="6" type="stmt"/>
        </file>
      </package>
    </metrics>
  </project>
</coverage>
