<?xml version="1.0" encoding="UTF-8"?>
<coverage generated="1497875884922" clover="3.2.0">
  <project timestamp="1497875884923" name="All files">
    <metrics statements="304" coveredstatements="210" conditionals="49" coveredconditionals="25" methods="132" coveredmethods="75" elements="485" coveredelements="310" complexity="0" loc="304" ncloc="304" packages="14" files="49" classes="49">
      <package name="EKSY">
        <metrics statements="2" coveredstatements="2" conditionals="0" coveredconditionals="0" methods="2" coveredmethods="0"/>
        <file name="index.android.js" path="/home/mlyra/projektit/eksy/EKSY/index.android.js">
          <metrics statements="1" coveredstatements="1" conditionals="0" coveredconditionals="0" methods="1" coveredmethods="0"/>
          <line num="4" count="1" type="stmt"/>
        </file>
        <file name="index.ios.js" path="/home/mlyra/projektit/eksy/EKSY/index.ios.js">
          <metrics statements="1" coveredstatements="1" conditionals="0" coveredconditionals="0" methods="1" coveredmethods="0"/>
          <line num="4" count="1" type="stmt"/>
        </file>
      </package>
      <package name="EKSY.App.Actions">
        <metrics statements="23" coveredstatements="22" conditionals="0" coveredconditionals="0" methods="7" coveredmethods="6"/>
        <file name="MapActions.js" path="/home/mlyra/projektit/eksy/EKSY/App/Actions/MapActions.js">
          <metrics statements="8" coveredstatements="7" conditionals="0" coveredconditionals="0" methods="4" coveredmethods="3"/>
          <line num="4" count="11" type="stmt"/>
          <line num="5" count="1" type="stmt"/>
          <line num="11" count="11" type="stmt"/>
          <line num="12" count="1" type="stmt"/>
          <line num="18" count="11" type="stmt"/>
          <line num="19" count="1" type="stmt"/>
          <line num="25" count="11" type="stmt"/>
          <line num="26" count="0" type="stmt"/>
        </file>
        <file name="Types.js" path="/home/mlyra/projektit/eksy/EKSY/App/Actions/Types.js">
          <metrics statements="9" coveredstatements="9" conditionals="0" coveredconditionals="0" methods="0" coveredmethods="0"/>
          <line num="1" count="12" type="stmt"/>
          <line num="2" count="12" type="stmt"/>
          <line num="4" count="12" type="stmt"/>
          <line num="5" count="12" type="stmt"/>
          <line num="6" count="12" type="stmt"/>
          <line num="8" count="12" type="stmt"/>
          <line num="9" count="12" type="stmt"/>
          <line num="10" count="12" type="stmt"/>
          <line num="12" count="12" type="stmt"/>
        </file>
        <file name="UiActions.js" path="/home/mlyra/projektit/eksy/EKSY/App/Actions/UiActions.js">
          <metrics statements="6" coveredstatements="6" conditionals="0" coveredconditionals="0" methods="3" coveredmethods="3"/>
          <line num="3" count="11" type="stmt"/>
          <line num="4" count="1" type="stmt"/>
          <line num="9" count="11" type="stmt"/>
          <line num="10" count="1" type="stmt"/>
          <line num="15" count="11" type="stmt"/>
          <line num="16" count="1" type="stmt"/>
        </file>
        <file name="index.js" path="/home/mlyra/projektit/eksy/EKSY/App/Actions/index.js">
          <metrics statements="0" coveredstatements="0" conditionals="0" coveredconditionals="0" methods="0" coveredmethods="0"/>
        </file>
      </package>
      <package name="EKSY.App.Components">
        <metrics statements="74" coveredstatements="57" conditionals="18" coveredconditionals="12" methods="26" coveredmethods="18"/>
        <file name="Button.js" path="/home/mlyra/projektit/eksy/EKSY/App/Components/Button.js">
          <metrics statements="3" coveredstatements="3" conditionals="0" coveredconditionals="0" methods="1" coveredmethods="1"/>
          <line num="8" count="8" type="stmt"/>
          <line num="18" count="7" type="stmt"/>
          <line num="24" count="7" type="stmt"/>
        </file>
        <file name="Divider.js" path="/home/mlyra/projektit/eksy/EKSY/App/Components/Divider.js">
          <metrics statements="2" coveredstatements="2" conditionals="0" coveredconditionals="0" methods="1" coveredmethods="1"/>
          <line num="9" count="2" type="stmt"/>
          <line num="16" count="5" type="stmt"/>
        </file>
        <file name="Header.js" path="/home/mlyra/projektit/eksy/EKSY/App/Components/Header.js">
          <metrics statements="6" coveredstatements="6" conditionals="2" coveredconditionals="2" methods="1" coveredmethods="1"/>
          <line num="12" count="5" type="stmt"/>
          <line num="13" count="5" type="cond" truecount="2" falsecount="0"/>
          <line num="14" count="4" type="stmt"/>
          <line num="17" count="5" type="stmt"/>
          <line num="27" count="7" type="stmt"/>
          <line num="33" count="7" type="stmt"/>
        </file>
        <file name="Input.js" path="/home/mlyra/projektit/eksy/EKSY/App/Components/Input.js">
          <metrics statements="3" coveredstatements="3" conditionals="0" coveredconditionals="0" methods="1" coveredmethods="1"/>
          <line num="10" count="6" type="stmt"/>
          <line num="11" count="5" type="stmt"/>
          <line num="30" count="6" type="stmt"/>
        </file>
        <file name="Label.js" path="/home/mlyra/projektit/eksy/EKSY/App/Components/Label.js">
          <metrics statements="2" coveredstatements="2" conditionals="0" coveredconditionals="0" methods="1" coveredmethods="1"/>
          <line num="7" count="7" type="stmt"/>
          <line num="13" count="7" type="stmt"/>
        </file>
        <file name="MenuBackButton.js" path="/home/mlyra/projektit/eksy/EKSY/App/Components/MenuBackButton.js">
          <metrics statements="3" coveredstatements="3" conditionals="0" coveredconditionals="0" methods="2" coveredmethods="2"/>
          <line num="9" count="6" type="stmt"/>
          <line num="10" count="1" type="stmt"/>
          <line num="15" count="8" type="stmt"/>
        </file>
        <file name="MenuButton.js" path="/home/mlyra/projektit/eksy/EKSY/App/Components/MenuButton.js">
          <metrics statements="2" coveredstatements="2" conditionals="0" coveredconditionals="0" methods="1" coveredmethods="1"/>
          <line num="11" count="3" type="stmt"/>
          <line num="17" count="8" type="stmt"/>
        </file>
        <file name="Picture.js" path="/home/mlyra/projektit/eksy/EKSY/App/Components/Picture.js">
          <metrics statements="33" coveredstatements="20" conditionals="16" coveredconditionals="10" methods="6" coveredmethods="2"/>
          <line num="10" count="3" type="stmt"/>
          <line num="12" count="3" type="stmt"/>
          <line num="13" count="3" type="stmt"/>
          <line num="15" count="3" type="cond" truecount="4" falsecount="0"/>
          <line num="16" count="1" type="stmt"/>
          <line num="18" count="3" type="cond" truecount="3" falsecount="1"/>
          <line num="19" count="0" type="stmt"/>
          <line num="23" count="3" type="stmt"/>
          <line num="25" count="3" type="stmt"/>
          <line num="26" count="3" type="stmt"/>
          <line num="28" count="3" type="stmt"/>
          <line num="41" count="0" type="stmt"/>
          <line num="42" count="0" type="stmt"/>
          <line num="43" count="0" type="stmt"/>
          <line num="48" count="0" type="cond" truecount="0" falsecount="4"/>
          <line num="49" count="0" type="stmt"/>
          <line num="50" count="0" type="stmt"/>
          <line num="51" count="0" type="stmt"/>
          <line num="56" count="0" type="stmt"/>
          <line num="57" count="0" type="stmt"/>
          <line num="58" count="0" type="stmt"/>
          <line num="63" count="3" type="stmt"/>
          <line num="64" count="3" type="cond" truecount="2" falsecount="0"/>
          <line num="65" count="2" type="stmt"/>
          <line num="67" count="3" type="stmt"/>
          <line num="70" count="3" type="stmt"/>
          <line num="71" count="3" type="cond" truecount="1" falsecount="1"/>
          <line num="72" count="0" type="stmt"/>
          <line num="74" count="3" type="stmt"/>
          <line num="76" count="3" type="stmt"/>
          <line num="80" count="0" type="stmt"/>
          <line num="96" count="6" type="stmt"/>
          <line num="102" count="6" type="stmt"/>
        </file>
        <file name="PictureList.js" path="/home/mlyra/projektit/eksy/EKSY/App/Components/PictureList.js">
          <metrics statements="7" coveredstatements="7" conditionals="0" coveredconditionals="0" methods="4" coveredmethods="3"/>
          <line num="9" count="2" type="stmt"/>
          <line num="11" count="2" type="stmt"/>
          <line num="12" count="2" type="stmt"/>
          <line num="19" count="2" type="stmt"/>
          <line num="23" count="2" type="stmt"/>
          <line num="29" count="5" type="stmt"/>
          <line num="35" count="5" type="stmt"/>
        </file>
        <file name="PointSelector.js" path="/home/mlyra/projektit/eksy/EKSY/App/Components/PointSelector.js">
          <metrics statements="6" coveredstatements="3" conditionals="0" coveredconditionals="0" methods="4" coveredmethods="2"/>
          <line num="8" count="2" type="stmt"/>
          <line num="10" count="2" type="stmt"/>
          <line num="20" count="0" type="stmt"/>
          <line num="21" count="0" type="stmt"/>
          <line num="25" count="2" type="stmt"/>
          <line num="29" count="0" type="stmt"/>
        </file>
        <file name="TextArea.js" path="/home/mlyra/projektit/eksy/EKSY/App/Components/TextArea.js">
          <metrics statements="2" coveredstatements="2" conditionals="0" coveredconditionals="0" methods="1" coveredmethods="1"/>
          <line num="8" count="2" type="stmt"/>
          <line num="15" count="5" type="stmt"/>
        </file>
        <file name="TextInputArea.js" path="/home/mlyra/projektit/eksy/EKSY/App/Components/TextInputArea.js">
          <metrics statements="5" coveredstatements="4" conditionals="0" coveredconditionals="0" methods="3" coveredmethods="2"/>
          <line num="13" count="2" type="stmt"/>
          <line num="15" count="2" type="stmt"/>
          <line num="19" count="2" type="stmt"/>
          <line num="33" count="0" type="stmt"/>
          <line num="44" count="5" type="stmt"/>
        </file>
      </package>
      <package name="EKSY.App.Containers">
        <metrics statements="78" coveredstatements="55" conditionals="2" coveredconditionals="1" methods="44" coveredmethods="26"/>
        <file name="AddMarker.js" path="/home/mlyra/projektit/eksy/EKSY/App/Containers/AddMarker.js">
          <metrics statements="27" coveredstatements="22" conditionals="0" coveredconditionals="0" methods="19" coveredmethods="12"/>
          <line num="18" count="7" type="stmt"/>
          <line num="20" count="7" type="stmt"/>
          <line num="22" count="7" type="stmt"/>
          <line num="30" count="7" type="stmt"/>
          <line num="34" count="5" type="stmt"/>
          <line num="41" count="5" type="stmt"/>
          <line num="42" count="5" type="stmt"/>
          <line num="43" count="5" type="stmt"/>
          <line num="44" count="5" type="stmt"/>
          <line num="48" count="1" type="stmt"/>
          <line num="52" count="1" type="stmt"/>
          <line num="56" count="1" type="stmt"/>
          <line num="57" count="1" type="stmt"/>
          <line num="61" count="15" type="stmt"/>
          <line num="67" count="0" type="stmt"/>
          <line num="72" count="2" type="stmt"/>
          <line num="73" count="2" type="stmt"/>
          <line num="74" count="1" type="stmt"/>
          <line num="76" count="1" type="stmt"/>
          <line num="84" count="5" type="stmt"/>
          <line num="100" count="4" type="stmt"/>
          <line num="131" count="4" type="stmt"/>
          <line num="132" count="0" type="stmt"/>
          <line num="137" count="4" type="stmt"/>
          <line num="138" count="0" type="stmt"/>
          <line num="140" count="0" type="stmt"/>
          <line num="143" count="0" type="stmt"/>
        </file>
        <file name="LoginScreen.js" path="/home/mlyra/projektit/eksy/EKSY/App/Containers/LoginScreen.js">
          <metrics statements="26" coveredstatements="14" conditionals="0" coveredconditionals="0" methods="11" coveredmethods="5"/>
          <line num="29" count="4" type="stmt"/>
          <line num="31" count="4" type="stmt"/>
          <line num="37" count="4" type="stmt"/>
          <line num="41" count="0" type="stmt"/>
          <line num="43" count="0" type="stmt"/>
          <line num="44" count="0" type="stmt"/>
          <line num="46" count="0" type="stmt"/>
          <line num="50" count="0" type="stmt"/>
          <line num="52" count="0" type="stmt"/>
          <line num="59" count="1" type="stmt"/>
          <line num="61" count="1" type="stmt"/>
          <line num="62" count="1" type="stmt"/>
          <line num="64" count="1" type="stmt"/>
          <line num="68" count="1" type="stmt"/>
          <line num="70" count="0" type="stmt"/>
          <line num="77" count="5" type="stmt"/>
          <line num="84" count="0" type="stmt"/>
          <line num="92" count="0" type="stmt"/>
          <line num="98" count="1" type="stmt"/>
          <line num="101" count="1" type="stmt"/>
          <line num="113" count="4" type="stmt"/>
          <line num="136" count="4" type="stmt"/>
          <line num="137" count="0" type="stmt"/>
          <line num="140" count="4" type="stmt"/>
          <line num="141" count="0" type="stmt"/>
          <line num="142" count="0" type="stmt"/>
        </file>
        <file name="Main.js" path="/home/mlyra/projektit/eksy/EKSY/App/Containers/Main.js">
          <metrics statements="3" coveredstatements="3" conditionals="0" coveredconditionals="0" methods="2" coveredmethods="2"/>
          <line num="10" count="1" type="stmt"/>
          <line num="11" count="1" type="stmt"/>
          <line num="15" count="1" type="stmt"/>
        </file>
        <file name="MapView.js" path="/home/mlyra/projektit/eksy/EKSY/App/Containers/MapView.js">
          <metrics statements="13" coveredstatements="10" conditionals="0" coveredconditionals="0" methods="8" coveredmethods="5"/>
          <line num="16" count="2" type="stmt"/>
          <line num="18" count="2" type="stmt"/>
          <line num="26" count="2" type="stmt"/>
          <line num="27" count="2" type="stmt"/>
          <line num="29" count="2" type="stmt"/>
          <line num="34" count="2" type="stmt"/>
          <line num="37" count="0" type="stmt"/>
          <line num="43" count="4" type="stmt"/>
          <line num="44" count="1" type="stmt"/>
          <line num="49" count="4" type="stmt"/>
          <line num="50" count="1" type="stmt"/>
          <line num="51" count="0" type="stmt"/>
          <line num="52" count="0" type="stmt"/>
        </file>
        <file name="MarkerView.js" path="/home/mlyra/projektit/eksy/EKSY/App/Containers/MarkerView.js">
          <metrics statements="9" coveredstatements="6" conditionals="2" coveredconditionals="1" methods="4" coveredmethods="2"/>
          <line num="15" count="1" type="cond" truecount="1" falsecount="1"/>
          <line num="16" count="1" type="stmt"/>
          <line num="24" count="0" type="stmt"/>
          <line num="29" count="1" type="stmt"/>
          <line num="48" count="4" type="stmt"/>
          <line num="64" count="4" type="stmt"/>
          <line num="65" count="0" type="stmt"/>
          <line num="70" count="4" type="stmt"/>
          <line num="71" count="0" type="stmt"/>
        </file>
      </package>
      <package name="EKSY.App.Containers.Styles">
        <metrics statements="0" coveredstatements="0" conditionals="0" coveredconditionals="0" methods="0" coveredmethods="0"/>
        <file name="MapViewStyles.js" path="/home/mlyra/projektit/eksy/EKSY/App/Containers/Styles/MapViewStyles.js">
          <metrics statements="0" coveredstatements="0" conditionals="0" coveredconditionals="0" methods="0" coveredmethods="0"/>
        </file>
      </package>
      <package name="EKSY.App.Map">
        <metrics statements="52" coveredstatements="28" conditionals="8" coveredconditionals="2" methods="28" coveredmethods="10"/>
        <file name="Callout.js" path="/home/mlyra/projektit/eksy/EKSY/App/Map/Callout.js">
          <metrics statements="2" coveredstatements="1" conditionals="0" coveredconditionals="0" methods="1" coveredmethods="0"/>
          <line num="12" count="0" type="stmt"/>
          <line num="32" count="7" type="stmt"/>
        </file>
        <file name="Map.js" path="/home/mlyra/projektit/eksy/EKSY/App/Map/Map.js">
          <metrics statements="12" coveredstatements="9" conditionals="0" coveredconditionals="0" methods="9" coveredmethods="5"/>
          <line num="21" count="2" type="stmt"/>
          <line num="22" count="2" type="stmt"/>
          <line num="23" count="2" type="stmt"/>
          <line num="24" count="2" type="stmt"/>
          <line num="25" count="2" type="stmt"/>
          <line num="39" count="0" type="stmt"/>
          <line num="43" count="0" type="stmt"/>
          <line num="47" count="2" type="stmt"/>
          <line num="51" count="2" type="stmt"/>
          <line num="53" count="2" type="stmt"/>
          <line num="56" count="0" type="stmt"/>
          <line num="66" count="2" type="stmt"/>
        </file>
        <file name="MapManager.js" path="/home/mlyra/projektit/eksy/EKSY/App/Map/MapManager.js">
          <metrics statements="31" coveredstatements="17" conditionals="8" coveredconditionals="2" methods="13" coveredmethods="5"/>
          <line num="6" count="7" type="stmt"/>
          <line num="7" count="7" type="stmt"/>
          <line num="12" count="11" type="cond" truecount="2" falsecount="0"/>
          <line num="13" count="4" type="stmt"/>
          <line num="14" count="4" type="stmt"/>
          <line num="15" count="4" type="stmt"/>
          <line num="16" count="4" type="stmt"/>
          <line num="17" count="4" type="stmt"/>
          <line num="18" count="4" type="stmt"/>
          <line num="19" count="4" type="stmt"/>
          <line num="21" count="11" type="stmt"/>
          <line num="25" count="7" type="stmt"/>
          <line num="26" count="7" type="stmt"/>
          <line num="30" count="0" type="stmt"/>
          <line num="31" count="0" type="stmt"/>
          <line num="35" count="0" type="cond" truecount="0" falsecount="2"/>
          <line num="36" count="0" type="stmt"/>
          <line num="41" count="0" type="stmt"/>
          <line num="43" count="0" type="stmt"/>
          <line num="44" count="0" type="stmt"/>
          <line num="46" count="0" type="stmt"/>
          <line num="52" count="6" type="stmt"/>
          <line num="53" count="6" type="stmt"/>
          <line num="57" count="10" type="stmt"/>
          <line num="61" count="2" type="stmt"/>
          <line num="65" count="0" type="cond" truecount="0" falsecount="4"/>
          <line num="66" count="0" type="stmt"/>
          <line num="67" count="0" type="stmt"/>
          <line num="69" count="0" type="stmt"/>
          <line num="74" count="0" type="stmt"/>
          <line num="78" count="0" type="stmt"/>
        </file>
        <file name="Marker.js" path="/home/mlyra/projektit/eksy/EKSY/App/Map/Marker.js">
          <metrics statements="7" coveredstatements="1" conditionals="0" coveredconditionals="0" methods="5" coveredmethods="0"/>
          <line num="13" count="0" type="stmt"/>
          <line num="17" count="0" type="stmt"/>
          <line num="28" count="0" type="stmt"/>
          <line num="29" count="0" type="stmt"/>
          <line num="33" count="0" type="stmt"/>
          <line num="37" count="0" type="stmt"/>
          <line num="55" count="7" type="stmt"/>
        </file>
      </package>
      <package name="EKSY.App.Map.Styles">
        <metrics statements="0" coveredstatements="0" conditionals="0" coveredconditionals="0" methods="0" coveredmethods="0"/>
        <file name="MapStyles.js" path="/home/mlyra/projektit/eksy/EKSY/App/Map/Styles/MapStyles.js">
          <metrics statements="0" coveredstatements="0" conditionals="0" coveredconditionals="0" methods="0" coveredmethods="0"/>
        </file>
      </package>
      <package name="EKSY.App.Navigation">
        <metrics statements="23" coveredstatements="15" conditionals="2" coveredconditionals="0" methods="13" coveredmethods="8"/>
        <file name="NavigationDrawer.js" path="/home/mlyra/projektit/eksy/EKSY/App/Navigation/NavigationDrawer.js">
          <metrics statements="8" coveredstatements="6" conditionals="2" coveredconditionals="0" methods="5" coveredmethods="3"/>
          <line num="11" count="1" type="stmt"/>
          <line num="12" count="1" type="stmt"/>
          <line num="16" count="0" type="cond" truecount="0" falsecount="2"/>
          <line num="25" count="3" type="stmt"/>
          <line num="26" count="1" type="stmt"/>
          <line num="31" count="3" type="stmt"/>
          <line num="32" count="1" type="stmt"/>
          <line num="34" count="0" type="stmt"/>
        </file>
        <file name="NavigationRouter.js" path="/home/mlyra/projektit/eksy/EKSY/App/Navigation/NavigationRouter.js">
          <metrics statements="2" coveredstatements="2" conditionals="0" coveredconditionals="0" methods="1" coveredmethods="1"/>
          <line num="10" count="3" type="stmt"/>
          <line num="24" count="1" type="stmt"/>
        </file>
        <file name="SideBar.js" path="/home/mlyra/projektit/eksy/EKSY/App/Navigation/SideBar.js">
          <metrics statements="12" coveredstatements="6" conditionals="0" coveredconditionals="0" methods="6" coveredmethods="3"/>
          <line num="13" count="4" type="stmt"/>
          <line num="34" count="4" type="stmt"/>
          <line num="50" count="4" type="stmt"/>
          <line num="51" count="1" type="stmt"/>
          <line num="56" count="4" type="stmt"/>
          <line num="57" count="1" type="stmt"/>
          <line num="59" count="0" type="stmt"/>
          <line num="60" count="0" type="stmt"/>
          <line num="63" count="0" type="stmt"/>
          <line num="64" count="0" type="stmt"/>
          <line num="67" count="0" type="stmt"/>
          <line num="68" count="0" type="stmt"/>
        </file>
        <file name="SideBarLogo.js" path="/home/mlyra/projektit/eksy/EKSY/App/Navigation/SideBarLogo.js">
          <metrics statements="1" coveredstatements="1" conditionals="0" coveredconditionals="0" methods="1" coveredmethods="1"/>
          <line num="8" count="1" type="stmt"/>
        </file>
      </package>
      <package name="EKSY.App.Navigation.Styles">
        <metrics statements="0" coveredstatements="0" conditionals="0" coveredconditionals="0" methods="0" coveredmethods="0"/>
        <file name="SideBarStyles.js" path="/home/mlyra/projektit/eksy/EKSY/App/Navigation/Styles/SideBarStyles.js">
          <metrics statements="0" coveredstatements="0" conditionals="0" coveredconditionals="0" methods="0" coveredmethods="0"/>
        </file>
      </package>
      <package name="EKSY.App.Reducers">
        <metrics statements="23" coveredstatements="14" conditionals="19" coveredconditionals="10" methods="5" coveredmethods="5"/>
        <file name="AuthReducer.js" path="/home/mlyra/projektit/eksy/EKSY/App/Reducers/AuthReducer.js">
          <metrics statements="4" coveredstatements="2" conditionals="4" coveredconditionals="2" methods="1" coveredmethods="1"/>
          <line num="4" count="21" type="cond" truecount="1" falsecount="2"/>
          <line num="6" count="0" type="stmt"/>
          <line num="8" count="0" type="stmt"/>
          <line num="10" count="21" type="stmt"/>
        </file>
        <file name="CurrentRegionReducer.js" path="/home/mlyra/projektit/eksy/EKSY/App/Reducers/CurrentRegionReducer.js">
          <metrics statements="4" coveredstatements="3" conditionals="3" coveredconditionals="2" methods="1" coveredmethods="1"/>
          <line num="3" count="7" type="stmt"/>
          <line num="11" count="35" type="cond" truecount="1" falsecount="1"/>
          <line num="13" count="0" type="stmt"/>
          <line num="21" count="35" type="stmt"/>
        </file>
        <file name="DrawerReducer.js" path="/home/mlyra/projektit/eksy/EKSY/App/Reducers/DrawerReducer.js">
          <metrics statements="6" coveredstatements="3" conditionals="5" coveredconditionals="2" methods="1" coveredmethods="1"/>
          <line num="3" count="7" type="stmt"/>
          <line num="8" count="35" type="cond" truecount="1" falsecount="3"/>
          <line num="10" count="0" type="stmt"/>
          <line num="12" count="0" type="stmt"/>
          <line num="14" count="0" type="stmt"/>
          <line num="16" count="35" type="stmt"/>
        </file>
        <file name="LocationReducer.js" path="/home/mlyra/projektit/eksy/EKSY/App/Reducers/LocationReducer.js">
          <metrics statements="5" coveredstatements="3" conditionals="4" coveredconditionals="2" methods="1" coveredmethods="1"/>
          <line num="3" count="7" type="stmt"/>
          <line num="10" count="35" type="cond" truecount="1" falsecount="2"/>
          <line num="12" count="0" type="stmt"/>
          <line num="18" count="0" type="stmt"/>
          <line num="23" count="35" type="stmt"/>
        </file>
        <file name="MapReducer.js" path="/home/mlyra/projektit/eksy/EKSY/App/Reducers/MapReducer.js">
          <metrics statements="0" coveredstatements="0" conditionals="0" coveredconditionals="0" methods="0" coveredmethods="0"/>
        </file>
        <file name="SelectedMarkerReducer.js" path="/home/mlyra/projektit/eksy/EKSY/App/Reducers/SelectedMarkerReducer.js">
          <metrics statements="4" coveredstatements="3" conditionals="3" coveredconditionals="2" methods="1" coveredmethods="1"/>
          <line num="3" count="7" type="stmt"/>
          <line num="15" count="35" type="cond" truecount="1" falsecount="1"/>
          <line num="17" count="0" type="stmt"/>
          <line num="22" count="35" type="stmt"/>
        </file>
        <file name="UiReducer.js" path="/home/mlyra/projektit/eksy/EKSY/App/Reducers/UiReducer.js">
          <metrics statements="0" coveredstatements="0" conditionals="0" coveredconditionals="0" methods="0" coveredmethods="0"/>
        </file>
        <file name="index.js" path="/home/mlyra/projektit/eksy/EKSY/App/Reducers/index.js">
          <metrics statements="0" coveredstatements="0" conditionals="0" coveredconditionals="0" methods="0" coveredmethods="0"/>
        </file>
      </package>
      <package name="EKSY.App.Store">
        <metrics statements="2" coveredstatements="2" conditionals="0" coveredconditionals="0" methods="0" coveredmethods="0"/>
        <file name="index.js" path="/home/mlyra/projektit/eksy/EKSY/App/Store/index.js">
          <metrics statements="2" coveredstatements="2" conditionals="0" coveredconditionals="0" methods="0" coveredmethods="0"/>
          <line num="5" count="7" type="stmt"/>
          <line num="9" count="7" type="stmt"/>
        </file>
      </package>
      <package name="EKSY.App.Theme">
        <metrics statements="7" coveredstatements="7" conditionals="0" coveredconditionals="0" methods="0" coveredmethods="0"/>
        <file name="Colors.js" path="/home/mlyra/projektit/eksy/EKSY/App/Theme/Colors.js">
          <metrics statements="7" coveredstatements="7" conditionals="0" coveredconditionals="0" methods="0" coveredmethods="0"/>
          <line num="1" count="15" type="stmt"/>
          <line num="2" count="15" type="stmt"/>
          <line num="3" count="15" type="stmt"/>
          <line num="4" count="15" type="stmt"/>
          <line num="5" count="15" type="stmt"/>
          <line num="6" count="15" type="stmt"/>
          <line num="7" count="15" type="stmt"/>
        </file>
        <file name="index.js" path="/home/mlyra/projektit/eksy/EKSY/App/Theme/index.js">
          <metrics statements="0" coveredstatements="0" conditionals="0" coveredconditionals="0" methods="0" coveredmethods="0"/>
        </file>
      </package>
      <package name="EKSY._mocks_">
        <metrics statements="18" coveredstatements="6" conditionals="0" coveredconditionals="0" methods="6" coveredmethods="1"/>
        <file name="MapManagerMock.js" path="/home/mlyra/projektit/eksy/EKSY/_mocks_/MapManagerMock.js">
          <metrics statements="4" coveredstatements="4" conditionals="0" coveredconditionals="0" methods="1" coveredmethods="1"/>
          <line num="4" count="1" type="stmt"/>
          <line num="5" count="1" type="stmt"/>
          <line num="6" count="1" type="stmt"/>
          <line num="7" count="1" type="stmt"/>
        </file>
        <file name="MapViewMock.js" path="/home/mlyra/projektit/eksy/EKSY/_mocks_/MapViewMock.js">
          <metrics statements="11" coveredstatements="0" conditionals="0" coveredconditionals="0" methods="4" coveredmethods="0"/>
          <line num="4" count="0" type="stmt"/>
          <line num="5" count="0" type="stmt"/>
          <line num="9" count="0" type="stmt"/>
          <line num="15" count="0" type="stmt"/>
          <line num="21" count="0" type="stmt"/>
          <line num="25" count="0" type="stmt"/>
          <line num="26" count="0" type="stmt"/>
          <line num="27" count="0" type="stmt"/>
          <line num="28" count="0" type="stmt"/>
          <line num="29" count="0" type="stmt"/>
          <line num="30" count="0" type="stmt"/>
        </file>
        <file name="setup.js" path="/home/mlyra/projektit/eksy/EKSY/_mocks_/setup.js">
          <metrics statements="3" coveredstatements="2" conditionals="0" coveredconditionals="0" methods="1" coveredmethods="0"/>
          <line num="1" count="1" type="stmt"/>
          <line num="2" count="1" type="stmt"/>
          <line num="3" count="0" type="stmt"/>
        </file>
      </package>
      <package name="EKSY.jest">
        <metrics statements="2" coveredstatements="2" conditionals="0" coveredconditionals="0" methods="1" coveredmethods="1"/>
        <file name="setup.js" path="/home/mlyra/projektit/eksy/EKSY/jest/setup.js">
          <metrics statements="2" coveredstatements="2" conditionals="0" coveredconditionals="0" methods="1" coveredmethods="1"/>
          <line num="1" count="21" type="stmt"/>
          <line num="2" count="10" type="stmt"/>
        </file>
      </package>
    </metrics>
  </project>
</coverage>
