{"/home/mlyra/projektit/eksy/EKSY/index.android.js": {"path":"/home/mlyra/projektit/eksy/EKSY/index.android.js","statementMap":{"0":{"start":{"line":4,"column":0},"end":{"line":4,"column":50}},"1":{"start":{"line":4,"column":44},"end":{"line":4,"column":48}}},"fnMap":{"0":{"name":"(anonymous_0)","decl":{"start":{"line":4,"column":38},"end":{"line":4,"column":39}},"loc":{"start":{"line":4,"column":44},"end":{"line":4,"column":48}},"line":4}},"branchMap":{},"s":{"0":1,"1":0},"f":{"0":0},"b":{},"_coverageSchema":"332fd63041d2c1bcb487cc26dd0d5f7d97098a6c","hash":"99977f8a923e1f479221fbc3e67c9b38249d09a7"}
,"/home/mlyra/projektit/eksy/EKSY/index.ios.js": {"path":"/home/mlyra/projektit/eksy/EKSY/index.ios.js","statementMap":{"0":{"start":{"line":4,"column":0},"end":{"line":4,"column":50}},"1":{"start":{"line":4,"column":44},"end":{"line":4,"column":48}}},"fnMap":{"0":{"name":"(anonymous_0)","decl":{"start":{"line":4,"column":38},"end":{"line":4,"column":39}},"loc":{"start":{"line":4,"column":44},"end":{"line":4,"column":48}},"line":4}},"branchMap":{},"s":{"0":1,"1":0},"f":{"0":0},"b":{},"_coverageSchema":"332fd63041d2c1bcb487cc26dd0d5f7d97098a6c","hash":"7938d8d5d185050e84298ee778734068377008de"}
,"/home/mlyra/projektit/eksy/EKSY/App/Actions/MapActions.js": {"path":"/home/mlyra/projektit/eksy/EKSY/App/Actions/MapActions.js","statementMap":{"0":{"start":{"line":4,"column":28},"end":{"line":9,"column":1}},"1":{"start":{"line":5,"column":2},"end":{"line":8,"column":3}},"2":{"start":{"line":11,"column":30},"end":{"line":16,"column":1}},"3":{"start":{"line":12,"column":2},"end":{"line":15,"column":3}},"4":{"start":{"line":18,"column":29},"end":{"line":23,"column":1}},"5":{"start":{"line":19,"column":2},"end":{"line":22,"column":3}},"6":{"start":{"line":25,"column":33},"end":{"line":30,"column":1}},"7":{"start":{"line":26,"column":2},"end":{"line":29,"column":3}}},"fnMap":{"0":{"name":"(anonymous_0)","decl":{"start":{"line":4,"column":28},"end":{"line":4,"column":29}},"loc":{"start":{"line":4,"column":40},"end":{"line":9,"column":1}},"line":4},"1":{"name":"(anonymous_1)","decl":{"start":{"line":11,"column":30},"end":{"line":11,"column":31}},"loc":{"start":{"line":11,"column":44},"end":{"line":16,"column":1}},"line":11},"2":{"name":"(anonymous_2)","decl":{"start":{"line":18,"column":29},"end":{"line":18,"column":30}},"loc":{"start":{"line":18,"column":42},"end":{"line":23,"column":1}},"line":18},"3":{"name":"(anonymous_3)","decl":{"start":{"line":25,"column":33},"end":{"line":25,"column":34}},"loc":{"start":{"line":25,"column":45},"end":{"line":30,"column":1}},"line":25}},"branchMap":{},"s":{"0":11,"1":1,"2":11,"3":1,"4":11,"5":1,"6":11,"7":0},"f":{"0":1,"1":1,"2":1,"3":0},"b":{},"_coverageSchema":"332fd63041d2c1bcb487cc26dd0d5f7d97098a6c","hash":"25621c194610f1bec98b67c0a24f5d9ccaccbaa3"}
,"/home/mlyra/projektit/eksy/EKSY/App/Actions/Types.js": {"path":"/home/mlyra/projektit/eksy/EKSY/App/Actions/Types.js","statementMap":{"0":{"start":{"line":1,"column":29},"end":{"line":1,"column":44}},"1":{"start":{"line":2,"column":27},"end":{"line":2,"column":40}},"2":{"start":{"line":4,"column":27},"end":{"line":4,"column":40}},"3":{"start":{"line":5,"column":28},"end":{"line":5,"column":42}},"4":{"start":{"line":6,"column":29},"end":{"line":6,"column":44}},"5":{"start":{"line":8,"column":37},"end":{"line":8,"column":60}},"6":{"start":{"line":9,"column":39},"end":{"line":9,"column":64}},"7":{"start":{"line":10,"column":30},"end":{"line":10,"column":46}},"8":{"start":{"line":12,"column":31},"end":{"line":12,"column":48}}},"fnMap":{},"branchMap":{},"s":{"0":12,"1":12,"2":12,"3":12,"4":12,"5":12,"6":12,"7":12,"8":12},"f":{},"b":{},"_coverageSchema":"332fd63041d2c1bcb487cc26dd0d5f7d97098a6c","hash":"9deb70f713b745c5d771cee83281b81a96874762"}
,"/home/mlyra/projektit/eksy/EKSY/App/Actions/UiActions.js": {"path":"/home/mlyra/projektit/eksy/EKSY/App/Actions/UiActions.js","statementMap":{"0":{"start":{"line":3,"column":28},"end":{"line":7,"column":1}},"1":{"start":{"line":4,"column":2},"end":{"line":6,"column":3}},"2":{"start":{"line":9,"column":26},"end":{"line":13,"column":1}},"3":{"start":{"line":10,"column":2},"end":{"line":12,"column":3}},"4":{"start":{"line":15,"column":27},"end":{"line":19,"column":1}},"5":{"start":{"line":16,"column":2},"end":{"line":18,"column":3}}},"fnMap":{"0":{"name":"(anonymous_0)","decl":{"start":{"line":3,"column":28},"end":{"line":3,"column":29}},"loc":{"start":{"line":3,"column":34},"end":{"line":7,"column":1}},"line":3},"1":{"name":"(anonymous_1)","decl":{"start":{"line":9,"column":26},"end":{"line":9,"column":27}},"loc":{"start":{"line":9,"column":32},"end":{"line":13,"column":1}},"line":9},"2":{"name":"(anonymous_2)","decl":{"start":{"line":15,"column":27},"end":{"line":15,"column":28}},"loc":{"start":{"line":15,"column":33},"end":{"line":19,"column":1}},"line":15}},"branchMap":{},"s":{"0":11,"1":1,"2":11,"3":1,"4":11,"5":1},"f":{"0":1,"1":1,"2":1},"b":{},"_coverageSchema":"332fd63041d2c1bcb487cc26dd0d5f7d97098a6c","hash":"c080807986555b089c62977e02f27392f6c47b9e"}
,"/home/mlyra/projektit/eksy/EKSY/App/Actions/index.js": {"path":"/home/mlyra/projektit/eksy/EKSY/App/Actions/index.js","statementMap":{},"fnMap":{},"branchMap":{},"s":{},"f":{},"b":{},"_coverageSchema":"332fd63041d2c1bcb487cc26dd0d5f7d97098a6c","hash":"6f9f4c0e539efd26c374afc97b51fd10a3c6ef09"}
,"/home/mlyra/projektit/eksy/EKSY/App/Components/Button.js": {"path":"/home/mlyra/projektit/eksy/EKSY/App/Components/Button.js","statementMap":{"0":{"start":{"line":8,"column":4},"end":{"line":14,"column":5}},"1":{"start":{"line":18,"column":0},"end":{"line":21,"column":1}},"2":{"start":{"line":24,"column":15},"end":{"line":44,"column":1}}},"fnMap":{"0":{"name":"(anonymous_0)","decl":{"start":{"line":7,"column":2},"end":{"line":7,"column":3}},"loc":{"start":{"line":7,"column":11},"end":{"line":15,"column":3}},"line":7}},"branchMap":{},"s":{"0":8,"1":7,"2":7},"f":{"0":8},"b":{},"_coverageSchema":"332fd63041d2c1bcb487cc26dd0d5f7d97098a6c","hash":"df63e0354b16d39e93c07eaf25370df826261ffd"}
,"/home/mlyra/projektit/eksy/EKSY/App/Components/Divider.js": {"path":"/home/mlyra/projektit/eksy/EKSY/App/Components/Divider.js","statementMap":{"0":{"start":{"line":9,"column":2},"end":{"line":11,"column":3}},"1":{"start":{"line":16,"column":14},"end":{"line":24,"column":2}}},"fnMap":{"0":{"name":"(anonymous_0)","decl":{"start":{"line":8,"column":1},"end":{"line":8,"column":2}},"loc":{"start":{"line":8,"column":10},"end":{"line":12,"column":2}},"line":8}},"branchMap":{},"s":{"0":2,"1":5},"f":{"0":2},"b":{},"_coverageSchema":"332fd63041d2c1bcb487cc26dd0d5f7d97098a6c","hash":"c3bb4d194cbbd6204c6c022ddd396388516b9673"}
,"/home/mlyra/projektit/eksy/EKSY/App/Components/Header.js": {"path":"/home/mlyra/projektit/eksy/EKSY/App/Components/Header.js","statementMap":{"0":{"start":{"line":12,"column":15},"end":{"line":12,"column":65}},"1":{"start":{"line":13,"column":2},"end":{"line":15,"column":3}},"2":{"start":{"line":14,"column":3},"end":{"line":14,"column":30}},"3":{"start":{"line":17,"column":2},"end":{"line":22,"column":3}},"4":{"start":{"line":27,"column":0},"end":{"line":31,"column":1}},"5":{"start":{"line":33,"column":15},"end":{"line":40,"column":2}}},"fnMap":{"0":{"name":"(anonymous_0)","decl":{"start":{"line":11,"column":1},"end":{"line":11,"column":2}},"loc":{"start":{"line":11,"column":10},"end":{"line":23,"column":2}},"line":11}},"branchMap":{"0":{"loc":{"start":{"line":13,"column":2},"end":{"line":15,"column":3}},"type":"if","locations":[{"start":{"line":13,"column":2},"end":{"line":15,"column":3}},{"start":{"line":13,"column":2},"end":{"line":15,"column":3}}],"line":13}},"s":{"0":5,"1":5,"2":4,"3":5,"4":7,"5":7},"f":{"0":5},"b":{"0":[4,1]},"_coverageSchema":"332fd63041d2c1bcb487cc26dd0d5f7d97098a6c","hash":"3393d1003fb7ac2f5718dc0dfd4d5e8b1737d755"}
,"/home/mlyra/projektit/eksy/EKSY/App/Components/Input.js": {"path":"/home/mlyra/projektit/eksy/EKSY/App/Components/Input.js","statementMap":{"0":{"start":{"line":10,"column":14},"end":{"line":26,"column":1}},"1":{"start":{"line":11,"column":2},"end":{"line":25,"column":6}},"2":{"start":{"line":30,"column":15},"end":{"line":43,"column":2}}},"fnMap":{"0":{"name":"(anonymous_0)","decl":{"start":{"line":10,"column":14},"end":{"line":10,"column":15}},"loc":{"start":{"line":10,"column":78},"end":{"line":26,"column":1}},"line":10}},"branchMap":{},"s":{"0":6,"1":5,"2":6},"f":{"0":5},"b":{},"_coverageSchema":"332fd63041d2c1bcb487cc26dd0d5f7d97098a6c","hash":"9aeeb5649268081674f724e38892765e3b83eaba"}
,"/home/mlyra/projektit/eksy/EKSY/App/Components/Label.js": {"path":"/home/mlyra/projektit/eksy/EKSY/App/Components/Label.js","statementMap":{"0":{"start":{"line":7,"column":2},"end":{"line":9,"column":3}},"1":{"start":{"line":13,"column":14},"end":{"line":20,"column":2}}},"fnMap":{"0":{"name":"(anonymous_0)","decl":{"start":{"line":6,"column":1},"end":{"line":6,"column":2}},"loc":{"start":{"line":6,"column":10},"end":{"line":10,"column":2}},"line":6}},"branchMap":{},"s":{"0":7,"1":7},"f":{"0":7},"b":{},"_coverageSchema":"332fd63041d2c1bcb487cc26dd0d5f7d97098a6c","hash":"3c561f4eb2a055f39694c1d54227a0eaf30f8d63"}
,"/home/mlyra/projektit/eksy/EKSY/App/Components/MenuBackButton.js": {"path":"/home/mlyra/projektit/eksy/EKSY/App/Components/MenuBackButton.js","statementMap":{"0":{"start":{"line":9,"column":2},"end":{"line":11,"column":3}},"1":{"start":{"line":10,"column":26},"end":{"line":10,"column":39}},"2":{"start":{"line":15,"column":14},"end":{"line":28,"column":1}}},"fnMap":{"0":{"name":"(anonymous_0)","decl":{"start":{"line":8,"column":1},"end":{"line":8,"column":2}},"loc":{"start":{"line":8,"column":10},"end":{"line":12,"column":2}},"line":8},"1":{"name":"(anonymous_1)","decl":{"start":{"line":10,"column":19},"end":{"line":10,"column":20}},"loc":{"start":{"line":10,"column":25},"end":{"line":10,"column":40}},"line":10}},"branchMap":{},"s":{"0":6,"1":1,"2":8},"f":{"0":6,"1":1},"b":{},"_coverageSchema":"332fd63041d2c1bcb487cc26dd0d5f7d97098a6c","hash":"c5242a190967c6756c9f2b442cbc7c565e412fb6"}
,"/home/mlyra/projektit/eksy/EKSY/App/Components/MenuButton.js": {"path":"/home/mlyra/projektit/eksy/EKSY/App/Components/MenuButton.js","statementMap":{"0":{"start":{"line":11,"column":4},"end":{"line":13,"column":5}},"1":{"start":{"line":17,"column":14},"end":{"line":30,"column":1}}},"fnMap":{"0":{"name":"(anonymous_0)","decl":{"start":{"line":10,"column":2},"end":{"line":10,"column":3}},"loc":{"start":{"line":10,"column":11},"end":{"line":14,"column":3}},"line":10}},"branchMap":{},"s":{"0":3,"1":8},"f":{"0":3},"b":{},"_coverageSchema":"332fd63041d2c1bcb487cc26dd0d5f7d97098a6c","hash":"3a614404732c41c7ddb2c8c63feadf191abcb54e"}
,"/home/mlyra/projektit/eksy/EKSY/App/Components/Picture.js": {"path":"/home/mlyra/projektit/eksy/EKSY/App/Components/Picture.js","statementMap":{"0":{"start":{"line":10,"column":2},"end":{"line":10,"column":14}},"1":{"start":{"line":12,"column":21},"end":{"line":12,"column":42}},"2":{"start":{"line":13,"column":22},"end":{"line":13,"column":44}},"3":{"start":{"line":15,"column":2},"end":{"line":17,"column":3}},"4":{"start":{"line":16,"column":3},"end":{"line":16,"column":69}},"5":{"start":{"line":18,"column":2},"end":{"line":20,"column":3}},"6":{"start":{"line":19,"column":3},"end":{"line":19,"column":71}},"7":{"start":{"line":23,"column":2},"end":{"line":23,"column":40}},"8":{"start":{"line":25,"column":2},"end":{"line":25,"column":33}},"9":{"start":{"line":26,"column":2},"end":{"line":26,"column":32}},"10":{"start":{"line":28,"column":2},"end":{"line":35,"column":3}},"11":{"start":{"line":41,"column":2},"end":{"line":41,"column":32}},"12":{"start":{"line":42,"column":2},"end":{"line":42,"column":49}},"13":{"start":{"line":43,"column":2},"end":{"line":43,"column":28}},"14":{"start":{"line":48,"column":2},"end":{"line":52,"column":3}},"15":{"start":{"line":49,"column":37},"end":{"line":49,"column":70}},"16":{"start":{"line":50,"column":3},"end":{"line":50,"column":32}},"17":{"start":{"line":51,"column":3},"end":{"line":51,"column":94}},"18":{"start":{"line":56,"column":20},"end":{"line":56,"column":34}},"19":{"start":{"line":57,"column":21},"end":{"line":57,"column":86}},"20":{"start":{"line":58,"column":2},"end":{"line":58,"column":36}},"21":{"start":{"line":63,"column":23},"end":{"line":63,"column":40}},"22":{"start":{"line":64,"column":2},"end":{"line":66,"column":3}},"23":{"start":{"line":65,"column":3},"end":{"line":65,"column":49}},"24":{"start":{"line":67,"column":2},"end":{"line":67,"column":80}},"25":{"start":{"line":70,"column":19},"end":{"line":70,"column":32}},"26":{"start":{"line":71,"column":2},"end":{"line":73,"column":3}},"27":{"start":{"line":72,"column":3},"end":{"line":72,"column":41}},"28":{"start":{"line":74,"column":2},"end":{"line":74,"column":77}},"29":{"start":{"line":76,"column":2},"end":{"line":91,"column":3}},"30":{"start":{"line":80,"column":7},"end":{"line":80,"column":32}},"31":{"start":{"line":96,"column":14},"end":{"line":100,"column":2}},"32":{"start":{"line":102,"column":0},"end":{"line":108,"column":1}}},"fnMap":{"0":{"name":"(anonymous_0)","decl":{"start":{"line":9,"column":1},"end":{"line":9,"column":2}},"loc":{"start":{"line":9,"column":20},"end":{"line":38,"column":2}},"line":9},"1":{"name":"(anonymous_1)","decl":{"start":{"line":40,"column":1},"end":{"line":40,"column":2}},"loc":{"start":{"line":40,"column":22},"end":{"line":44,"column":2}},"line":40},"2":{"name":"(anonymous_2)","decl":{"start":{"line":47,"column":1},"end":{"line":47,"column":2}},"loc":{"start":{"line":47,"column":23},"end":{"line":53,"column":2}},"line":47},"3":{"name":"(anonymous_3)","decl":{"start":{"line":55,"column":1},"end":{"line":55,"column":2}},"loc":{"start":{"line":55,"column":30},"end":{"line":59,"column":2}},"line":55},"4":{"name":"(anonymous_4)","decl":{"start":{"line":61,"column":1},"end":{"line":61,"column":2}},"loc":{"start":{"line":61,"column":10},"end":{"line":92,"column":2}},"line":61},"5":{"name":"(anonymous_5)","decl":{"start":{"line":79,"column":16},"end":{"line":79,"column":17}},"loc":{"start":{"line":79,"column":27},"end":{"line":81,"column":7}},"line":79}},"branchMap":{"0":{"loc":{"start":{"line":15,"column":2},"end":{"line":17,"column":3}},"type":"if","locations":[{"start":{"line":15,"column":2},"end":{"line":17,"column":3}},{"start":{"line":15,"column":2},"end":{"line":17,"column":3}}],"line":15},"1":{"loc":{"start":{"line":15,"column":6},"end":{"line":15,"column":86}},"type":"binary-expr","locations":[{"start":{"line":15,"column":6},"end":{"line":15,"column":31}},{"start":{"line":15,"column":35},"end":{"line":15,"column":86}}],"line":15},"2":{"loc":{"start":{"line":18,"column":2},"end":{"line":20,"column":3}},"type":"if","locations":[{"start":{"line":18,"column":2},"end":{"line":20,"column":3}},{"start":{"line":18,"column":2},"end":{"line":20,"column":3}}],"line":18},"3":{"loc":{"start":{"line":18,"column":6},"end":{"line":18,"column":87}},"type":"binary-expr","locations":[{"start":{"line":18,"column":6},"end":{"line":18,"column":31}},{"start":{"line":18,"column":35},"end":{"line":18,"column":87}}],"line":18},"4":{"loc":{"start":{"line":48,"column":2},"end":{"line":52,"column":3}},"type":"if","locations":[{"start":{"line":48,"column":2},"end":{"line":52,"column":3}},{"start":{"line":48,"column":2},"end":{"line":52,"column":3}}],"line":48},"5":{"loc":{"start":{"line":48,"column":6},"end":{"line":48,"column":55}},"type":"binary-expr","locations":[{"start":{"line":48,"column":6},"end":{"line":48,"column":29}},{"start":{"line":48,"column":33},"end":{"line":48,"column":55}}],"line":48},"6":{"loc":{"start":{"line":64,"column":2},"end":{"line":66,"column":3}},"type":"if","locations":[{"start":{"line":64,"column":2},"end":{"line":66,"column":3}},{"start":{"line":64,"column":2},"end":{"line":66,"column":3}}],"line":64},"7":{"loc":{"start":{"line":71,"column":2},"end":{"line":73,"column":3}},"type":"if","locations":[{"start":{"line":71,"column":2},"end":{"line":73,"column":3}},{"start":{"line":71,"column":2},"end":{"line":73,"column":3}}],"line":71}},"s":{"0":3,"1":3,"2":3,"3":3,"4":1,"5":3,"6":0,"7":3,"8":3,"9":3,"10":3,"11":0,"12":0,"13":0,"14":0,"15":0,"16":0,"17":0,"18":0,"19":0,"20":0,"21":3,"22":3,"23":2,"24":3,"25":3,"26":3,"27":0,"28":3,"29":3,"30":0,"31":6,"32":6},"f":{"0":3,"1":0,"2":0,"3":0,"4":3,"5":0},"b":{"0":[1,2],"1":[3,2],"2":[0,3],"3":[3,2],"4":[0,0],"5":[0,0],"6":[2,1],"7":[0,3]},"_coverageSchema":"332fd63041d2c1bcb487cc26dd0d5f7d97098a6c","hash":"f77aaa8f990647d0ce494f43fa12ef600901eb82"}
,"/home/mlyra/projektit/eksy/EKSY/App/Components/PictureList.js": {"path":"/home/mlyra/projektit/eksy/EKSY/App/Components/PictureList.js","statementMap":{"0":{"start":{"line":9,"column":2},"end":{"line":9,"column":14}},"1":{"start":{"line":11,"column":21},"end":{"line":11,"column":91}},"2":{"start":{"line":11,"column":72},"end":{"line":11,"column":89}},"3":{"start":{"line":12,"column":2},"end":{"line":14,"column":3}},"4":{"start":{"line":19,"column":2},"end":{"line":25,"column":3}},"5":{"start":{"line":23,"column":34},"end":{"line":23,"column":167}},"6":{"start":{"line":29,"column":14},"end":{"line":33,"column":2}},"7":{"start":{"line":35,"column":0},"end":{"line":39,"column":1}}},"fnMap":{"0":{"name":"(anonymous_0)","decl":{"start":{"line":8,"column":1},"end":{"line":8,"column":2}},"loc":{"start":{"line":8,"column":20},"end":{"line":16,"column":2}},"line":8},"1":{"name":"(anonymous_1)","decl":{"start":{"line":11,"column":61},"end":{"line":11,"column":62}},"loc":{"start":{"line":11,"column":72},"end":{"line":11,"column":89}},"line":11},"2":{"name":"(anonymous_2)","decl":{"start":{"line":18,"column":1},"end":{"line":18,"column":2}},"loc":{"start":{"line":18,"column":10},"end":{"line":26,"column":2}},"line":18},"3":{"name":"(anonymous_3)","decl":{"start":{"line":23,"column":21},"end":{"line":23,"column":22}},"loc":{"start":{"line":23,"column":34},"end":{"line":23,"column":167}},"line":23}},"branchMap":{},"s":{"0":2,"1":2,"2":0,"3":2,"4":2,"5":2,"6":5,"7":5},"f":{"0":2,"1":0,"2":2,"3":2},"b":{},"_coverageSchema":"332fd63041d2c1bcb487cc26dd0d5f7d97098a6c","hash":"6fc8473ebfc155cc111d2769e60f1974999bcda7"}
,"/home/mlyra/projektit/eksy/EKSY/App/Components/PointSelector.js": {"path":"/home/mlyra/projektit/eksy/EKSY/App/Components/PointSelector.js","statementMap":{"0":{"start":{"line":8,"column":4},"end":{"line":8,"column":16}},"1":{"start":{"line":10,"column":4},"end":{"line":15,"column":5}},"2":{"start":{"line":20,"column":4},"end":{"line":20,"column":93}},"3":{"start":{"line":21,"column":4},"end":{"line":21,"column":31}},"4":{"start":{"line":25,"column":4},"end":{"line":33,"column":5}},"5":{"start":{"line":29,"column":38},"end":{"line":29,"column":64}}},"fnMap":{"0":{"name":"(anonymous_0)","decl":{"start":{"line":7,"column":2},"end":{"line":7,"column":3}},"loc":{"start":{"line":7,"column":21},"end":{"line":16,"column":3}},"line":7},"1":{"name":"(anonymous_1)","decl":{"start":{"line":19,"column":2},"end":{"line":19,"column":3}},"loc":{"start":{"line":19,"column":23},"end":{"line":22,"column":3}},"line":19},"2":{"name":"(anonymous_2)","decl":{"start":{"line":24,"column":2},"end":{"line":24,"column":3}},"loc":{"start":{"line":24,"column":11},"end":{"line":34,"column":3}},"line":24},"3":{"name":"(anonymous_3)","decl":{"start":{"line":29,"column":26},"end":{"line":29,"column":27}},"loc":{"start":{"line":29,"column":38},"end":{"line":29,"column":64}},"line":29}},"branchMap":{},"s":{"0":2,"1":2,"2":0,"3":0,"4":2,"5":0},"f":{"0":2,"1":0,"2":2,"3":0},"b":{},"_coverageSchema":"332fd63041d2c1bcb487cc26dd0d5f7d97098a6c","hash":"350c0310022d0ab1de1a4c285c15772615c5ede6"}
,"/home/mlyra/projektit/eksy/EKSY/App/Components/TextArea.js": {"path":"/home/mlyra/projektit/eksy/EKSY/App/Components/TextArea.js","statementMap":{"0":{"start":{"line":8,"column":2},"end":{"line":10,"column":3}},"1":{"start":{"line":15,"column":14},"end":{"line":21,"column":2}}},"fnMap":{"0":{"name":"(anonymous_0)","decl":{"start":{"line":7,"column":1},"end":{"line":7,"column":2}},"loc":{"start":{"line":7,"column":10},"end":{"line":11,"column":2}},"line":7}},"branchMap":{},"s":{"0":2,"1":5},"f":{"0":2},"b":{},"_coverageSchema":"332fd63041d2c1bcb487cc26dd0d5f7d97098a6c","hash":"b08dd57ca07abcf141583959000658566f59fd0f"}
,"/home/mlyra/projektit/eksy/EKSY/App/Components/TextInputArea.js": {"path":"/home/mlyra/projektit/eksy/EKSY/App/Components/TextInputArea.js","statementMap":{"0":{"start":{"line":13,"column":2},"end":{"line":13,"column":14}},"1":{"start":{"line":15,"column":2},"end":{"line":15,"column":26}},"2":{"start":{"line":19,"column":2},"end":{"line":36,"column":3}},"3":{"start":{"line":33,"column":30},"end":{"line":33,"column":91}},"4":{"start":{"line":44,"column":15},"end":{"line":57,"column":2}}},"fnMap":{"0":{"name":"(anonymous_0)","decl":{"start":{"line":12,"column":1},"end":{"line":12,"column":2}},"loc":{"start":{"line":12,"column":20},"end":{"line":16,"column":2}},"line":12},"1":{"name":"(anonymous_1)","decl":{"start":{"line":18,"column":1},"end":{"line":18,"column":2}},"loc":{"start":{"line":18,"column":10},"end":{"line":37,"column":2}},"line":18},"2":{"name":"(anonymous_2)","decl":{"start":{"line":33,"column":19},"end":{"line":33,"column":20}},"loc":{"start":{"line":33,"column":30},"end":{"line":33,"column":91}},"line":33}},"branchMap":{},"s":{"0":2,"1":2,"2":2,"3":0,"4":5},"f":{"0":2,"1":2,"2":0},"b":{},"_coverageSchema":"332fd63041d2c1bcb487cc26dd0d5f7d97098a6c","hash":"443777bd10c2422d67412bcab3a96879bf784bf4"}
,"/home/mlyra/projektit/eksy/EKSY/App/Containers/AddMarker.js": {"path":"/home/mlyra/projektit/eksy/EKSY/App/Containers/AddMarker.js","statementMap":{"0":{"start":{"line":18,"column":2},"end":{"line":18,"column":14}},"1":{"start":{"line":20,"column":2},"end":{"line":20,"column":24}},"2":{"start":{"line":22,"column":2},"end":{"line":28,"column":3}},"3":{"start":{"line":30,"column":2},"end":{"line":30,"column":36}},"4":{"start":{"line":34,"column":15},"end":{"line":40,"column":3}},"5":{"start":{"line":41,"column":2},"end":{"line":41,"column":35}},"6":{"start":{"line":42,"column":2},"end":{"line":42,"column":20}},"7":{"start":{"line":43,"column":2},"end":{"line":43,"column":90}},"8":{"start":{"line":43,"column":19},"end":{"line":43,"column":83}},"9":{"start":{"line":44,"column":2},"end":{"line":44,"column":15}},"10":{"start":{"line":48,"column":2},"end":{"line":48,"column":129}},"11":{"start":{"line":48,"column":52},"end":{"line":48,"column":86}},"12":{"start":{"line":48,"column":101},"end":{"line":48,"column":127}},"13":{"start":{"line":52,"column":2},"end":{"line":52,"column":50}},"14":{"start":{"line":56,"column":2},"end":{"line":56,"column":103}},"15":{"start":{"line":57,"column":2},"end":{"line":57,"column":56}},"16":{"start":{"line":61,"column":2},"end":{"line":93,"column":3}},"17":{"start":{"line":67,"column":8},"end":{"line":67,"column":39}},"18":{"start":{"line":72,"column":53},"end":{"line":72,"column":81}},"19":{"start":{"line":73,"column":60},"end":{"line":73,"column":87}},"20":{"start":{"line":74,"column":80},"end":{"line":74,"column":106}},"21":{"start":{"line":76,"column":31},"end":{"line":76,"column":47}},"22":{"start":{"line":84,"column":9},"end":{"line":84,"column":28}},"23":{"start":{"line":100,"column":15},"end":{"line":129,"column":2}},"24":{"start":{"line":131,"column":24},"end":{"line":135,"column":1}},"25":{"start":{"line":132,"column":1},"end":{"line":134,"column":2}},"26":{"start":{"line":137,"column":27},"end":{"line":146,"column":1}},"27":{"start":{"line":138,"column":1},"end":{"line":145,"column":2}},"28":{"start":{"line":140,"column":3},"end":{"line":140,"column":38}},"29":{"start":{"line":143,"column":3},"end":{"line":143,"column":46}}},"fnMap":{"0":{"name":"(anonymous_0)","decl":{"start":{"line":17,"column":1},"end":{"line":17,"column":2}},"loc":{"start":{"line":17,"column":20},"end":{"line":31,"column":2}},"line":17},"1":{"name":"(anonymous_1)","decl":{"start":{"line":33,"column":1},"end":{"line":33,"column":2}},"loc":{"start":{"line":33,"column":16},"end":{"line":45,"column":2}},"line":33},"2":{"name":"(anonymous_2)","decl":{"start":{"line":43,"column":13},"end":{"line":43,"column":14}},"loc":{"start":{"line":43,"column":19},"end":{"line":43,"column":83}},"line":43},"3":{"name":"(anonymous_3)","decl":{"start":{"line":47,"column":1},"end":{"line":47,"column":2}},"loc":{"start":{"line":47,"column":13},"end":{"line":49,"column":2}},"line":47},"4":{"name":"(anonymous_4)","decl":{"start":{"line":48,"column":32},"end":{"line":48,"column":33}},"loc":{"start":{"line":48,"column":51},"end":{"line":48,"column":87}},"line":48},"5":{"name":"(anonymous_5)","decl":{"start":{"line":48,"column":89},"end":{"line":48,"column":90}},"loc":{"start":{"line":48,"column":100},"end":{"line":48,"column":128}},"line":48},"6":{"name":"(anonymous_6)","decl":{"start":{"line":51,"column":1},"end":{"line":51,"column":2}},"loc":{"start":{"line":51,"column":23},"end":{"line":53,"column":2}},"line":51},"7":{"name":"(anonymous_7)","decl":{"start":{"line":55,"column":1},"end":{"line":55,"column":2}},"loc":{"start":{"line":55,"column":31},"end":{"line":58,"column":2}},"line":55},"8":{"name":"(anonymous_8)","decl":{"start":{"line":60,"column":1},"end":{"line":60,"column":2}},"loc":{"start":{"line":60,"column":10},"end":{"line":94,"column":2}},"line":60},"9":{"name":"(anonymous_9)","decl":{"start":{"line":66,"column":32},"end":{"line":66,"column":33}},"loc":{"start":{"line":66,"column":44},"end":{"line":68,"column":8}},"line":66},"10":{"name":"(anonymous_10)","decl":{"start":{"line":72,"column":43},"end":{"line":72,"column":44}},"loc":{"start":{"line":72,"column":53},"end":{"line":72,"column":81}},"line":72},"11":{"name":"(anonymous_11)","decl":{"start":{"line":73,"column":50},"end":{"line":73,"column":51}},"loc":{"start":{"line":73,"column":60},"end":{"line":73,"column":87}},"line":73},"12":{"name":"(anonymous_12)","decl":{"start":{"line":74,"column":70},"end":{"line":74,"column":71}},"loc":{"start":{"line":74,"column":80},"end":{"line":74,"column":106}},"line":74},"13":{"name":"(anonymous_13)","decl":{"start":{"line":76,"column":25},"end":{"line":76,"column":26}},"loc":{"start":{"line":76,"column":31},"end":{"line":76,"column":47}},"line":76},"14":{"name":"(anonymous_14)","decl":{"start":{"line":83,"column":25},"end":{"line":83,"column":26}},"loc":{"start":{"line":83,"column":31},"end":{"line":85,"column":9}},"line":83},"15":{"name":"(anonymous_15)","decl":{"start":{"line":131,"column":24},"end":{"line":131,"column":25}},"loc":{"start":{"line":131,"column":35},"end":{"line":135,"column":1}},"line":131},"16":{"name":"(anonymous_16)","decl":{"start":{"line":137,"column":27},"end":{"line":137,"column":28}},"loc":{"start":{"line":137,"column":41},"end":{"line":146,"column":1}},"line":137},"17":{"name":"(anonymous_17)","decl":{"start":{"line":139,"column":19},"end":{"line":139,"column":20}},"loc":{"start":{"line":139,"column":25},"end":{"line":141,"column":3}},"line":139},"18":{"name":"(anonymous_18)","decl":{"start":{"line":142,"column":16},"end":{"line":142,"column":17}},"loc":{"start":{"line":142,"column":28},"end":{"line":144,"column":3}},"line":142}},"branchMap":{},"s":{"0":7,"1":7,"2":7,"3":7,"4":5,"5":5,"6":5,"7":5,"8":0,"9":5,"10":1,"11":1,"12":0,"13":1,"14":1,"15":1,"16":15,"17":0,"18":2,"19":2,"20":1,"21":1,"22":5,"23":4,"24":4,"25":0,"26":4,"27":0,"28":0,"29":0},"f":{"0":7,"1":5,"2":0,"3":1,"4":1,"5":0,"6":1,"7":1,"8":15,"9":0,"10":2,"11":2,"12":1,"13":1,"14":5,"15":0,"16":0,"17":0,"18":0},"b":{},"_coverageSchema":"332fd63041d2c1bcb487cc26dd0d5f7d97098a6c","hash":"36eb8142feab0838fe6120ec52e43253df7355e5"}
,"/home/mlyra/projektit/eksy/EKSY/App/Containers/LoginScreen.js": {"path":"/home/mlyra/projektit/eksy/EKSY/App/Containers/LoginScreen.js","statementMap":{"0":{"start":{"line":29,"column":4},"end":{"line":29,"column":16}},"1":{"start":{"line":31,"column":4},"end":{"line":35,"column":5}},"2":{"start":{"line":37,"column":4},"end":{"line":37,"column":30}},"3":{"start":{"line":41,"column":4},"end":{"line":41,"column":21}},"4":{"start":{"line":43,"column":4},"end":{"line":55,"column":5}},"5":{"start":{"line":44,"column":6},"end":{"line":44,"column":97}},"6":{"start":{"line":46,"column":6},"end":{"line":48,"column":8}},"7":{"start":{"line":50,"column":6},"end":{"line":50,"column":56}},"8":{"start":{"line":52,"column":6},"end":{"line":54,"column":8}},"9":{"start":{"line":59,"column":4},"end":{"line":59,"column":21}},"10":{"start":{"line":61,"column":4},"end":{"line":73,"column":5}},"11":{"start":{"line":62,"column":6},"end":{"line":62,"column":93}},"12":{"start":{"line":64,"column":6},"end":{"line":66,"column":8}},"13":{"start":{"line":68,"column":6},"end":{"line":68,"column":56}},"14":{"start":{"line":70,"column":6},"end":{"line":72,"column":8}},"15":{"start":{"line":77,"column":4},"end":{"line":109,"column":5}},"16":{"start":{"line":84,"column":35},"end":{"line":84,"column":59}},"17":{"start":{"line":92,"column":38},"end":{"line":92,"column":65}},"18":{"start":{"line":98,"column":33},"end":{"line":98,"column":45}},"19":{"start":{"line":101,"column":33},"end":{"line":101,"column":46}},"20":{"start":{"line":113,"column":15},"end":{"line":134,"column":2}},"21":{"start":{"line":136,"column":24},"end":{"line":138,"column":1}},"22":{"start":{"line":137,"column":2},"end":{"line":137,"column":11}},"23":{"start":{"line":140,"column":27},"end":{"line":144,"column":1}},"24":{"start":{"line":141,"column":2},"end":{"line":143,"column":3}},"25":{"start":{"line":142,"column":29},"end":{"line":142,"column":59}}},"fnMap":{"0":{"name":"(anonymous_0)","decl":{"start":{"line":28,"column":2},"end":{"line":28,"column":3}},"loc":{"start":{"line":28,"column":22},"end":{"line":38,"column":3}},"line":28},"1":{"name":"(anonymous_1)","decl":{"start":{"line":40,"column":2},"end":{"line":40,"column":3}},"loc":{"start":{"line":40,"column":18},"end":{"line":56,"column":3}},"line":40},"2":{"name":"(anonymous_2)","decl":{"start":{"line":58,"column":2},"end":{"line":58,"column":3}},"loc":{"start":{"line":58,"column":17},"end":{"line":74,"column":3}},"line":58},"3":{"name":"(anonymous_3)","decl":{"start":{"line":76,"column":2},"end":{"line":76,"column":3}},"loc":{"start":{"line":76,"column":12},"end":{"line":110,"column":3}},"line":76},"4":{"name":"(anonymous_4)","decl":{"start":{"line":84,"column":26},"end":{"line":84,"column":27}},"loc":{"start":{"line":84,"column":35},"end":{"line":84,"column":59}},"line":84},"5":{"name":"(anonymous_5)","decl":{"start":{"line":92,"column":26},"end":{"line":92,"column":27}},"loc":{"start":{"line":92,"column":38},"end":{"line":92,"column":65}},"line":92},"6":{"name":"(anonymous_6)","decl":{"start":{"line":98,"column":27},"end":{"line":98,"column":28}},"loc":{"start":{"line":98,"column":33},"end":{"line":98,"column":45}},"line":98},"7":{"name":"(anonymous_7)","decl":{"start":{"line":101,"column":27},"end":{"line":101,"column":28}},"loc":{"start":{"line":101,"column":33},"end":{"line":101,"column":46}},"line":101},"8":{"name":"(anonymous_8)","decl":{"start":{"line":136,"column":24},"end":{"line":136,"column":25}},"loc":{"start":{"line":136,"column":35},"end":{"line":138,"column":1}},"line":136},"9":{"name":"(anonymous_9)","decl":{"start":{"line":140,"column":27},"end":{"line":140,"column":28}},"loc":{"start":{"line":140,"column":41},"end":{"line":144,"column":1}},"line":140},"10":{"name":"(anonymous_10)","decl":{"start":{"line":142,"column":21},"end":{"line":142,"column":22}},"loc":{"start":{"line":142,"column":27},"end":{"line":142,"column":61}},"line":142}},"branchMap":{},"s":{"0":4,"1":4,"2":4,"3":0,"4":0,"5":0,"6":0,"7":0,"8":0,"9":1,"10":1,"11":1,"12":1,"13":1,"14":0,"15":5,"16":0,"17":0,"18":1,"19":1,"20":4,"21":4,"22":0,"23":4,"24":0,"25":0},"f":{"0":4,"1":0,"2":1,"3":5,"4":0,"5":0,"6":1,"7":1,"8":0,"9":0,"10":0},"b":{},"_coverageSchema":"332fd63041d2c1bcb487cc26dd0d5f7d97098a6c","hash":"2b961fbd540bfc6b0584bcaa01a81d5dfe51d933"}
,"/home/mlyra/projektit/eksy/EKSY/App/Containers/Main.js": {"path":"/home/mlyra/projektit/eksy/EKSY/App/Containers/Main.js","statementMap":{"0":{"start":{"line":10,"column":4},"end":{"line":10,"column":16}},"1":{"start":{"line":11,"column":4},"end":{"line":11,"column":31}},"2":{"start":{"line":15,"column":4},"end":{"line":19,"column":5}}},"fnMap":{"0":{"name":"(anonymous_0)","decl":{"start":{"line":9,"column":2},"end":{"line":9,"column":3}},"loc":{"start":{"line":9,"column":22},"end":{"line":12,"column":3}},"line":9},"1":{"name":"(anonymous_1)","decl":{"start":{"line":14,"column":2},"end":{"line":14,"column":3}},"loc":{"start":{"line":14,"column":12},"end":{"line":20,"column":3}},"line":14}},"branchMap":{},"s":{"0":1,"1":1,"2":1},"f":{"0":1,"1":1},"b":{},"_coverageSchema":"332fd63041d2c1bcb487cc26dd0d5f7d97098a6c","hash":"6a8f960ea9c526606e69cebf2ec17ba1ec64e295"}
,"/home/mlyra/projektit/eksy/EKSY/App/Containers/MapView.js": {"path":"/home/mlyra/projektit/eksy/EKSY/App/Containers/MapView.js","statementMap":{"0":{"start":{"line":16,"column":4},"end":{"line":16,"column":16}},"1":{"start":{"line":18,"column":4},"end":{"line":18,"column":36}},"2":{"start":{"line":26,"column":4},"end":{"line":30,"column":5}},"3":{"start":{"line":27,"column":6},"end":{"line":27,"column":91}},"4":{"start":{"line":29,"column":6},"end":{"line":29,"column":23}},"5":{"start":{"line":34,"column":4},"end":{"line":39,"column":5}},"6":{"start":{"line":37,"column":38},"end":{"line":37,"column":66}},"7":{"start":{"line":43,"column":24},"end":{"line":47,"column":1}},"8":{"start":{"line":44,"column":2},"end":{"line":46,"column":3}},"9":{"start":{"line":49,"column":27},"end":{"line":55,"column":1}},"10":{"start":{"line":50,"column":2},"end":{"line":54,"column":3}},"11":{"start":{"line":51,"column":28},"end":{"line":51,"column":58}},"12":{"start":{"line":52,"column":31},"end":{"line":52,"column":69}}},"fnMap":{"0":{"name":"(anonymous_0)","decl":{"start":{"line":15,"column":2},"end":{"line":15,"column":3}},"loc":{"start":{"line":15,"column":22},"end":{"line":23,"column":3}},"line":15},"1":{"name":"(anonymous_1)","decl":{"start":{"line":25,"column":2},"end":{"line":25,"column":3}},"loc":{"start":{"line":25,"column":37},"end":{"line":31,"column":3}},"line":25},"2":{"name":"(anonymous_2)","decl":{"start":{"line":33,"column":2},"end":{"line":33,"column":3}},"loc":{"start":{"line":33,"column":12},"end":{"line":40,"column":3}},"line":33},"3":{"name":"(anonymous_3)","decl":{"start":{"line":37,"column":31},"end":{"line":37,"column":32}},"loc":{"start":{"line":37,"column":37},"end":{"line":37,"column":67}},"line":37},"4":{"name":"(anonymous_4)","decl":{"start":{"line":43,"column":24},"end":{"line":43,"column":25}},"loc":{"start":{"line":43,"column":35},"end":{"line":47,"column":1}},"line":43},"5":{"name":"(anonymous_5)","decl":{"start":{"line":49,"column":27},"end":{"line":49,"column":28}},"loc":{"start":{"line":49,"column":41},"end":{"line":55,"column":1}},"line":49},"6":{"name":"(anonymous_6)","decl":{"start":{"line":51,"column":21},"end":{"line":51,"column":22}},"loc":{"start":{"line":51,"column":27},"end":{"line":51,"column":59}},"line":51},"7":{"name":"(anonymous_7)","decl":{"start":{"line":52,"column":18},"end":{"line":52,"column":19}},"loc":{"start":{"line":52,"column":30},"end":{"line":52,"column":70}},"line":52}},"branchMap":{},"s":{"0":2,"1":2,"2":2,"3":2,"4":2,"5":2,"6":0,"7":4,"8":1,"9":4,"10":1,"11":0,"12":0},"f":{"0":2,"1":2,"2":2,"3":0,"4":1,"5":1,"6":0,"7":0},"b":{},"_coverageSchema":"332fd63041d2c1bcb487cc26dd0d5f7d97098a6c","hash":"e0b0a8f3e994f113bb7630f1cff0b233b2eb5362"}
,"/home/mlyra/projektit/eksy/EKSY/App/Containers/MarkerView.js": {"path":"/home/mlyra/projektit/eksy/EKSY/App/Containers/MarkerView.js","statementMap":{"0":{"start":{"line":15,"column":2},"end":{"line":25,"column":3}},"1":{"start":{"line":16,"column":3},"end":{"line":22,"column":4}},"2":{"start":{"line":24,"column":3},"end":{"line":24,"column":14}},"3":{"start":{"line":29,"column":2},"end":{"line":43,"column":3}},"4":{"start":{"line":48,"column":14},"end":{"line":62,"column":2}},"5":{"start":{"line":64,"column":24},"end":{"line":68,"column":1}},"6":{"start":{"line":65,"column":1},"end":{"line":67,"column":2}},"7":{"start":{"line":70,"column":27},"end":{"line":73,"column":1}},"8":{"start":{"line":71,"column":1},"end":{"line":72,"column":2}}},"fnMap":{"0":{"name":"(anonymous_0)","decl":{"start":{"line":14,"column":1},"end":{"line":14,"column":2}},"loc":{"start":{"line":14,"column":17},"end":{"line":26,"column":2}},"line":14},"1":{"name":"(anonymous_1)","decl":{"start":{"line":28,"column":1},"end":{"line":28,"column":2}},"loc":{"start":{"line":28,"column":10},"end":{"line":44,"column":2}},"line":28},"2":{"name":"(anonymous_2)","decl":{"start":{"line":64,"column":24},"end":{"line":64,"column":25}},"loc":{"start":{"line":64,"column":35},"end":{"line":68,"column":1}},"line":64},"3":{"name":"(anonymous_3)","decl":{"start":{"line":70,"column":27},"end":{"line":70,"column":28}},"loc":{"start":{"line":70,"column":41},"end":{"line":73,"column":1}},"line":70}},"branchMap":{"0":{"loc":{"start":{"line":15,"column":2},"end":{"line":25,"column":3}},"type":"if","locations":[{"start":{"line":15,"column":2},"end":{"line":25,"column":3}},{"start":{"line":15,"column":2},"end":{"line":25,"column":3}}],"line":15}},"s":{"0":1,"1":1,"2":0,"3":1,"4":4,"5":4,"6":0,"7":4,"8":0},"f":{"0":1,"1":1,"2":0,"3":0},"b":{"0":[1,0]},"_coverageSchema":"332fd63041d2c1bcb487cc26dd0d5f7d97098a6c","hash":"f3f176c07db61d387a1d81af7b1a1d1728b055f4"}
,"/home/mlyra/projektit/eksy/EKSY/App/Containers/Styles/MapViewStyles.js": {"path":"/home/mlyra/projektit/eksy/EKSY/App/Containers/Styles/MapViewStyles.js","statementMap":{},"fnMap":{},"branchMap":{},"s":{},"f":{},"b":{},"_coverageSchema":"332fd63041d2c1bcb487cc26dd0d5f7d97098a6c","hash":"5dfaacdfaf5d20f4c8eb37ec7a392f19c4e50fb2"}
,"/home/mlyra/projektit/eksy/EKSY/App/Map/Callout.js": {"path":"/home/mlyra/projektit/eksy/EKSY/App/Map/Callout.js","statementMap":{"0":{"start":{"line":12,"column":4},"end":{"line":28,"column":5}},"1":{"start":{"line":32,"column":15},"end":{"line":75,"column":2}}},"fnMap":{"0":{"name":"(anonymous_0)","decl":{"start":{"line":10,"column":2},"end":{"line":10,"column":3}},"loc":{"start":{"line":10,"column":12},"end":{"line":29,"column":3}},"line":10}},"branchMap":{},"s":{"0":0,"1":7},"f":{"0":0},"b":{},"_coverageSchema":"332fd63041d2c1bcb487cc26dd0d5f7d97098a6c","hash":"bdf789f3d894e7b5dac6aa1c958c5bc0b189888a"}
,"/home/mlyra/projektit/eksy/EKSY/App/Map/Map.js": {"path":"/home/mlyra/projektit/eksy/EKSY/App/Map/Map.js","statementMap":{"0":{"start":{"line":21,"column":2},"end":{"line":21,"column":14}},"1":{"start":{"line":22,"column":2},"end":{"line":22,"column":35}},"2":{"start":{"line":23,"column":2},"end":{"line":23,"column":35}},"3":{"start":{"line":24,"column":2},"end":{"line":24,"column":19}},"4":{"start":{"line":25,"column":2},"end":{"line":25,"column":29}},"5":{"start":{"line":39,"column":2},"end":{"line":39,"column":48}},"6":{"start":{"line":43,"column":2},"end":{"line":43,"column":33}},"7":{"start":{"line":47,"column":2},"end":{"line":47,"column":66}},"8":{"start":{"line":47,"column":59},"end":{"line":47,"column":65}},"9":{"start":{"line":51,"column":2},"end":{"line":62,"column":3}},"10":{"start":{"line":53,"column":20},"end":{"line":53,"column":35}},"11":{"start":{"line":56,"column":34},"end":{"line":56,"column":65}},"12":{"start":{"line":66,"column":2},"end":{"line":70,"column":3}}},"fnMap":{"0":{"name":"(anonymous_0)","decl":{"start":{"line":20,"column":1},"end":{"line":20,"column":2}},"loc":{"start":{"line":20,"column":20},"end":{"line":35,"column":2}},"line":20},"1":{"name":"(anonymous_1)","decl":{"start":{"line":38,"column":1},"end":{"line":38,"column":2}},"loc":{"start":{"line":38,"column":38},"end":{"line":40,"column":2}},"line":38},"2":{"name":"(anonymous_2)","decl":{"start":{"line":42,"column":1},"end":{"line":42,"column":2}},"loc":{"start":{"line":42,"column":28},"end":{"line":44,"column":2}},"line":42},"3":{"name":"(anonymous_3)","decl":{"start":{"line":46,"column":1},"end":{"line":46,"column":2}},"loc":{"start":{"line":46,"column":17},"end":{"line":48,"column":2}},"line":46},"4":{"name":"(anonymous_4)","decl":{"start":{"line":47,"column":40},"end":{"line":47,"column":41}},"loc":{"start":{"line":47,"column":59},"end":{"line":47,"column":65}},"line":47},"5":{"name":"(anonymous_5)","decl":{"start":{"line":50,"column":1},"end":{"line":50,"column":2}},"loc":{"start":{"line":50,"column":17},"end":{"line":63,"column":2}},"line":50},"6":{"name":"(anonymous_6)","decl":{"start":{"line":53,"column":11},"end":{"line":53,"column":12}},"loc":{"start":{"line":53,"column":20},"end":{"line":53,"column":35}},"line":53},"7":{"name":"(anonymous_7)","decl":{"start":{"line":56,"column":22},"end":{"line":56,"column":23}},"loc":{"start":{"line":56,"column":34},"end":{"line":56,"column":65}},"line":56},"8":{"name":"(anonymous_8)","decl":{"start":{"line":65,"column":1},"end":{"line":65,"column":2}},"loc":{"start":{"line":65,"column":10},"end":{"line":71,"column":2}},"line":65}},"branchMap":{},"s":{"0":2,"1":2,"2":2,"3":2,"4":2,"5":0,"6":0,"7":2,"8":0,"9":2,"10":2,"11":0,"12":2},"f":{"0":2,"1":0,"2":0,"3":2,"4":0,"5":2,"6":2,"7":0,"8":2},"b":{},"_coverageSchema":"332fd63041d2c1bcb487cc26dd0d5f7d97098a6c","hash":"cd12bce900f40fc8257ab197e24b05e0c549304e"}
,"/home/mlyra/projektit/eksy/EKSY/App/Map/MapManager.js": {"path":"/home/mlyra/projektit/eksy/EKSY/App/Map/MapManager.js","statementMap":{"0":{"start":{"line":6,"column":15},"end":{"line":6,"column":19}},"1":{"start":{"line":7,"column":16},"end":{"line":7,"column":17}},"2":{"start":{"line":12,"column":2},"end":{"line":20,"column":3}},"3":{"start":{"line":13,"column":3},"end":{"line":13,"column":31}},"4":{"start":{"line":14,"column":3},"end":{"line":14,"column":20}},"5":{"start":{"line":15,"column":3},"end":{"line":15,"column":46}},"6":{"start":{"line":16,"column":3},"end":{"line":16,"column":27}},"7":{"start":{"line":17,"column":3},"end":{"line":17,"column":46}},"8":{"start":{"line":17,"column":25},"end":{"line":17,"column":45}},"9":{"start":{"line":18,"column":3},"end":{"line":18,"column":31}},"10":{"start":{"line":19,"column":3},"end":{"line":19,"column":19}},"11":{"start":{"line":21,"column":2},"end":{"line":21,"column":18}},"12":{"start":{"line":25,"column":4},"end":{"line":25,"column":15}},"13":{"start":{"line":26,"column":4},"end":{"line":26,"column":20}},"14":{"start":{"line":30,"column":2},"end":{"line":30,"column":38}},"15":{"start":{"line":31,"column":2},"end":{"line":31,"column":38}},"16":{"start":{"line":35,"column":2},"end":{"line":37,"column":3}},"17":{"start":{"line":36,"column":3},"end":{"line":36,"column":29}},"18":{"start":{"line":41,"column":2},"end":{"line":48,"column":3}},"19":{"start":{"line":43,"column":5},"end":{"line":43,"column":60}},"20":{"start":{"line":44,"column":5},"end":{"line":44,"column":48}},"21":{"start":{"line":46,"column":15},"end":{"line":46,"column":59}},"22":{"start":{"line":52,"column":24},"end":{"line":52,"column":181}},"23":{"start":{"line":53,"column":2},"end":{"line":53,"column":38}},"24":{"start":{"line":57,"column":2},"end":{"line":57,"column":23}},"25":{"start":{"line":61,"column":2},"end":{"line":61,"column":18}},"26":{"start":{"line":65,"column":2},"end":{"line":70,"column":3}},"27":{"start":{"line":66,"column":3},"end":{"line":66,"column":45}},"28":{"start":{"line":67,"column":3},"end":{"line":67,"column":102}},"29":{"start":{"line":69,"column":3},"end":{"line":69,"column":44}},"30":{"start":{"line":74,"column":17},"end":{"line":77,"column":3}},"31":{"start":{"line":78,"column":2},"end":{"line":78,"column":47}}},"fnMap":{"0":{"name":"(anonymous_0)","decl":{"start":{"line":11,"column":1},"end":{"line":11,"column":2}},"loc":{"start":{"line":11,"column":15},"end":{"line":22,"column":2}},"line":11},"1":{"name":"(anonymous_1)","decl":{"start":{"line":17,"column":19},"end":{"line":17,"column":20}},"loc":{"start":{"line":17,"column":25},"end":{"line":17,"column":45}},"line":17},"2":{"name":"(anonymous_2)","decl":{"start":{"line":24,"column":1},"end":{"line":24,"column":2}},"loc":{"start":{"line":24,"column":21},"end":{"line":27,"column":3}},"line":24},"3":{"name":"(anonymous_3)","decl":{"start":{"line":29,"column":1},"end":{"line":29,"column":2}},"loc":{"start":{"line":29,"column":17},"end":{"line":32,"column":2}},"line":29},"4":{"name":"(anonymous_4)","decl":{"start":{"line":34,"column":1},"end":{"line":34,"column":2}},"loc":{"start":{"line":34,"column":33},"end":{"line":38,"column":2}},"line":34},"5":{"name":"(anonymous_5)","decl":{"start":{"line":40,"column":1},"end":{"line":40,"column":2}},"loc":{"start":{"line":40,"column":24},"end":{"line":49,"column":2}},"line":40},"6":{"name":"(anonymous_6)","decl":{"start":{"line":42,"column":4},"end":{"line":42,"column":5}},"loc":{"start":{"line":42,"column":18},"end":{"line":45,"column":5}},"line":42},"7":{"name":"(anonymous_7)","decl":{"start":{"line":46,"column":4},"end":{"line":46,"column":5}},"loc":{"start":{"line":46,"column":15},"end":{"line":46,"column":59}},"line":46},"8":{"name":"(anonymous_8)","decl":{"start":{"line":51,"column":1},"end":{"line":51,"column":2}},"loc":{"start":{"line":51,"column":19},"end":{"line":54,"column":2}},"line":51},"9":{"name":"(anonymous_9)","decl":{"start":{"line":56,"column":1},"end":{"line":56,"column":2}},"loc":{"start":{"line":56,"column":14},"end":{"line":58,"column":2}},"line":56},"10":{"name":"(anonymous_10)","decl":{"start":{"line":60,"column":1},"end":{"line":60,"column":2}},"loc":{"start":{"line":60,"column":19},"end":{"line":62,"column":2}},"line":60},"11":{"name":"(anonymous_11)","decl":{"start":{"line":64,"column":1},"end":{"line":64,"column":2}},"loc":{"start":{"line":64,"column":23},"end":{"line":71,"column":2}},"line":64},"12":{"name":"(anonymous_12)","decl":{"start":{"line":73,"column":1},"end":{"line":73,"column":2}},"loc":{"start":{"line":73,"column":36},"end":{"line":80,"column":2}},"line":73}},"branchMap":{"0":{"loc":{"start":{"line":12,"column":2},"end":{"line":20,"column":3}},"type":"if","locations":[{"start":{"line":12,"column":2},"end":{"line":20,"column":3}},{"start":{"line":12,"column":2},"end":{"line":20,"column":3}}],"line":12},"1":{"loc":{"start":{"line":35,"column":2},"end":{"line":37,"column":3}},"type":"if","locations":[{"start":{"line":35,"column":2},"end":{"line":37,"column":3}},{"start":{"line":35,"column":2},"end":{"line":37,"column":3}}],"line":35},"2":{"loc":{"start":{"line":65,"column":2},"end":{"line":70,"column":3}},"type":"if","locations":[{"start":{"line":65,"column":2},"end":{"line":70,"column":3}},{"start":{"line":65,"column":2},"end":{"line":70,"column":3}}],"line":65},"3":{"loc":{"start":{"line":65,"column":6},"end":{"line":65,"column":63}},"type":"binary-expr","locations":[{"start":{"line":65,"column":6},"end":{"line":65,"column":22}},{"start":{"line":65,"column":26},"end":{"line":65,"column":63}}],"line":65}},"s":{"0":7,"1":7,"2":11,"3":4,"4":4,"5":4,"6":4,"7":4,"8":0,"9":4,"10":4,"11":11,"12":7,"13":7,"14":0,"15":0,"16":0,"17":0,"18":0,"19":0,"20":0,"21":0,"22":6,"23":6,"24":10,"25":2,"26":0,"27":0,"28":0,"29":0,"30":0,"31":0},"f":{"0":11,"1":0,"2":7,"3":0,"4":0,"5":0,"6":0,"7":0,"8":6,"9":10,"10":2,"11":0,"12":0},"b":{"0":[4,7],"1":[0,0],"2":[0,0],"3":[0,0]},"_coverageSchema":"332fd63041d2c1bcb487cc26dd0d5f7d97098a6c","hash":"2cc60e766bd54a9ef890ffff8cb99318d3fd5edd"}
,"/home/mlyra/projektit/eksy/EKSY/App/Map/Marker.js": {"path":"/home/mlyra/projektit/eksy/EKSY/App/Map/Marker.js","statementMap":{"0":{"start":{"line":13,"column":4},"end":{"line":13,"column":16}},"1":{"start":{"line":17,"column":4},"end":{"line":24,"column":5}},"2":{"start":{"line":28,"column":2},"end":{"line":28,"column":74}},"3":{"start":{"line":29,"column":2},"end":{"line":29,"column":22}},"4":{"start":{"line":33,"column":4},"end":{"line":49,"column":5}},"5":{"start":{"line":37,"column":29},"end":{"line":37,"column":53}},"6":{"start":{"line":55,"column":0},"end":{"line":64,"column":1}}},"fnMap":{"0":{"name":"(anonymous_0)","decl":{"start":{"line":12,"column":2},"end":{"line":12,"column":3}},"loc":{"start":{"line":12,"column":22},"end":{"line":14,"column":3}},"line":12},"1":{"name":"(anonymous_1)","decl":{"start":{"line":16,"column":2},"end":{"line":16,"column":3}},"loc":{"start":{"line":16,"column":21},"end":{"line":25,"column":3}},"line":16},"2":{"name":"(anonymous_2)","decl":{"start":{"line":27,"column":1},"end":{"line":27,"column":2}},"loc":{"start":{"line":27,"column":21},"end":{"line":30,"column":2}},"line":27},"3":{"name":"(anonymous_3)","decl":{"start":{"line":32,"column":2},"end":{"line":32,"column":3}},"loc":{"start":{"line":32,"column":12},"end":{"line":50,"column":3}},"line":32},"4":{"name":"(anonymous_4)","decl":{"start":{"line":37,"column":17},"end":{"line":37,"column":18}},"loc":{"start":{"line":37,"column":28},"end":{"line":37,"column":54}},"line":37}},"branchMap":{},"s":{"0":0,"1":0,"2":0,"3":0,"4":0,"5":0,"6":7},"f":{"0":0,"1":0,"2":0,"3":0,"4":0},"b":{},"_coverageSchema":"332fd63041d2c1bcb487cc26dd0d5f7d97098a6c","hash":"d13ca80ee8ae42f1c0de2b5b28285ad6aa4929e1"}
,"/home/mlyra/projektit/eksy/EKSY/App/Map/Styles/MapStyles.js": {"path":"/home/mlyra/projektit/eksy/EKSY/App/Map/Styles/MapStyles.js","statementMap":{},"fnMap":{},"branchMap":{},"s":{},"f":{},"b":{},"_coverageSchema":"332fd63041d2c1bcb487cc26dd0d5f7d97098a6c","hash":"9d084af5bede0e46b58df6825557125b53f4ac80"}
,"/home/mlyra/projektit/eksy/EKSY/App/Navigation/NavigationDrawer.js": {"path":"/home/mlyra/projektit/eksy/EKSY/App/Navigation/NavigationDrawer.js","statementMap":{"0":{"start":{"line":11,"column":19},"end":{"line":11,"column":54}},"1":{"start":{"line":12,"column":2},"end":{"line":20,"column":3}},"2":{"start":{"line":16,"column":28},"end":{"line":16,"column":70}},"3":{"start":{"line":25,"column":24},"end":{"line":29,"column":1}},"4":{"start":{"line":26,"column":1},"end":{"line":28,"column":2}},"5":{"start":{"line":31,"column":27},"end":{"line":37,"column":1}},"6":{"start":{"line":32,"column":1},"end":{"line":36,"column":2}},"7":{"start":{"line":34,"column":3},"end":{"line":34,"column":34}}},"fnMap":{"0":{"name":"(anonymous_0)","decl":{"start":{"line":10,"column":1},"end":{"line":10,"column":2}},"loc":{"start":{"line":10,"column":10},"end":{"line":21,"column":2}},"line":10},"1":{"name":"(anonymous_1)","decl":{"start":{"line":16,"column":16},"end":{"line":16,"column":17}},"loc":{"start":{"line":16,"column":28},"end":{"line":16,"column":70}},"line":16},"2":{"name":"(anonymous_2)","decl":{"start":{"line":25,"column":24},"end":{"line":25,"column":25}},"loc":{"start":{"line":25,"column":35},"end":{"line":29,"column":1}},"line":25},"3":{"name":"(anonymous_3)","decl":{"start":{"line":31,"column":27},"end":{"line":31,"column":28}},"loc":{"start":{"line":31,"column":41},"end":{"line":37,"column":1}},"line":31},"4":{"name":"(anonymous_4)","decl":{"start":{"line":33,"column":15},"end":{"line":33,"column":16}},"loc":{"start":{"line":33,"column":21},"end":{"line":35,"column":3}},"line":33}},"branchMap":{"0":{"loc":{"start":{"line":16,"column":28},"end":{"line":16,"column":70}},"type":"cond-expr","locations":[{"start":{"line":16,"column":38},"end":{"line":16,"column":62}},{"start":{"line":16,"column":65},"end":{"line":16,"column":70}}],"line":16}},"s":{"0":1,"1":1,"2":0,"3":3,"4":1,"5":3,"6":1,"7":0},"f":{"0":1,"1":0,"2":1,"3":1,"4":0},"b":{"0":[0,0]},"_coverageSchema":"332fd63041d2c1bcb487cc26dd0d5f7d97098a6c","hash":"f823f26cab5a74b7afe1ec7e79d25b98e8e9fa20"}
,"/home/mlyra/projektit/eksy/EKSY/App/Navigation/NavigationRouter.js": {"path":"/home/mlyra/projektit/eksy/EKSY/App/Navigation/NavigationRouter.js","statementMap":{"0":{"start":{"line":10,"column":15},"end":{"line":19,"column":1}},"1":{"start":{"line":24,"column":4},"end":{"line":26,"column":5}}},"fnMap":{"0":{"name":"(anonymous_0)","decl":{"start":{"line":23,"column":2},"end":{"line":23,"column":3}},"loc":{"start":{"line":23,"column":11},"end":{"line":27,"column":3}},"line":23}},"branchMap":{},"s":{"0":3,"1":1},"f":{"0":1},"b":{},"_coverageSchema":"332fd63041d2c1bcb487cc26dd0d5f7d97098a6c","hash":"07115462dc06d32dccd2966f46786e3a7a96ecad"}
,"/home/mlyra/projektit/eksy/EKSY/App/Navigation/SideBar.js": {"path":"/home/mlyra/projektit/eksy/EKSY/App/Navigation/SideBar.js","statementMap":{"0":{"start":{"line":13,"column":4},"end":{"line":30,"column":5}},"1":{"start":{"line":34,"column":15},"end":{"line":48,"column":1}},"2":{"start":{"line":50,"column":24},"end":{"line":54,"column":1}},"3":{"start":{"line":51,"column":2},"end":{"line":53,"column":3}},"4":{"start":{"line":56,"column":27},"end":{"line":71,"column":1}},"5":{"start":{"line":57,"column":2},"end":{"line":70,"column":3}},"6":{"start":{"line":59,"column":6},"end":{"line":59,"column":23}},"7":{"start":{"line":60,"column":6},"end":{"line":60,"column":42}},"8":{"start":{"line":63,"column":6},"end":{"line":63,"column":25}},"9":{"start":{"line":64,"column":6},"end":{"line":64,"column":42}},"10":{"start":{"line":67,"column":6},"end":{"line":67,"column":21}},"11":{"start":{"line":68,"column":6},"end":{"line":68,"column":42}}},"fnMap":{"0":{"name":"(anonymous_0)","decl":{"start":{"line":12,"column":2},"end":{"line":12,"column":3}},"loc":{"start":{"line":12,"column":11},"end":{"line":31,"column":3}},"line":12},"1":{"name":"(anonymous_1)","decl":{"start":{"line":50,"column":24},"end":{"line":50,"column":25}},"loc":{"start":{"line":50,"column":35},"end":{"line":54,"column":1}},"line":50},"2":{"name":"(anonymous_2)","decl":{"start":{"line":56,"column":27},"end":{"line":56,"column":28}},"loc":{"start":{"line":56,"column":41},"end":{"line":71,"column":1}},"line":56},"3":{"name":"(anonymous_3)","decl":{"start":{"line":58,"column":13},"end":{"line":58,"column":14}},"loc":{"start":{"line":58,"column":19},"end":{"line":61,"column":5}},"line":58},"4":{"name":"(anonymous_4)","decl":{"start":{"line":62,"column":19},"end":{"line":62,"column":20}},"loc":{"start":{"line":62,"column":25},"end":{"line":65,"column":5}},"line":62},"5":{"name":"(anonymous_5)","decl":{"start":{"line":66,"column":21},"end":{"line":66,"column":22}},"loc":{"start":{"line":66,"column":27},"end":{"line":69,"column":5}},"line":66}},"branchMap":{},"s":{"0":4,"1":4,"2":4,"3":1,"4":4,"5":1,"6":0,"7":0,"8":0,"9":0,"10":0,"11":0},"f":{"0":4,"1":1,"2":1,"3":0,"4":0,"5":0},"b":{},"_coverageSchema":"332fd63041d2c1bcb487cc26dd0d5f7d97098a6c","hash":"483fbd2bec17490e29287ca9d527da50f3b4bf7f"}
,"/home/mlyra/projektit/eksy/EKSY/App/Navigation/SideBarLogo.js": {"path":"/home/mlyra/projektit/eksy/EKSY/App/Navigation/SideBarLogo.js","statementMap":{"0":{"start":{"line":8,"column":4},"end":{"line":10,"column":5}}},"fnMap":{"0":{"name":"(anonymous_0)","decl":{"start":{"line":7,"column":2},"end":{"line":7,"column":3}},"loc":{"start":{"line":7,"column":11},"end":{"line":11,"column":3}},"line":7}},"branchMap":{},"s":{"0":1},"f":{"0":1},"b":{},"_coverageSchema":"332fd63041d2c1bcb487cc26dd0d5f7d97098a6c","hash":"84b17aea8a2ddc8953f8ac3b99eca36769b9909e"}
,"/home/mlyra/projektit/eksy/EKSY/App/Navigation/Styles/SideBarStyles.js": {"path":"/home/mlyra/projektit/eksy/EKSY/App/Navigation/Styles/SideBarStyles.js","statementMap":{},"fnMap":{},"branchMap":{},"s":{},"f":{},"b":{},"_coverageSchema":"332fd63041d2c1bcb487cc26dd0d5f7d97098a6c","hash":"049df478ac96dcb9048faa57f4a12bd87533c312"}
,"/home/mlyra/projektit/eksy/EKSY/App/Reducers/AuthReducer.js": {"path":"/home/mlyra/projektit/eksy/EKSY/App/Reducers/AuthReducer.js","statementMap":{"0":{"start":{"line":4,"column":2},"end":{"line":11,"column":3}},"1":{"start":{"line":6,"column":6},"end":{"line":6,"column":69}},"2":{"start":{"line":8,"column":6},"end":{"line":8,"column":62}},"3":{"start":{"line":10,"column":5},"end":{"line":10,"column":17}}},"fnMap":{"0":{"name":"(anonymous_0)","decl":{"start":{"line":3,"column":15},"end":{"line":3,"column":16}},"loc":{"start":{"line":3,"column":44},"end":{"line":12,"column":1}},"line":3}},"branchMap":{"0":{"loc":{"start":{"line":3,"column":24},"end":{"line":3,"column":34}},"type":"default-arg","locations":[{"start":{"line":3,"column":32},"end":{"line":3,"column":34}}],"line":3},"1":{"loc":{"start":{"line":4,"column":2},"end":{"line":11,"column":3}},"type":"switch","locations":[{"start":{"line":5,"column":4},"end":{"line":6,"column":69}},{"start":{"line":7,"column":4},"end":{"line":8,"column":62}},{"start":{"line":9,"column":4},"end":{"line":10,"column":17}}],"line":4}},"s":{"0":21,"1":0,"2":0,"3":21},"f":{"0":21},"b":{"0":[21],"1":[0,0,21]},"_coverageSchema":"332fd63041d2c1bcb487cc26dd0d5f7d97098a6c","hash":"6c669cc041d26622d1bca4b808e3d9b70e150cdc"}
,"/home/mlyra/projektit/eksy/EKSY/App/Reducers/CurrentRegionReducer.js": {"path":"/home/mlyra/projektit/eksy/EKSY/App/Reducers/CurrentRegionReducer.js","statementMap":{"0":{"start":{"line":3,"column":16},"end":{"line":8,"column":1}},"1":{"start":{"line":11,"column":2},"end":{"line":22,"column":3}},"2":{"start":{"line":13,"column":6},"end":{"line":19,"column":7}},"3":{"start":{"line":21,"column":5},"end":{"line":21,"column":17}}},"fnMap":{"0":{"name":"(anonymous_0)","decl":{"start":{"line":10,"column":15},"end":{"line":10,"column":16}},"loc":{"start":{"line":10,"column":49},"end":{"line":23,"column":1}},"line":10}},"branchMap":{"0":{"loc":{"start":{"line":10,"column":24},"end":{"line":10,"column":39}},"type":"default-arg","locations":[{"start":{"line":10,"column":32},"end":{"line":10,"column":39}}],"line":10},"1":{"loc":{"start":{"line":11,"column":2},"end":{"line":22,"column":3}},"type":"switch","locations":[{"start":{"line":12,"column":4},"end":{"line":19,"column":7}},{"start":{"line":20,"column":4},"end":{"line":21,"column":17}}],"line":11}},"s":{"0":7,"1":35,"2":0,"3":35},"f":{"0":35},"b":{"0":[35],"1":[0,35]},"_coverageSchema":"332fd63041d2c1bcb487cc26dd0d5f7d97098a6c","hash":"b0e9bc0a07d997be2c9e167030be4fa5e86176a1"}
,"/home/mlyra/projektit/eksy/EKSY/App/Reducers/DrawerReducer.js": {"path":"/home/mlyra/projektit/eksy/EKSY/App/Reducers/DrawerReducer.js","statementMap":{"0":{"start":{"line":3,"column":16},"end":{"line":5,"column":1}},"1":{"start":{"line":8,"column":2},"end":{"line":17,"column":3}},"2":{"start":{"line":10,"column":6},"end":{"line":10,"column":41}},"3":{"start":{"line":12,"column":6},"end":{"line":12,"column":42}},"4":{"start":{"line":14,"column":6},"end":{"line":14,"column":54}},"5":{"start":{"line":16,"column":5},"end":{"line":16,"column":17}}},"fnMap":{"0":{"name":"(anonymous_0)","decl":{"start":{"line":7,"column":15},"end":{"line":7,"column":16}},"loc":{"start":{"line":7,"column":49},"end":{"line":18,"column":1}},"line":7}},"branchMap":{"0":{"loc":{"start":{"line":7,"column":24},"end":{"line":7,"column":39}},"type":"default-arg","locations":[{"start":{"line":7,"column":32},"end":{"line":7,"column":39}}],"line":7},"1":{"loc":{"start":{"line":8,"column":2},"end":{"line":17,"column":3}},"type":"switch","locations":[{"start":{"line":9,"column":4},"end":{"line":10,"column":41}},{"start":{"line":11,"column":4},"end":{"line":12,"column":42}},{"start":{"line":13,"column":4},"end":{"line":14,"column":54}},{"start":{"line":15,"column":4},"end":{"line":16,"column":17}}],"line":8}},"s":{"0":7,"1":35,"2":0,"3":0,"4":0,"5":35},"f":{"0":35},"b":{"0":[35],"1":[0,0,0,35]},"_coverageSchema":"332fd63041d2c1bcb487cc26dd0d5f7d97098a6c","hash":"e7becaa826958e5ed8ab95f4832f2ca760e4c2f4"}
,"/home/mlyra/projektit/eksy/EKSY/App/Reducers/LocationReducer.js": {"path":"/home/mlyra/projektit/eksy/EKSY/App/Reducers/LocationReducer.js","statementMap":{"0":{"start":{"line":3,"column":16},"end":{"line":7,"column":1}},"1":{"start":{"line":10,"column":2},"end":{"line":24,"column":3}},"2":{"start":{"line":12,"column":6},"end":{"line":16,"column":7}},"3":{"start":{"line":18,"column":6},"end":{"line":21,"column":7}},"4":{"start":{"line":23,"column":5},"end":{"line":23,"column":17}}},"fnMap":{"0":{"name":"(anonymous_0)","decl":{"start":{"line":9,"column":15},"end":{"line":9,"column":16}},"loc":{"start":{"line":9,"column":49},"end":{"line":25,"column":1}},"line":9}},"branchMap":{"0":{"loc":{"start":{"line":9,"column":24},"end":{"line":9,"column":39}},"type":"default-arg","locations":[{"start":{"line":9,"column":32},"end":{"line":9,"column":39}}],"line":9},"1":{"loc":{"start":{"line":10,"column":2},"end":{"line":24,"column":3}},"type":"switch","locations":[{"start":{"line":11,"column":4},"end":{"line":16,"column":7}},{"start":{"line":17,"column":4},"end":{"line":21,"column":7}},{"start":{"line":22,"column":4},"end":{"line":23,"column":17}}],"line":10}},"s":{"0":7,"1":35,"2":0,"3":0,"4":35},"f":{"0":35},"b":{"0":[35],"1":[0,0,35]},"_coverageSchema":"332fd63041d2c1bcb487cc26dd0d5f7d97098a6c","hash":"05c23aa3e1dac81ffc6a3bd242352c2cc652df51"}
,"/home/mlyra/projektit/eksy/EKSY/App/Reducers/MapReducer.js": {"path":"/home/mlyra/projektit/eksy/EKSY/App/Reducers/MapReducer.js","statementMap":{},"fnMap":{},"branchMap":{},"s":{},"f":{},"b":{},"_coverageSchema":"332fd63041d2c1bcb487cc26dd0d5f7d97098a6c","hash":"3cadf21a220d74feaa0a48e755203a911afc170c"}
,"/home/mlyra/projektit/eksy/EKSY/App/Reducers/SelectedMarkerReducer.js": {"path":"/home/mlyra/projektit/eksy/EKSY/App/Reducers/SelectedMarkerReducer.js","statementMap":{"0":{"start":{"line":3,"column":16},"end":{"line":12,"column":1}},"1":{"start":{"line":15,"column":1},"end":{"line":23,"column":2}},"2":{"start":{"line":17,"column":3},"end":{"line":20,"column":4}},"3":{"start":{"line":22,"column":3},"end":{"line":22,"column":15}}},"fnMap":{"0":{"name":"(anonymous_0)","decl":{"start":{"line":14,"column":15},"end":{"line":14,"column":16}},"loc":{"start":{"line":14,"column":49},"end":{"line":24,"column":1}},"line":14}},"branchMap":{"0":{"loc":{"start":{"line":14,"column":24},"end":{"line":14,"column":39}},"type":"default-arg","locations":[{"start":{"line":14,"column":32},"end":{"line":14,"column":39}}],"line":14},"1":{"loc":{"start":{"line":15,"column":1},"end":{"line":23,"column":2}},"type":"switch","locations":[{"start":{"line":16,"column":2},"end":{"line":20,"column":4}},{"start":{"line":21,"column":2},"end":{"line":22,"column":15}}],"line":15}},"s":{"0":7,"1":35,"2":0,"3":35},"f":{"0":35},"b":{"0":[35],"1":[0,35]},"_coverageSchema":"332fd63041d2c1bcb487cc26dd0d5f7d97098a6c","hash":"468fa937a7702416d2e20c6a358e544f802919a1"}
,"/home/mlyra/projektit/eksy/EKSY/App/Reducers/UiReducer.js": {"path":"/home/mlyra/projektit/eksy/EKSY/App/Reducers/UiReducer.js","statementMap":{},"fnMap":{},"branchMap":{},"s":{},"f":{},"b":{},"_coverageSchema":"332fd63041d2c1bcb487cc26dd0d5f7d97098a6c","hash":"1b21c864603056cd11645fc207a85ace8d8a05b6"}
,"/home/mlyra/projektit/eksy/EKSY/App/Reducers/index.js": {"path":"/home/mlyra/projektit/eksy/EKSY/App/Reducers/index.js","statementMap":{},"fnMap":{},"branchMap":{},"s":{},"f":{},"b":{},"_coverageSchema":"332fd63041d2c1bcb487cc26dd0d5f7d97098a6c","hash":"d6f72812ffa0fd2ac6e319ada37b123b8b464bbf"}
,"/home/mlyra/projektit/eksy/EKSY/App/Store/index.js": {"path":"/home/mlyra/projektit/eksy/EKSY/App/Store/index.js","statementMap":{"0":{"start":{"line":5,"column":15},"end":{"line":7,"column":2}},"1":{"start":{"line":9,"column":14},"end":{"line":12,"column":1}}},"fnMap":{},"branchMap":{},"s":{"0":7,"1":7},"f":{},"b":{},"_coverageSchema":"332fd63041d2c1bcb487cc26dd0d5f7d97098a6c","hash":"bd501b1dd44cbb485924f964d07e8b97c9038c28"}
,"/home/mlyra/projektit/eksy/EKSY/App/Theme/Colors.js": {"path":"/home/mlyra/projektit/eksy/EKSY/App/Theme/Colors.js","statementMap":{"0":{"start":{"line":1,"column":31},"end":{"line":1,"column":49}},"1":{"start":{"line":2,"column":32},"end":{"line":2,"column":50}},"2":{"start":{"line":3,"column":27},"end":{"line":3,"column":45}},"3":{"start":{"line":4,"column":27},"end":{"line":4,"column":45}},"4":{"start":{"line":5,"column":25},"end":{"line":5,"column":40}},"5":{"start":{"line":6,"column":30},"end":{"line":6,"column":45}},"6":{"start":{"line":7,"column":26},"end":{"line":7,"column":44}}},"fnMap":{},"branchMap":{},"s":{"0":15,"1":15,"2":15,"3":15,"4":15,"5":15,"6":15},"f":{},"b":{},"_coverageSchema":"332fd63041d2c1bcb487cc26dd0d5f7d97098a6c","hash":"82993ec4d5b55e674a18ad0a6f657aca462e486e"}
,"/home/mlyra/projektit/eksy/EKSY/App/Theme/index.js": {"path":"/home/mlyra/projektit/eksy/EKSY/App/Theme/index.js","statementMap":{},"fnMap":{},"branchMap":{},"s":{},"f":{},"b":{},"_coverageSchema":"332fd63041d2c1bcb487cc26dd0d5f7d97098a6c","hash":"8d43f761236176d8fe9a2bd449c06f4804cfdb25"}
,"/home/mlyra/projektit/eksy/EKSY/_mocks_/MapManagerMock.js": {"path":"/home/mlyra/projektit/eksy/EKSY/_mocks_/MapManagerMock.js","statementMap":{"0":{"start":{"line":4,"column":2},"end":{"line":4,"column":55}},"1":{"start":{"line":5,"column":2},"end":{"line":5,"column":48}},"2":{"start":{"line":6,"column":2},"end":{"line":6,"column":54}},"3":{"start":{"line":7,"column":2},"end":{"line":7,"column":48}}},"fnMap":{"0":{"name":"(anonymous_0)","decl":{"start":{"line":3,"column":32},"end":{"line":3,"column":33}},"loc":{"start":{"line":3,"column":38},"end":{"line":8,"column":1}},"line":3}},"branchMap":{},"s":{"0":1,"1":1,"2":1,"3":1},"f":{"0":1},"b":{},"_coverageSchema":"332fd63041d2c1bcb487cc26dd0d5f7d97098a6c","hash":"ca20960edad8052bb00ec609cada043f9de724ae"}
,"/home/mlyra/projektit/eksy/EKSY/_mocks_/MapViewMock.js": {"path":"/home/mlyra/projektit/eksy/EKSY/_mocks_/MapViewMock.js","statementMap":{"0":{"start":{"line":4,"column":16},"end":{"line":4,"column":46}},"1":{"start":{"line":5,"column":18},"end":{"line":5,"column":60}},"2":{"start":{"line":9,"column":6},"end":{"line":9,"column":77}},"3":{"start":{"line":15,"column":6},"end":{"line":15,"column":76}},"4":{"start":{"line":21,"column":6},"end":{"line":21,"column":77}},"5":{"start":{"line":25,"column":2},"end":{"line":25,"column":52}},"6":{"start":{"line":26,"column":2},"end":{"line":26,"column":50}},"7":{"start":{"line":27,"column":2},"end":{"line":27,"column":44}},"8":{"start":{"line":28,"column":2},"end":{"line":28,"column":34}},"9":{"start":{"line":29,"column":2},"end":{"line":29,"column":36}},"10":{"start":{"line":30,"column":2},"end":{"line":30,"column":21}}},"fnMap":{"0":{"name":"(anonymous_0)","decl":{"start":{"line":3,"column":46},"end":{"line":3,"column":47}},"loc":{"start":{"line":3,"column":52},"end":{"line":31,"column":1}},"line":3},"1":{"name":"(anonymous_1)","decl":{"start":{"line":8,"column":4},"end":{"line":8,"column":5}},"loc":{"start":{"line":8,"column":13},"end":{"line":10,"column":5}},"line":8},"2":{"name":"(anonymous_2)","decl":{"start":{"line":14,"column":4},"end":{"line":14,"column":5}},"loc":{"start":{"line":14,"column":13},"end":{"line":16,"column":5}},"line":14},"3":{"name":"(anonymous_3)","decl":{"start":{"line":20,"column":4},"end":{"line":20,"column":5}},"loc":{"start":{"line":20,"column":13},"end":{"line":22,"column":5}},"line":20}},"branchMap":{},"s":{"0":0,"1":0,"2":0,"3":0,"4":0,"5":0,"6":0,"7":0,"8":0,"9":0,"10":0},"f":{"0":0,"1":0,"2":0,"3":0},"b":{},"_coverageSchema":"332fd63041d2c1bcb487cc26dd0d5f7d97098a6c","hash":"fdcffe23d861ac18e51fa221de6169c492976d30"}
,"/home/mlyra/projektit/eksy/EKSY/_mocks_/setup.js": {"path":"/home/mlyra/projektit/eksy/EKSY/_mocks_/setup.js","statementMap":{"0":{"start":{"line":1,"column":11},"end":{"line":1,"column":34}},"1":{"start":{"line":2,"column":0},"end":{"line":10,"column":2}},"2":{"start":{"line":3,"column":2},"end":{"line":9,"column":3}}},"fnMap":{"0":{"name":"(anonymous_0)","decl":{"start":{"line":2,"column":21},"end":{"line":2,"column":22}},"loc":{"start":{"line":2,"column":27},"end":{"line":10,"column":1}},"line":2}},"branchMap":{},"s":{"0":1,"1":1,"2":0},"f":{"0":0},"b":{},"_coverageSchema":"332fd63041d2c1bcb487cc26dd0d5f7d97098a6c","hash":"b5428f127e8c9a932128c4ca9251555ba6fd8755"}
,"/home/mlyra/projektit/eksy/EKSY/jest/setup.js": {"path":"/home/mlyra/projektit/eksy/EKSY/jest/setup.js","statementMap":{"0":{"start":{"line":1,"column":0},"end":{"line":9,"column":2}},"1":{"start":{"line":2,"column":2},"end":{"line":8,"column":3}}},"fnMap":{"0":{"name":"(anonymous_0)","decl":{"start":{"line":1,"column":21},"end":{"line":1,"column":22}},"loc":{"start":{"line":1,"column":27},"end":{"line":9,"column":1}},"line":1}},"branchMap":{},"s":{"0":21,"1":10},"f":{"0":10},"b":{},"_coverageSchema":"332fd63041d2c1bcb487cc26dd0d5f7d97098a6c","hash":"9dc6afe9e2efaf97efb2f0b3d9a540743fa60d96"}
}
