{"/home/mlyra/projektit/eksy/EKSY/index.android.js": {"path":"/home/mlyra/projektit/eksy/EKSY/index.android.js","statementMap":{"0":{"start":{"line":4,"column":0},"end":{"line":4,"column":50}},"1":{"start":{"line":4,"column":44},"end":{"line":4,"column":48}}},"fnMap":{"0":{"name":"(anonymous_0)","decl":{"start":{"line":4,"column":38},"end":{"line":4,"column":39}},"loc":{"start":{"line":4,"column":44},"end":{"line":4,"column":48}},"line":4}},"branchMap":{},"s":{"0":1,"1":0},"f":{"0":0},"b":{},"_coverageSchema":"332fd63041d2c1bcb487cc26dd0d5f7d97098a6c","hash":"99977f8a923e1f479221fbc3e67c9b38249d09a7"}
,"/home/mlyra/projektit/eksy/EKSY/index.ios.js": {"path":"/home/mlyra/projektit/eksy/EKSY/index.ios.js","statementMap":{"0":{"start":{"line":4,"column":0},"end":{"line":4,"column":50}},"1":{"start":{"line":4,"column":44},"end":{"line":4,"column":48}}},"fnMap":{"0":{"name":"(anonymous_0)","decl":{"start":{"line":4,"column":38},"end":{"line":4,"column":39}},"loc":{"start":{"line":4,"column":44},"end":{"line":4,"column":48}},"line":4}},"branchMap":{},"s":{"0":1,"1":0},"f":{"0":0},"b":{},"_coverageSchema":"332fd63041d2c1bcb487cc26dd0d5f7d97098a6c","hash":"7938d8d5d185050e84298ee778734068377008de"}
,"/home/mlyra/projektit/eksy/EKSY/App/Actions/MapActions.js": {"path":"/home/mlyra/projektit/eksy/EKSY/App/Actions/MapActions.js","statementMap":{"0":{"start":{"line":4,"column":28},"end":{"line":9,"column":1}},"1":{"start":{"line":5,"column":2},"end":{"line":8,"column":3}},"2":{"start":{"line":11,"column":30},"end":{"line":16,"column":1}},"3":{"start":{"line":12,"column":2},"end":{"line":15,"column":3}},"4":{"start":{"line":18,"column":29},"end":{"line":23,"column":1}},"5":{"start":{"line":19,"column":2},"end":{"line":22,"column":3}}},"fnMap":{"0":{"name":"(anonymous_0)","decl":{"start":{"line":4,"column":28},"end":{"line":4,"column":29}},"loc":{"start":{"line":4,"column":40},"end":{"line":9,"column":1}},"line":4},"1":{"name":"(anonymous_1)","decl":{"start":{"line":11,"column":30},"end":{"line":11,"column":31}},"loc":{"start":{"line":11,"column":44},"end":{"line":16,"column":1}},"line":11},"2":{"name":"(anonymous_2)","decl":{"start":{"line":18,"column":29},"end":{"line":18,"column":30}},"loc":{"start":{"line":18,"column":42},"end":{"line":23,"column":1}},"line":18}},"branchMap":{},"s":{"0":5,"1":1,"2":5,"3":0,"4":5,"5":0},"f":{"0":1,"1":0,"2":0},"b":{},"_coverageSchema":"332fd63041d2c1bcb487cc26dd0d5f7d97098a6c","hash":"72a76d91d59a457bf4d01e6d5c06099516aac03d"}
,"/home/mlyra/projektit/eksy/EKSY/App/Actions/Types.js": {"path":"/home/mlyra/projektit/eksy/EKSY/App/Actions/Types.js","statementMap":{"0":{"start":{"line":1,"column":29},"end":{"line":1,"column":44}},"1":{"start":{"line":2,"column":27},"end":{"line":2,"column":40}},"2":{"start":{"line":4,"column":27},"end":{"line":4,"column":40}},"3":{"start":{"line":5,"column":28},"end":{"line":5,"column":42}},"4":{"start":{"line":6,"column":29},"end":{"line":6,"column":44}},"5":{"start":{"line":8,"column":37},"end":{"line":8,"column":60}},"6":{"start":{"line":9,"column":39},"end":{"line":9,"column":64}},"7":{"start":{"line":10,"column":30},"end":{"line":10,"column":46}}},"fnMap":{},"branchMap":{},"s":{"0":5,"1":5,"2":5,"3":5,"4":5,"5":5,"6":5,"7":5},"f":{},"b":{},"_coverageSchema":"332fd63041d2c1bcb487cc26dd0d5f7d97098a6c","hash":"d57ff5c00137e086668aa872d7a3def088860dc7"}
,"/home/mlyra/projektit/eksy/EKSY/App/Actions/UiActions.js": {"path":"/home/mlyra/projektit/eksy/EKSY/App/Actions/UiActions.js","statementMap":{"0":{"start":{"line":3,"column":28},"end":{"line":7,"column":1}},"1":{"start":{"line":4,"column":2},"end":{"line":6,"column":3}},"2":{"start":{"line":9,"column":26},"end":{"line":13,"column":1}},"3":{"start":{"line":10,"column":2},"end":{"line":12,"column":3}},"4":{"start":{"line":15,"column":27},"end":{"line":19,"column":1}},"5":{"start":{"line":16,"column":2},"end":{"line":18,"column":3}}},"fnMap":{"0":{"name":"(anonymous_0)","decl":{"start":{"line":3,"column":28},"end":{"line":3,"column":29}},"loc":{"start":{"line":3,"column":34},"end":{"line":7,"column":1}},"line":3},"1":{"name":"(anonymous_1)","decl":{"start":{"line":9,"column":26},"end":{"line":9,"column":27}},"loc":{"start":{"line":9,"column":32},"end":{"line":13,"column":1}},"line":9},"2":{"name":"(anonymous_2)","decl":{"start":{"line":15,"column":27},"end":{"line":15,"column":28}},"loc":{"start":{"line":15,"column":33},"end":{"line":19,"column":1}},"line":15}},"branchMap":{},"s":{"0":4,"1":0,"2":4,"3":0,"4":4,"5":0},"f":{"0":0,"1":0,"2":0},"b":{},"_coverageSchema":"332fd63041d2c1bcb487cc26dd0d5f7d97098a6c","hash":"c080807986555b089c62977e02f27392f6c47b9e"}
,"/home/mlyra/projektit/eksy/EKSY/App/Actions/index.js": {"path":"/home/mlyra/projektit/eksy/EKSY/App/Actions/index.js","statementMap":{},"fnMap":{},"branchMap":{},"s":{},"f":{},"b":{},"_coverageSchema":"332fd63041d2c1bcb487cc26dd0d5f7d97098a6c","hash":"6f9f4c0e539efd26c374afc97b51fd10a3c6ef09"}
,"/home/mlyra/projektit/eksy/EKSY/App/Components/ActionButton.js": {"path":"/home/mlyra/projektit/eksy/EKSY/App/Components/ActionButton.js","statementMap":{"0":{"start":{"line":9,"column":4},"end":{"line":16,"column":5}},"1":{"start":{"line":22,"column":15},"end":{"line":34,"column":2}}},"fnMap":{"0":{"name":"(anonymous_0)","decl":{"start":{"line":8,"column":2},"end":{"line":8,"column":3}},"loc":{"start":{"line":8,"column":11},"end":{"line":18,"column":3}},"line":8}},"branchMap":{},"s":{"0":0,"1":3},"f":{"0":0},"b":{},"_coverageSchema":"332fd63041d2c1bcb487cc26dd0d5f7d97098a6c","hash":"79c67700148f0472a350e4ffb5cf9faa00dd1a34"}
,"/home/mlyra/projektit/eksy/EKSY/App/Components/Button.js": {"path":"/home/mlyra/projektit/eksy/EKSY/App/Components/Button.js","statementMap":{"0":{"start":{"line":7,"column":4},"end":{"line":13,"column":5}},"1":{"start":{"line":17,"column":0},"end":{"line":20,"column":1}},"2":{"start":{"line":23,"column":15},"end":{"line":43,"column":1}}},"fnMap":{"0":{"name":"(anonymous_0)","decl":{"start":{"line":6,"column":2},"end":{"line":6,"column":3}},"loc":{"start":{"line":6,"column":11},"end":{"line":14,"column":3}},"line":6}},"branchMap":{},"s":{"0":0,"1":4,"2":4},"f":{"0":0},"b":{},"_coverageSchema":"332fd63041d2c1bcb487cc26dd0d5f7d97098a6c","hash":"f0f83c7c21b5a28dd39ceae4a9b1f3e6e5d35d04"}
,"/home/mlyra/projektit/eksy/EKSY/App/Components/Header.js": {"path":"/home/mlyra/projektit/eksy/EKSY/App/Components/Header.js","statementMap":{"0":{"start":{"line":7,"column":0},"end":{"line":7,"column":18}},"1":{"start":{"line":12,"column":4},"end":{"line":17,"column":5}},"2":{"start":{"line":22,"column":0},"end":{"line":25,"column":1}},"3":{"start":{"line":27,"column":15},"end":{"line":41,"column":2}}},"fnMap":{"0":{"name":"(anonymous_0)","decl":{"start":{"line":11,"column":2},"end":{"line":11,"column":3}},"loc":{"start":{"line":11,"column":11},"end":{"line":18,"column":3}},"line":11}},"branchMap":{},"s":{"0":4,"1":0,"2":4,"3":4},"f":{"0":0},"b":{},"_coverageSchema":"332fd63041d2c1bcb487cc26dd0d5f7d97098a6c","hash":"e8ac3e086b5a75a92a3804222f5a8b616bbcdf02"}
,"/home/mlyra/projektit/eksy/EKSY/App/Components/MenuButton.js": {"path":"/home/mlyra/projektit/eksy/EKSY/App/Components/MenuButton.js","statementMap":{"0":{"start":{"line":11,"column":4},"end":{"line":13,"column":5}},"1":{"start":{"line":17,"column":14},"end":{"line":30,"column":1}}},"fnMap":{"0":{"name":"(anonymous_0)","decl":{"start":{"line":10,"column":2},"end":{"line":10,"column":3}},"loc":{"start":{"line":10,"column":11},"end":{"line":14,"column":3}},"line":10}},"branchMap":{},"s":{"0":0,"1":4},"f":{"0":0},"b":{},"_coverageSchema":"332fd63041d2c1bcb487cc26dd0d5f7d97098a6c","hash":"3a614404732c41c7ddb2c8c63feadf191abcb54e"}
,"/home/mlyra/projektit/eksy/EKSY/App/Components/PointSelector.js": {"path":"/home/mlyra/projektit/eksy/EKSY/App/Components/PointSelector.js","statementMap":{"0":{"start":{"line":9,"column":4},"end":{"line":9,"column":16}},"1":{"start":{"line":11,"column":4},"end":{"line":16,"column":5}},"2":{"start":{"line":21,"column":4},"end":{"line":21,"column":93}},"3":{"start":{"line":22,"column":4},"end":{"line":22,"column":31}},"4":{"start":{"line":26,"column":4},"end":{"line":34,"column":5}},"5":{"start":{"line":30,"column":38},"end":{"line":30,"column":64}}},"fnMap":{"0":{"name":"(anonymous_0)","decl":{"start":{"line":8,"column":2},"end":{"line":8,"column":3}},"loc":{"start":{"line":8,"column":21},"end":{"line":17,"column":3}},"line":8},"1":{"name":"(anonymous_1)","decl":{"start":{"line":20,"column":2},"end":{"line":20,"column":3}},"loc":{"start":{"line":20,"column":23},"end":{"line":23,"column":3}},"line":20},"2":{"name":"(anonymous_2)","decl":{"start":{"line":25,"column":2},"end":{"line":25,"column":3}},"loc":{"start":{"line":25,"column":11},"end":{"line":35,"column":3}},"line":25},"3":{"name":"(anonymous_3)","decl":{"start":{"line":30,"column":26},"end":{"line":30,"column":27}},"loc":{"start":{"line":30,"column":38},"end":{"line":30,"column":64}},"line":30}},"branchMap":{},"s":{"0":0,"1":0,"2":0,"3":0,"4":0,"5":0},"f":{"0":0,"1":0,"2":0,"3":0},"b":{},"_coverageSchema":"332fd63041d2c1bcb487cc26dd0d5f7d97098a6c","hash":"2ea82099897df863f0b042ddbcd7eab97d6efeb3"}
,"/home/mlyra/projektit/eksy/EKSY/App/Containers/AddMarker.js": {"path":"/home/mlyra/projektit/eksy/EKSY/App/Containers/AddMarker.js","statementMap":{"0":{"start":{"line":18,"column":2},"end":{"line":18,"column":14}},"1":{"start":{"line":20,"column":2},"end":{"line":22,"column":3}},"2":{"start":{"line":24,"column":2},"end":{"line":24,"column":37}},"3":{"start":{"line":28,"column":17},"end":{"line":28,"column":50}},"4":{"start":{"line":29,"column":18},"end":{"line":29,"column":52}},"5":{"start":{"line":30,"column":15},"end":{"line":30,"column":89}},"6":{"start":{"line":31,"column":2},"end":{"line":31,"column":36}},"7":{"start":{"line":32,"column":2},"end":{"line":32,"column":76}},"8":{"start":{"line":32,"column":19},"end":{"line":32,"column":69}},"9":{"start":{"line":33,"column":2},"end":{"line":33,"column":20}},"10":{"start":{"line":39,"column":2},"end":{"line":82,"column":3}},"11":{"start":{"line":69,"column":8},"end":{"line":69,"column":39}},"12":{"start":{"line":73,"column":42},"end":{"line":73,"column":69}},"13":{"start":{"line":77,"column":8},"end":{"line":77,"column":27}},"14":{"start":{"line":86,"column":15},"end":{"line":109,"column":2}},"15":{"start":{"line":111,"column":24},"end":{"line":115,"column":1}},"16":{"start":{"line":112,"column":1},"end":{"line":114,"column":2}},"17":{"start":{"line":117,"column":27},"end":{"line":126,"column":1}},"18":{"start":{"line":118,"column":1},"end":{"line":125,"column":2}},"19":{"start":{"line":120,"column":3},"end":{"line":120,"column":38}},"20":{"start":{"line":123,"column":3},"end":{"line":123,"column":46}}},"fnMap":{"0":{"name":"(anonymous_0)","decl":{"start":{"line":17,"column":1},"end":{"line":17,"column":2}},"loc":{"start":{"line":17,"column":20},"end":{"line":25,"column":2}},"line":17},"1":{"name":"(anonymous_1)","decl":{"start":{"line":27,"column":1},"end":{"line":27,"column":2}},"loc":{"start":{"line":27,"column":16},"end":{"line":35,"column":2}},"line":27},"2":{"name":"(anonymous_2)","decl":{"start":{"line":32,"column":13},"end":{"line":32,"column":14}},"loc":{"start":{"line":32,"column":19},"end":{"line":32,"column":69}},"line":32},"3":{"name":"(anonymous_3)","decl":{"start":{"line":38,"column":1},"end":{"line":38,"column":2}},"loc":{"start":{"line":38,"column":10},"end":{"line":83,"column":2}},"line":38},"4":{"name":"(anonymous_4)","decl":{"start":{"line":68,"column":32},"end":{"line":68,"column":33}},"loc":{"start":{"line":68,"column":44},"end":{"line":70,"column":8}},"line":68},"5":{"name":"(anonymous_5)","decl":{"start":{"line":73,"column":32},"end":{"line":73,"column":33}},"loc":{"start":{"line":73,"column":42},"end":{"line":73,"column":69}},"line":73},"6":{"name":"(anonymous_6)","decl":{"start":{"line":76,"column":42},"end":{"line":76,"column":43}},"loc":{"start":{"line":76,"column":48},"end":{"line":78,"column":8}},"line":76},"7":{"name":"(anonymous_7)","decl":{"start":{"line":111,"column":24},"end":{"line":111,"column":25}},"loc":{"start":{"line":111,"column":35},"end":{"line":115,"column":1}},"line":111},"8":{"name":"(anonymous_8)","decl":{"start":{"line":117,"column":27},"end":{"line":117,"column":28}},"loc":{"start":{"line":117,"column":41},"end":{"line":126,"column":1}},"line":117},"9":{"name":"(anonymous_9)","decl":{"start":{"line":119,"column":19},"end":{"line":119,"column":20}},"loc":{"start":{"line":119,"column":25},"end":{"line":121,"column":3}},"line":119},"10":{"name":"(anonymous_10)","decl":{"start":{"line":122,"column":16},"end":{"line":122,"column":17}},"loc":{"start":{"line":122,"column":28},"end":{"line":124,"column":3}},"line":122}},"branchMap":{},"s":{"0":0,"1":0,"2":0,"3":0,"4":0,"5":0,"6":0,"7":0,"8":0,"9":0,"10":0,"11":0,"12":0,"13":0,"14":3,"15":3,"16":0,"17":3,"18":0,"19":0,"20":0},"f":{"0":0,"1":0,"2":0,"3":0,"4":0,"5":0,"6":0,"7":0,"8":0,"9":0,"10":0},"b":{},"_coverageSchema":"332fd63041d2c1bcb487cc26dd0d5f7d97098a6c","hash":"ec7cfbda82b6116731233b98b1a5f59ac07a325a"}
,"/home/mlyra/projektit/eksy/EKSY/App/Containers/LoginScreen.js": {"path":"/home/mlyra/projektit/eksy/EKSY/App/Containers/LoginScreen.js","statementMap":{"0":{"start":{"line":29,"column":4},"end":{"line":29,"column":16}},"1":{"start":{"line":31,"column":4},"end":{"line":35,"column":5}},"2":{"start":{"line":37,"column":4},"end":{"line":37,"column":30}},"3":{"start":{"line":41,"column":4},"end":{"line":41,"column":21}},"4":{"start":{"line":43,"column":4},"end":{"line":55,"column":5}},"5":{"start":{"line":44,"column":6},"end":{"line":44,"column":97}},"6":{"start":{"line":46,"column":6},"end":{"line":48,"column":8}},"7":{"start":{"line":50,"column":6},"end":{"line":50,"column":56}},"8":{"start":{"line":52,"column":6},"end":{"line":54,"column":8}},"9":{"start":{"line":59,"column":4},"end":{"line":59,"column":21}},"10":{"start":{"line":61,"column":4},"end":{"line":73,"column":5}},"11":{"start":{"line":62,"column":6},"end":{"line":62,"column":93}},"12":{"start":{"line":64,"column":6},"end":{"line":66,"column":8}},"13":{"start":{"line":68,"column":6},"end":{"line":68,"column":56}},"14":{"start":{"line":70,"column":6},"end":{"line":72,"column":8}},"15":{"start":{"line":77,"column":4},"end":{"line":106,"column":5}},"16":{"start":{"line":83,"column":36},"end":{"line":83,"column":64}},"17":{"start":{"line":90,"column":36},"end":{"line":90,"column":67}},"18":{"start":{"line":95,"column":33},"end":{"line":95,"column":45}},"19":{"start":{"line":98,"column":33},"end":{"line":98,"column":46}},"20":{"start":{"line":110,"column":15},"end":{"line":137,"column":2}},"21":{"start":{"line":139,"column":24},"end":{"line":141,"column":1}},"22":{"start":{"line":140,"column":2},"end":{"line":140,"column":12}},"23":{"start":{"line":143,"column":27},"end":{"line":147,"column":1}},"24":{"start":{"line":144,"column":2},"end":{"line":146,"column":3}},"25":{"start":{"line":145,"column":29},"end":{"line":145,"column":59}}},"fnMap":{"0":{"name":"(anonymous_0)","decl":{"start":{"line":28,"column":2},"end":{"line":28,"column":3}},"loc":{"start":{"line":28,"column":22},"end":{"line":38,"column":3}},"line":28},"1":{"name":"(anonymous_1)","decl":{"start":{"line":40,"column":2},"end":{"line":40,"column":3}},"loc":{"start":{"line":40,"column":18},"end":{"line":56,"column":3}},"line":40},"2":{"name":"(anonymous_2)","decl":{"start":{"line":58,"column":2},"end":{"line":58,"column":3}},"loc":{"start":{"line":58,"column":17},"end":{"line":74,"column":3}},"line":58},"3":{"name":"(anonymous_3)","decl":{"start":{"line":76,"column":2},"end":{"line":76,"column":3}},"loc":{"start":{"line":76,"column":12},"end":{"line":107,"column":3}},"line":76},"4":{"name":"(anonymous_4)","decl":{"start":{"line":83,"column":26},"end":{"line":83,"column":27}},"loc":{"start":{"line":83,"column":36},"end":{"line":83,"column":64}},"line":83},"5":{"name":"(anonymous_5)","decl":{"start":{"line":90,"column":26},"end":{"line":90,"column":27}},"loc":{"start":{"line":90,"column":36},"end":{"line":90,"column":67}},"line":90},"6":{"name":"(anonymous_6)","decl":{"start":{"line":95,"column":27},"end":{"line":95,"column":28}},"loc":{"start":{"line":95,"column":33},"end":{"line":95,"column":45}},"line":95},"7":{"name":"(anonymous_7)","decl":{"start":{"line":98,"column":27},"end":{"line":98,"column":28}},"loc":{"start":{"line":98,"column":33},"end":{"line":98,"column":46}},"line":98},"8":{"name":"(anonymous_8)","decl":{"start":{"line":139,"column":24},"end":{"line":139,"column":25}},"loc":{"start":{"line":139,"column":35},"end":{"line":141,"column":1}},"line":139},"9":{"name":"(anonymous_9)","decl":{"start":{"line":143,"column":27},"end":{"line":143,"column":28}},"loc":{"start":{"line":143,"column":41},"end":{"line":147,"column":1}},"line":143},"10":{"name":"(anonymous_10)","decl":{"start":{"line":145,"column":21},"end":{"line":145,"column":22}},"loc":{"start":{"line":145,"column":27},"end":{"line":145,"column":61}},"line":145}},"branchMap":{},"s":{"0":0,"1":0,"2":0,"3":0,"4":0,"5":0,"6":0,"7":0,"8":0,"9":0,"10":0,"11":0,"12":0,"13":0,"14":0,"15":0,"16":0,"17":0,"18":0,"19":0,"20":4,"21":4,"22":0,"23":4,"24":0,"25":0},"f":{"0":0,"1":0,"2":0,"3":0,"4":0,"5":0,"6":0,"7":0,"8":0,"9":0,"10":0},"b":{},"_coverageSchema":"332fd63041d2c1bcb487cc26dd0d5f7d97098a6c","hash":"1924a9deca305eb58bb3198c230af0509dfd0edf"}
,"/home/mlyra/projektit/eksy/EKSY/App/Containers/Main.js": {"path":"/home/mlyra/projektit/eksy/EKSY/App/Containers/Main.js","statementMap":{"0":{"start":{"line":10,"column":4},"end":{"line":10,"column":16}},"1":{"start":{"line":11,"column":4},"end":{"line":11,"column":31}},"2":{"start":{"line":15,"column":4},"end":{"line":19,"column":5}}},"fnMap":{"0":{"name":"(anonymous_0)","decl":{"start":{"line":9,"column":2},"end":{"line":9,"column":3}},"loc":{"start":{"line":9,"column":22},"end":{"line":12,"column":3}},"line":9},"1":{"name":"(anonymous_1)","decl":{"start":{"line":14,"column":2},"end":{"line":14,"column":3}},"loc":{"start":{"line":14,"column":12},"end":{"line":20,"column":3}},"line":14}},"branchMap":{},"s":{"0":0,"1":0,"2":0},"f":{"0":0,"1":0},"b":{},"_coverageSchema":"332fd63041d2c1bcb487cc26dd0d5f7d97098a6c","hash":"6a8f960ea9c526606e69cebf2ec17ba1ec64e295"}
,"/home/mlyra/projektit/eksy/EKSY/App/Containers/MapView.js": {"path":"/home/mlyra/projektit/eksy/EKSY/App/Containers/MapView.js","statementMap":{"0":{"start":{"line":15,"column":4},"end":{"line":15,"column":16}},"1":{"start":{"line":17,"column":4},"end":{"line":17,"column":36}},"2":{"start":{"line":25,"column":4},"end":{"line":29,"column":5}},"3":{"start":{"line":26,"column":6},"end":{"line":26,"column":91}},"4":{"start":{"line":28,"column":6},"end":{"line":28,"column":23}},"5":{"start":{"line":33,"column":4},"end":{"line":38,"column":5}},"6":{"start":{"line":36,"column":38},"end":{"line":36,"column":66}},"7":{"start":{"line":42,"column":24},"end":{"line":46,"column":1}},"8":{"start":{"line":43,"column":2},"end":{"line":45,"column":3}},"9":{"start":{"line":48,"column":27},"end":{"line":54,"column":1}},"10":{"start":{"line":49,"column":2},"end":{"line":53,"column":3}},"11":{"start":{"line":50,"column":28},"end":{"line":50,"column":58}},"12":{"start":{"line":51,"column":31},"end":{"line":51,"column":69}}},"fnMap":{"0":{"name":"(anonymous_0)","decl":{"start":{"line":14,"column":2},"end":{"line":14,"column":3}},"loc":{"start":{"line":14,"column":22},"end":{"line":22,"column":3}},"line":14},"1":{"name":"(anonymous_1)","decl":{"start":{"line":24,"column":2},"end":{"line":24,"column":3}},"loc":{"start":{"line":24,"column":37},"end":{"line":30,"column":3}},"line":24},"2":{"name":"(anonymous_2)","decl":{"start":{"line":32,"column":2},"end":{"line":32,"column":3}},"loc":{"start":{"line":32,"column":12},"end":{"line":39,"column":3}},"line":32},"3":{"name":"(anonymous_3)","decl":{"start":{"line":36,"column":31},"end":{"line":36,"column":32}},"loc":{"start":{"line":36,"column":37},"end":{"line":36,"column":67}},"line":36},"4":{"name":"(anonymous_4)","decl":{"start":{"line":42,"column":24},"end":{"line":42,"column":25}},"loc":{"start":{"line":42,"column":35},"end":{"line":46,"column":1}},"line":42},"5":{"name":"(anonymous_5)","decl":{"start":{"line":48,"column":27},"end":{"line":48,"column":28}},"loc":{"start":{"line":48,"column":41},"end":{"line":54,"column":1}},"line":48},"6":{"name":"(anonymous_6)","decl":{"start":{"line":50,"column":21},"end":{"line":50,"column":22}},"loc":{"start":{"line":50,"column":27},"end":{"line":50,"column":59}},"line":50},"7":{"name":"(anonymous_7)","decl":{"start":{"line":51,"column":18},"end":{"line":51,"column":19}},"loc":{"start":{"line":51,"column":30},"end":{"line":51,"column":70}},"line":51}},"branchMap":{},"s":{"0":0,"1":0,"2":0,"3":0,"4":0,"5":0,"6":0,"7":3,"8":0,"9":3,"10":0,"11":0,"12":0},"f":{"0":0,"1":0,"2":0,"3":0,"4":0,"5":0,"6":0,"7":0},"b":{},"_coverageSchema":"332fd63041d2c1bcb487cc26dd0d5f7d97098a6c","hash":"9b4f672d03a989e30ab70827cf44ba6d1306c775"}
,"/home/mlyra/projektit/eksy/EKSY/App/Containers/Styles/MapViewStyles.js": {"path":"/home/mlyra/projektit/eksy/EKSY/App/Containers/Styles/MapViewStyles.js","statementMap":{},"fnMap":{},"branchMap":{},"s":{},"f":{},"b":{},"_coverageSchema":"332fd63041d2c1bcb487cc26dd0d5f7d97098a6c","hash":"5dfaacdfaf5d20f4c8eb37ec7a392f19c4e50fb2"}
,"/home/mlyra/projektit/eksy/EKSY/App/Map/Callout.js": {"path":"/home/mlyra/projektit/eksy/EKSY/App/Map/Callout.js","statementMap":{"0":{"start":{"line":12,"column":4},"end":{"line":28,"column":5}},"1":{"start":{"line":32,"column":15},"end":{"line":75,"column":2}}},"fnMap":{"0":{"name":"(anonymous_0)","decl":{"start":{"line":10,"column":2},"end":{"line":10,"column":3}},"loc":{"start":{"line":10,"column":12},"end":{"line":29,"column":3}},"line":10}},"branchMap":{},"s":{"0":0,"1":3},"f":{"0":0},"b":{},"_coverageSchema":"332fd63041d2c1bcb487cc26dd0d5f7d97098a6c","hash":"bdf789f3d894e7b5dac6aa1c958c5bc0b189888a"}
,"/home/mlyra/projektit/eksy/EKSY/App/Map/Map.js": {"path":"/home/mlyra/projektit/eksy/EKSY/App/Map/Map.js","statementMap":{"0":{"start":{"line":21,"column":4},"end":{"line":21,"column":16}},"1":{"start":{"line":22,"column":4},"end":{"line":22,"column":37}},"2":{"start":{"line":23,"column":4},"end":{"line":23,"column":37}},"3":{"start":{"line":24,"column":4},"end":{"line":24,"column":21}},"4":{"start":{"line":25,"column":4},"end":{"line":25,"column":31}},"5":{"start":{"line":26,"column":4},"end":{"line":28,"column":5}},"6":{"start":{"line":33,"column":4},"end":{"line":33,"column":22}},"7":{"start":{"line":37,"column":4},"end":{"line":37,"column":38}},"8":{"start":{"line":38,"column":4},"end":{"line":38,"column":40}},"9":{"start":{"line":42,"column":4},"end":{"line":46,"column":5}},"10":{"start":{"line":43,"column":6},"end":{"line":43,"column":52}},"11":{"start":{"line":45,"column":6},"end":{"line":45,"column":68}},"12":{"start":{"line":50,"column":5},"end":{"line":75,"column":7}},"13":{"start":{"line":51,"column":7},"end":{"line":51,"column":53}},"14":{"start":{"line":52,"column":7},"end":{"line":74,"column":8}},"15":{"start":{"line":79,"column":5},"end":{"line":79,"column":36}},"16":{"start":{"line":84,"column":4},"end":{"line":88,"column":5}},"17":{"start":{"line":85,"column":6},"end":{"line":87,"column":7}},"18":{"start":{"line":92,"column":4},"end":{"line":104,"column":5}},"19":{"start":{"line":94,"column":20},"end":{"line":94,"column":35}},"20":{"start":{"line":97,"column":44},"end":{"line":97,"column":75}},"21":{"start":{"line":101,"column":58},"end":{"line":101,"column":64}},"22":{"start":{"line":108,"column":4},"end":{"line":112,"column":5}}},"fnMap":{"0":{"name":"(anonymous_0)","decl":{"start":{"line":20,"column":2},"end":{"line":20,"column":3}},"loc":{"start":{"line":20,"column":22},"end":{"line":30,"column":3}},"line":20},"1":{"name":"(anonymous_1)","decl":{"start":{"line":32,"column":2},"end":{"line":32,"column":3}},"loc":{"start":{"line":32,"column":12},"end":{"line":34,"column":3}},"line":32},"2":{"name":"(anonymous_2)","decl":{"start":{"line":36,"column":2},"end":{"line":36,"column":3}},"loc":{"start":{"line":36,"column":23},"end":{"line":39,"column":3}},"line":36},"3":{"name":"(anonymous_3)","decl":{"start":{"line":41,"column":2},"end":{"line":41,"column":3}},"loc":{"start":{"line":41,"column":40},"end":{"line":47,"column":3}},"line":41},"4":{"name":"(anonymous_4)","decl":{"start":{"line":49,"column":2},"end":{"line":49,"column":3}},"loc":{"start":{"line":49,"column":20},"end":{"line":76,"column":4}},"line":49},"5":{"name":"(anonymous_5)","decl":{"start":{"line":50,"column":34},"end":{"line":50,"column":35}},"loc":{"start":{"line":50,"column":54},"end":{"line":75,"column":6}},"line":50},"6":{"name":"(anonymous_6)","decl":{"start":{"line":78,"column":3},"end":{"line":78,"column":4}},"loc":{"start":{"line":78,"column":30},"end":{"line":80,"column":4}},"line":78},"7":{"name":"(anonymous_7)","decl":{"start":{"line":83,"column":2},"end":{"line":83,"column":3}},"loc":{"start":{"line":83,"column":19},"end":{"line":105,"column":3}},"line":83},"8":{"name":"(anonymous_8)","decl":{"start":{"line":94,"column":11},"end":{"line":94,"column":12}},"loc":{"start":{"line":94,"column":20},"end":{"line":94,"column":35}},"line":94},"9":{"name":"(anonymous_9)","decl":{"start":{"line":97,"column":32},"end":{"line":97,"column":33}},"loc":{"start":{"line":97,"column":44},"end":{"line":97,"column":75}},"line":97},"10":{"name":"(anonymous_10)","decl":{"start":{"line":101,"column":38},"end":{"line":101,"column":39}},"loc":{"start":{"line":101,"column":57},"end":{"line":101,"column":65}},"line":101},"11":{"name":"(anonymous_11)","decl":{"start":{"line":107,"column":2},"end":{"line":107,"column":3}},"loc":{"start":{"line":107,"column":12},"end":{"line":113,"column":3}},"line":107}},"branchMap":{"0":{"loc":{"start":{"line":42,"column":4},"end":{"line":46,"column":5}},"type":"if","locations":[{"start":{"line":42,"column":4},"end":{"line":46,"column":5}},{"start":{"line":42,"column":4},"end":{"line":46,"column":5}}],"line":42},"1":{"loc":{"start":{"line":84,"column":4},"end":{"line":88,"column":5}},"type":"if","locations":[{"start":{"line":84,"column":4},"end":{"line":88,"column":5}},{"start":{"line":84,"column":4},"end":{"line":88,"column":5}}],"line":84}},"s":{"0":0,"1":0,"2":0,"3":0,"4":0,"5":0,"6":0,"7":0,"8":0,"9":0,"10":0,"11":0,"12":0,"13":0,"14":0,"15":0,"16":0,"17":0,"18":0,"19":0,"20":0,"21":0,"22":0},"f":{"0":0,"1":0,"2":0,"3":0,"4":0,"5":0,"6":0,"7":0,"8":0,"9":0,"10":0,"11":0},"b":{"0":[0,0],"1":[0,0]},"_coverageSchema":"332fd63041d2c1bcb487cc26dd0d5f7d97098a6c","hash":"9545a64f105526dee046612c060311df58539baf"}
,"/home/mlyra/projektit/eksy/EKSY/App/Map/MapManager.js": {"path":"/home/mlyra/projektit/eksy/EKSY/App/Map/MapManager.js","statementMap":{"0":{"start":{"line":4,"column":15},"end":{"line":4,"column":19}},"1":{"start":{"line":8,"column":4},"end":{"line":16,"column":5}},"2":{"start":{"line":9,"column":6},"end":{"line":9,"column":34}},"3":{"start":{"line":10,"column":6},"end":{"line":10,"column":23}},"4":{"start":{"line":11,"column":6},"end":{"line":11,"column":49}},"5":{"start":{"line":12,"column":6},"end":{"line":12,"column":30}},"6":{"start":{"line":13,"column":6},"end":{"line":13,"column":49}},"7":{"start":{"line":13,"column":28},"end":{"line":13,"column":48}},"8":{"start":{"line":14,"column":6},"end":{"line":14,"column":34}},"9":{"start":{"line":15,"column":6},"end":{"line":15,"column":22}},"10":{"start":{"line":17,"column":4},"end":{"line":17,"column":20}},"11":{"start":{"line":21,"column":4},"end":{"line":21,"column":40}},"12":{"start":{"line":22,"column":4},"end":{"line":22,"column":40}},"13":{"start":{"line":26,"column":4},"end":{"line":26,"column":48}},"14":{"start":{"line":27,"column":4},"end":{"line":27,"column":51}},"15":{"start":{"line":28,"column":4},"end":{"line":30,"column":5}},"16":{"start":{"line":29,"column":6},"end":{"line":29,"column":32}},"17":{"start":{"line":34,"column":4},"end":{"line":41,"column":5}},"18":{"start":{"line":36,"column":8},"end":{"line":36,"column":63}},"19":{"start":{"line":37,"column":8},"end":{"line":37,"column":51}},"20":{"start":{"line":39,"column":17},"end":{"line":39,"column":61}},"21":{"start":{"line":45,"column":4},"end":{"line":45,"column":31}},"22":{"start":{"line":49,"column":4},"end":{"line":49,"column":25}},"23":{"start":{"line":53,"column":4},"end":{"line":53,"column":20}},"24":{"start":{"line":57,"column":4},"end":{"line":57,"column":38}},"25":{"start":{"line":58,"column":4},"end":{"line":58,"column":51}},"26":{"start":{"line":59,"column":4},"end":{"line":59,"column":33}},"27":{"start":{"line":60,"column":4},"end":{"line":65,"column":5}},"28":{"start":{"line":61,"column":6},"end":{"line":61,"column":48}},"29":{"start":{"line":62,"column":6},"end":{"line":62,"column":105}},"30":{"start":{"line":64,"column":6},"end":{"line":64,"column":47}},"31":{"start":{"line":69,"column":19},"end":{"line":72,"column":5}},"32":{"start":{"line":73,"column":4},"end":{"line":73,"column":49}}},"fnMap":{"0":{"name":"(anonymous_0)","decl":{"start":{"line":7,"column":2},"end":{"line":7,"column":3}},"loc":{"start":{"line":7,"column":16},"end":{"line":18,"column":3}},"line":7},"1":{"name":"(anonymous_1)","decl":{"start":{"line":13,"column":22},"end":{"line":13,"column":23}},"loc":{"start":{"line":13,"column":28},"end":{"line":13,"column":48}},"line":13},"2":{"name":"(anonymous_2)","decl":{"start":{"line":20,"column":2},"end":{"line":20,"column":3}},"loc":{"start":{"line":20,"column":18},"end":{"line":23,"column":3}},"line":20},"3":{"name":"(anonymous_3)","decl":{"start":{"line":25,"column":2},"end":{"line":25,"column":3}},"loc":{"start":{"line":25,"column":34},"end":{"line":31,"column":3}},"line":25},"4":{"name":"(anonymous_4)","decl":{"start":{"line":33,"column":2},"end":{"line":33,"column":3}},"loc":{"start":{"line":33,"column":25},"end":{"line":42,"column":3}},"line":33},"5":{"name":"(anonymous_5)","decl":{"start":{"line":35,"column":6},"end":{"line":35,"column":7}},"loc":{"start":{"line":35,"column":20},"end":{"line":38,"column":7}},"line":35},"6":{"name":"(anonymous_6)","decl":{"start":{"line":39,"column":6},"end":{"line":39,"column":7}},"loc":{"start":{"line":39,"column":17},"end":{"line":39,"column":61}},"line":39},"7":{"name":"(anonymous_7)","decl":{"start":{"line":44,"column":2},"end":{"line":44,"column":3}},"loc":{"start":{"line":44,"column":20},"end":{"line":46,"column":3}},"line":44},"8":{"name":"(anonymous_8)","decl":{"start":{"line":48,"column":2},"end":{"line":48,"column":3}},"loc":{"start":{"line":48,"column":15},"end":{"line":50,"column":3}},"line":48},"9":{"name":"(anonymous_9)","decl":{"start":{"line":52,"column":2},"end":{"line":52,"column":3}},"loc":{"start":{"line":52,"column":20},"end":{"line":54,"column":3}},"line":52},"10":{"name":"(anonymous_10)","decl":{"start":{"line":56,"column":2},"end":{"line":56,"column":3}},"loc":{"start":{"line":56,"column":24},"end":{"line":66,"column":3}},"line":56},"11":{"name":"(anonymous_11)","decl":{"start":{"line":68,"column":2},"end":{"line":68,"column":3}},"loc":{"start":{"line":68,"column":37},"end":{"line":75,"column":3}},"line":68}},"branchMap":{"0":{"loc":{"start":{"line":8,"column":4},"end":{"line":16,"column":5}},"type":"if","locations":[{"start":{"line":8,"column":4},"end":{"line":16,"column":5}},{"start":{"line":8,"column":4},"end":{"line":16,"column":5}}],"line":8},"1":{"loc":{"start":{"line":28,"column":4},"end":{"line":30,"column":5}},"type":"if","locations":[{"start":{"line":28,"column":4},"end":{"line":30,"column":5}},{"start":{"line":28,"column":4},"end":{"line":30,"column":5}}],"line":28},"2":{"loc":{"start":{"line":60,"column":4},"end":{"line":65,"column":5}},"type":"if","locations":[{"start":{"line":60,"column":4},"end":{"line":65,"column":5}},{"start":{"line":60,"column":4},"end":{"line":65,"column":5}}],"line":60},"3":{"loc":{"start":{"line":60,"column":8},"end":{"line":60,"column":65}},"type":"binary-expr","locations":[{"start":{"line":60,"column":8},"end":{"line":60,"column":24}},{"start":{"line":60,"column":28},"end":{"line":60,"column":65}}],"line":60}},"s":{"0":3,"1":0,"2":0,"3":0,"4":0,"5":0,"6":0,"7":0,"8":0,"9":0,"10":0,"11":0,"12":0,"13":0,"14":0,"15":0,"16":0,"17":0,"18":0,"19":0,"20":0,"21":0,"22":0,"23":0,"24":0,"25":0,"26":0,"27":0,"28":0,"29":0,"30":0,"31":0,"32":0},"f":{"0":0,"1":0,"2":0,"3":0,"4":0,"5":0,"6":0,"7":0,"8":0,"9":0,"10":0,"11":0},"b":{"0":[0,0],"1":[0,0],"2":[0,0],"3":[0,0]},"_coverageSchema":"332fd63041d2c1bcb487cc26dd0d5f7d97098a6c","hash":"e2a90435f8606977c37223e6e15722724d4dee0c"}
,"/home/mlyra/projektit/eksy/EKSY/App/Map/Marker.js": {"path":"/home/mlyra/projektit/eksy/EKSY/App/Map/Marker.js","statementMap":{"0":{"start":{"line":8,"column":16},"end":{"line":8,"column":18}},"1":{"start":{"line":12,"column":2},"end":{"line":12,"column":14}},"2":{"start":{"line":13,"column":2},"end":{"line":13,"column":31}},"3":{"start":{"line":17,"column":2},"end":{"line":17,"column":13}},"4":{"start":{"line":18,"column":2},"end":{"line":18,"column":18}},"5":{"start":{"line":22,"column":2},"end":{"line":34,"column":3}},"6":{"start":{"line":38,"column":0},"end":{"line":43,"column":1}}},"fnMap":{"0":{"name":"(anonymous_0)","decl":{"start":{"line":11,"column":1},"end":{"line":11,"column":2}},"loc":{"start":{"line":11,"column":20},"end":{"line":14,"column":2}},"line":11},"1":{"name":"(anonymous_1)","decl":{"start":{"line":16,"column":1},"end":{"line":16,"column":2}},"loc":{"start":{"line":16,"column":20},"end":{"line":19,"column":2}},"line":16},"2":{"name":"(anonymous_2)","decl":{"start":{"line":21,"column":1},"end":{"line":21,"column":2}},"loc":{"start":{"line":21,"column":10},"end":{"line":35,"column":2}},"line":21}},"branchMap":{},"s":{"0":3,"1":0,"2":0,"3":0,"4":0,"5":0,"6":3},"f":{"0":0,"1":0,"2":0},"b":{},"_coverageSchema":"332fd63041d2c1bcb487cc26dd0d5f7d97098a6c","hash":"054abbdd644dce49ae0db38279f18df56cfa7473"}
,"/home/mlyra/projektit/eksy/EKSY/App/Map/Styles/MapStyles.js": {"path":"/home/mlyra/projektit/eksy/EKSY/App/Map/Styles/MapStyles.js","statementMap":{},"fnMap":{},"branchMap":{},"s":{},"f":{},"b":{},"_coverageSchema":"332fd63041d2c1bcb487cc26dd0d5f7d97098a6c","hash":"9d084af5bede0e46b58df6825557125b53f4ac80"}
,"/home/mlyra/projektit/eksy/EKSY/App/Navigation/NavigationDrawer.js": {"path":"/home/mlyra/projektit/eksy/EKSY/App/Navigation/NavigationDrawer.js","statementMap":{"0":{"start":{"line":11,"column":21},"end":{"line":11,"column":56}},"1":{"start":{"line":12,"column":4},"end":{"line":20,"column":5}},"2":{"start":{"line":16,"column":30},"end":{"line":16,"column":72}},"3":{"start":{"line":25,"column":24},"end":{"line":29,"column":1}},"4":{"start":{"line":26,"column":2},"end":{"line":28,"column":3}},"5":{"start":{"line":31,"column":27},"end":{"line":37,"column":1}},"6":{"start":{"line":32,"column":2},"end":{"line":36,"column":3}},"7":{"start":{"line":34,"column":6},"end":{"line":34,"column":37}}},"fnMap":{"0":{"name":"(anonymous_0)","decl":{"start":{"line":10,"column":2},"end":{"line":10,"column":3}},"loc":{"start":{"line":10,"column":11},"end":{"line":21,"column":3}},"line":10},"1":{"name":"(anonymous_1)","decl":{"start":{"line":16,"column":18},"end":{"line":16,"column":19}},"loc":{"start":{"line":16,"column":30},"end":{"line":16,"column":72}},"line":16},"2":{"name":"(anonymous_2)","decl":{"start":{"line":25,"column":24},"end":{"line":25,"column":25}},"loc":{"start":{"line":25,"column":35},"end":{"line":29,"column":1}},"line":25},"3":{"name":"(anonymous_3)","decl":{"start":{"line":31,"column":27},"end":{"line":31,"column":28}},"loc":{"start":{"line":31,"column":41},"end":{"line":37,"column":1}},"line":31},"4":{"name":"(anonymous_4)","decl":{"start":{"line":33,"column":17},"end":{"line":33,"column":18}},"loc":{"start":{"line":33,"column":23},"end":{"line":35,"column":5}},"line":33}},"branchMap":{"0":{"loc":{"start":{"line":16,"column":30},"end":{"line":16,"column":72}},"type":"cond-expr","locations":[{"start":{"line":16,"column":40},"end":{"line":16,"column":64}},{"start":{"line":16,"column":67},"end":{"line":16,"column":72}}],"line":16}},"s":{"0":0,"1":0,"2":0,"3":3,"4":0,"5":3,"6":0,"7":0},"f":{"0":0,"1":0,"2":0,"3":0,"4":0},"b":{"0":[0,0]},"_coverageSchema":"332fd63041d2c1bcb487cc26dd0d5f7d97098a6c","hash":"725c078b4d58d2d75b9c8639f223343656c2bed5"}
,"/home/mlyra/projektit/eksy/EKSY/App/Navigation/NavigationRouter.js": {"path":"/home/mlyra/projektit/eksy/EKSY/App/Navigation/NavigationRouter.js","statementMap":{"0":{"start":{"line":9,"column":15},"end":{"line":17,"column":1}},"1":{"start":{"line":22,"column":4},"end":{"line":24,"column":5}}},"fnMap":{"0":{"name":"(anonymous_0)","decl":{"start":{"line":21,"column":2},"end":{"line":21,"column":3}},"loc":{"start":{"line":21,"column":11},"end":{"line":25,"column":3}},"line":21}},"branchMap":{},"s":{"0":3,"1":0},"f":{"0":0},"b":{},"_coverageSchema":"332fd63041d2c1bcb487cc26dd0d5f7d97098a6c","hash":"2484f4017443ed7332bd22e5684875ba4a06ca3e"}
,"/home/mlyra/projektit/eksy/EKSY/App/Navigation/SideBar.js": {"path":"/home/mlyra/projektit/eksy/EKSY/App/Navigation/SideBar.js","statementMap":{"0":{"start":{"line":13,"column":4},"end":{"line":30,"column":5}},"1":{"start":{"line":34,"column":15},"end":{"line":48,"column":1}},"2":{"start":{"line":50,"column":24},"end":{"line":54,"column":1}},"3":{"start":{"line":51,"column":2},"end":{"line":53,"column":3}},"4":{"start":{"line":56,"column":27},"end":{"line":71,"column":1}},"5":{"start":{"line":57,"column":2},"end":{"line":70,"column":3}},"6":{"start":{"line":59,"column":6},"end":{"line":59,"column":23}},"7":{"start":{"line":60,"column":6},"end":{"line":60,"column":42}},"8":{"start":{"line":63,"column":6},"end":{"line":63,"column":25}},"9":{"start":{"line":64,"column":6},"end":{"line":64,"column":42}},"10":{"start":{"line":67,"column":6},"end":{"line":67,"column":21}},"11":{"start":{"line":68,"column":6},"end":{"line":68,"column":42}}},"fnMap":{"0":{"name":"(anonymous_0)","decl":{"start":{"line":12,"column":2},"end":{"line":12,"column":3}},"loc":{"start":{"line":12,"column":11},"end":{"line":31,"column":3}},"line":12},"1":{"name":"(anonymous_1)","decl":{"start":{"line":50,"column":24},"end":{"line":50,"column":25}},"loc":{"start":{"line":50,"column":35},"end":{"line":54,"column":1}},"line":50},"2":{"name":"(anonymous_2)","decl":{"start":{"line":56,"column":27},"end":{"line":56,"column":28}},"loc":{"start":{"line":56,"column":41},"end":{"line":71,"column":1}},"line":56},"3":{"name":"(anonymous_3)","decl":{"start":{"line":58,"column":13},"end":{"line":58,"column":14}},"loc":{"start":{"line":58,"column":19},"end":{"line":61,"column":5}},"line":58},"4":{"name":"(anonymous_4)","decl":{"start":{"line":62,"column":19},"end":{"line":62,"column":20}},"loc":{"start":{"line":62,"column":25},"end":{"line":65,"column":5}},"line":62},"5":{"name":"(anonymous_5)","decl":{"start":{"line":66,"column":21},"end":{"line":66,"column":22}},"loc":{"start":{"line":66,"column":27},"end":{"line":69,"column":5}},"line":66}},"branchMap":{},"s":{"0":0,"1":3,"2":3,"3":0,"4":3,"5":0,"6":0,"7":0,"8":0,"9":0,"10":0,"11":0},"f":{"0":0,"1":0,"2":0,"3":0,"4":0,"5":0},"b":{},"_coverageSchema":"332fd63041d2c1bcb487cc26dd0d5f7d97098a6c","hash":"483fbd2bec17490e29287ca9d527da50f3b4bf7f"}
,"/home/mlyra/projektit/eksy/EKSY/App/Navigation/SideBarLogo.js": {"path":"/home/mlyra/projektit/eksy/EKSY/App/Navigation/SideBarLogo.js","statementMap":{"0":{"start":{"line":8,"column":4},"end":{"line":10,"column":5}}},"fnMap":{"0":{"name":"(anonymous_0)","decl":{"start":{"line":7,"column":2},"end":{"line":7,"column":3}},"loc":{"start":{"line":7,"column":11},"end":{"line":11,"column":3}},"line":7}},"branchMap":{},"s":{"0":0},"f":{"0":0},"b":{},"_coverageSchema":"332fd63041d2c1bcb487cc26dd0d5f7d97098a6c","hash":"84b17aea8a2ddc8953f8ac3b99eca36769b9909e"}
,"/home/mlyra/projektit/eksy/EKSY/App/Navigation/Styles/SideBarStyles.js": {"path":"/home/mlyra/projektit/eksy/EKSY/App/Navigation/Styles/SideBarStyles.js","statementMap":{},"fnMap":{},"branchMap":{},"s":{},"f":{},"b":{},"_coverageSchema":"332fd63041d2c1bcb487cc26dd0d5f7d97098a6c","hash":"049df478ac96dcb9048faa57f4a12bd87533c312"}
,"/home/mlyra/projektit/eksy/EKSY/App/Reducers/AuthReducer.js": {"path":"/home/mlyra/projektit/eksy/EKSY/App/Reducers/AuthReducer.js","statementMap":{"0":{"start":{"line":4,"column":2},"end":{"line":11,"column":3}},"1":{"start":{"line":6,"column":6},"end":{"line":6,"column":69}},"2":{"start":{"line":8,"column":6},"end":{"line":8,"column":62}},"3":{"start":{"line":10,"column":5},"end":{"line":10,"column":17}}},"fnMap":{"0":{"name":"(anonymous_0)","decl":{"start":{"line":3,"column":15},"end":{"line":3,"column":16}},"loc":{"start":{"line":3,"column":44},"end":{"line":12,"column":1}},"line":3}},"branchMap":{"0":{"loc":{"start":{"line":3,"column":24},"end":{"line":3,"column":34}},"type":"default-arg","locations":[{"start":{"line":3,"column":32},"end":{"line":3,"column":34}}],"line":3},"1":{"loc":{"start":{"line":4,"column":2},"end":{"line":11,"column":3}},"type":"switch","locations":[{"start":{"line":5,"column":4},"end":{"line":6,"column":69}},{"start":{"line":7,"column":4},"end":{"line":8,"column":62}},{"start":{"line":9,"column":4},"end":{"line":10,"column":17}}],"line":4}},"s":{"0":9,"1":0,"2":0,"3":9},"f":{"0":9},"b":{"0":[9],"1":[0,0,9]},"_coverageSchema":"332fd63041d2c1bcb487cc26dd0d5f7d97098a6c","hash":"6c669cc041d26622d1bca4b808e3d9b70e150cdc"}
,"/home/mlyra/projektit/eksy/EKSY/App/Reducers/CurrentRegionReducer.js": {"path":"/home/mlyra/projektit/eksy/EKSY/App/Reducers/CurrentRegionReducer.js","statementMap":{"0":{"start":{"line":3,"column":16},"end":{"line":8,"column":1}},"1":{"start":{"line":11,"column":2},"end":{"line":22,"column":3}},"2":{"start":{"line":13,"column":6},"end":{"line":19,"column":7}},"3":{"start":{"line":21,"column":5},"end":{"line":21,"column":17}}},"fnMap":{"0":{"name":"(anonymous_0)","decl":{"start":{"line":10,"column":15},"end":{"line":10,"column":16}},"loc":{"start":{"line":10,"column":49},"end":{"line":23,"column":1}},"line":10}},"branchMap":{"0":{"loc":{"start":{"line":10,"column":24},"end":{"line":10,"column":39}},"type":"default-arg","locations":[{"start":{"line":10,"column":32},"end":{"line":10,"column":39}}],"line":10},"1":{"loc":{"start":{"line":11,"column":2},"end":{"line":22,"column":3}},"type":"switch","locations":[{"start":{"line":12,"column":4},"end":{"line":19,"column":7}},{"start":{"line":20,"column":4},"end":{"line":21,"column":17}}],"line":11}},"s":{"0":3,"1":15,"2":0,"3":15},"f":{"0":15},"b":{"0":[15],"1":[0,15]},"_coverageSchema":"332fd63041d2c1bcb487cc26dd0d5f7d97098a6c","hash":"b0e9bc0a07d997be2c9e167030be4fa5e86176a1"}
,"/home/mlyra/projektit/eksy/EKSY/App/Reducers/DrawerReducer.js": {"path":"/home/mlyra/projektit/eksy/EKSY/App/Reducers/DrawerReducer.js","statementMap":{"0":{"start":{"line":3,"column":16},"end":{"line":5,"column":1}},"1":{"start":{"line":8,"column":2},"end":{"line":17,"column":3}},"2":{"start":{"line":10,"column":6},"end":{"line":10,"column":41}},"3":{"start":{"line":12,"column":6},"end":{"line":12,"column":42}},"4":{"start":{"line":14,"column":6},"end":{"line":14,"column":54}},"5":{"start":{"line":16,"column":5},"end":{"line":16,"column":17}}},"fnMap":{"0":{"name":"(anonymous_0)","decl":{"start":{"line":7,"column":15},"end":{"line":7,"column":16}},"loc":{"start":{"line":7,"column":49},"end":{"line":18,"column":1}},"line":7}},"branchMap":{"0":{"loc":{"start":{"line":7,"column":24},"end":{"line":7,"column":39}},"type":"default-arg","locations":[{"start":{"line":7,"column":32},"end":{"line":7,"column":39}}],"line":7},"1":{"loc":{"start":{"line":8,"column":2},"end":{"line":17,"column":3}},"type":"switch","locations":[{"start":{"line":9,"column":4},"end":{"line":10,"column":41}},{"start":{"line":11,"column":4},"end":{"line":12,"column":42}},{"start":{"line":13,"column":4},"end":{"line":14,"column":54}},{"start":{"line":15,"column":4},"end":{"line":16,"column":17}}],"line":8}},"s":{"0":3,"1":15,"2":0,"3":0,"4":0,"5":15},"f":{"0":15},"b":{"0":[15],"1":[0,0,0,15]},"_coverageSchema":"332fd63041d2c1bcb487cc26dd0d5f7d97098a6c","hash":"e7becaa826958e5ed8ab95f4832f2ca760e4c2f4"}
,"/home/mlyra/projektit/eksy/EKSY/App/Reducers/LocationReducer.js": {"path":"/home/mlyra/projektit/eksy/EKSY/App/Reducers/LocationReducer.js","statementMap":{"0":{"start":{"line":3,"column":16},"end":{"line":7,"column":1}},"1":{"start":{"line":10,"column":2},"end":{"line":24,"column":3}},"2":{"start":{"line":12,"column":6},"end":{"line":16,"column":7}},"3":{"start":{"line":18,"column":6},"end":{"line":21,"column":7}},"4":{"start":{"line":23,"column":5},"end":{"line":23,"column":17}}},"fnMap":{"0":{"name":"(anonymous_0)","decl":{"start":{"line":9,"column":15},"end":{"line":9,"column":16}},"loc":{"start":{"line":9,"column":49},"end":{"line":25,"column":1}},"line":9}},"branchMap":{"0":{"loc":{"start":{"line":9,"column":24},"end":{"line":9,"column":39}},"type":"default-arg","locations":[{"start":{"line":9,"column":32},"end":{"line":9,"column":39}}],"line":9},"1":{"loc":{"start":{"line":10,"column":2},"end":{"line":24,"column":3}},"type":"switch","locations":[{"start":{"line":11,"column":4},"end":{"line":16,"column":7}},{"start":{"line":17,"column":4},"end":{"line":21,"column":7}},{"start":{"line":22,"column":4},"end":{"line":23,"column":17}}],"line":10}},"s":{"0":3,"1":15,"2":0,"3":0,"4":15},"f":{"0":15},"b":{"0":[15],"1":[0,0,15]},"_coverageSchema":"332fd63041d2c1bcb487cc26dd0d5f7d97098a6c","hash":"05c23aa3e1dac81ffc6a3bd242352c2cc652df51"}
,"/home/mlyra/projektit/eksy/EKSY/App/Reducers/MapReducer.js": {"path":"/home/mlyra/projektit/eksy/EKSY/App/Reducers/MapReducer.js","statementMap":{},"fnMap":{},"branchMap":{},"s":{},"f":{},"b":{},"_coverageSchema":"332fd63041d2c1bcb487cc26dd0d5f7d97098a6c","hash":"3cadf21a220d74feaa0a48e755203a911afc170c"}
,"/home/mlyra/projektit/eksy/EKSY/App/Reducers/UiReducer.js": {"path":"/home/mlyra/projektit/eksy/EKSY/App/Reducers/UiReducer.js","statementMap":{},"fnMap":{},"branchMap":{},"s":{},"f":{},"b":{},"_coverageSchema":"332fd63041d2c1bcb487cc26dd0d5f7d97098a6c","hash":"1b21c864603056cd11645fc207a85ace8d8a05b6"}
,"/home/mlyra/projektit/eksy/EKSY/App/Reducers/index.js": {"path":"/home/mlyra/projektit/eksy/EKSY/App/Reducers/index.js","statementMap":{},"fnMap":{},"branchMap":{},"s":{},"f":{},"b":{},"_coverageSchema":"332fd63041d2c1bcb487cc26dd0d5f7d97098a6c","hash":"d6f72812ffa0fd2ac6e319ada37b123b8b464bbf"}
,"/home/mlyra/projektit/eksy/EKSY/App/Store/index.js": {"path":"/home/mlyra/projektit/eksy/EKSY/App/Store/index.js","statementMap":{"0":{"start":{"line":5,"column":15},"end":{"line":7,"column":2}},"1":{"start":{"line":9,"column":14},"end":{"line":12,"column":1}}},"fnMap":{},"branchMap":{},"s":{"0":3,"1":3},"f":{},"b":{},"_coverageSchema":"332fd63041d2c1bcb487cc26dd0d5f7d97098a6c","hash":"bd501b1dd44cbb485924f964d07e8b97c9038c28"}
,"/home/mlyra/projektit/eksy/EKSY/App/Theme/Colors.js": {"path":"/home/mlyra/projektit/eksy/EKSY/App/Theme/Colors.js","statementMap":{"0":{"start":{"line":1,"column":31},"end":{"line":1,"column":49}},"1":{"start":{"line":2,"column":32},"end":{"line":2,"column":52}},"2":{"start":{"line":3,"column":27},"end":{"line":3,"column":44}},"3":{"start":{"line":4,"column":27},"end":{"line":4,"column":45}},"4":{"start":{"line":5,"column":25},"end":{"line":5,"column":40}},"5":{"start":{"line":6,"column":30},"end":{"line":6,"column":45}}},"fnMap":{},"branchMap":{},"s":{"0":4,"1":4,"2":4,"3":4,"4":4,"5":4},"f":{},"b":{},"_coverageSchema":"332fd63041d2c1bcb487cc26dd0d5f7d97098a6c","hash":"d28008fd4d81ab428afd7a85bafd7464253e7cc9"}
,"/home/mlyra/projektit/eksy/EKSY/App/Theme/index.js": {"path":"/home/mlyra/projektit/eksy/EKSY/App/Theme/index.js","statementMap":{},"fnMap":{},"branchMap":{},"s":{},"f":{},"b":{},"_coverageSchema":"332fd63041d2c1bcb487cc26dd0d5f7d97098a6c","hash":"8d43f761236176d8fe9a2bd449c06f4804cfdb25"}
,"/home/mlyra/projektit/eksy/EKSY/App/includes/FirebaseConfig.js": {"path":"/home/mlyra/projektit/eksy/EKSY/App/includes/FirebaseConfig.js","statementMap":{"0":{"start":{"line":8,"column":4},"end":{"line":16,"column":5}},"1":{"start":{"line":9,"column":6},"end":{"line":14,"column":8}}},"fnMap":{"0":{"name":"(anonymous_0)","decl":{"start":{"line":7,"column":2},"end":{"line":7,"column":3}},"loc":{"start":{"line":7,"column":23},"end":{"line":17,"column":3}},"line":7}},"branchMap":{"0":{"loc":{"start":{"line":8,"column":4},"end":{"line":16,"column":5}},"type":"if","locations":[{"start":{"line":8,"column":4},"end":{"line":16,"column":5}},{"start":{"line":8,"column":4},"end":{"line":16,"column":5}}],"line":8}},"s":{"0":0,"1":0},"f":{"0":0},"b":{"0":[0,0]},"_coverageSchema":"332fd63041d2c1bcb487cc26dd0d5f7d97098a6c","hash":"ae023a128379e9da1110fd2db51c04b478435fa0"}
,"/home/mlyra/projektit/eksy/EKSY/App/lib/PostOffice.js": {"path":"/home/mlyra/projektit/eksy/EKSY/App/lib/PostOffice.js","statementMap":{"0":{"start":{"line":2,"column":15},"end":{"line":2,"column":19}},"1":{"start":{"line":7,"column":4},"end":{"line":11,"column":5}},"2":{"start":{"line":8,"column":6},"end":{"line":8,"column":32}},"3":{"start":{"line":9,"column":6},"end":{"line":9,"column":34}},"4":{"start":{"line":10,"column":6},"end":{"line":10,"column":22}},"5":{"start":{"line":13,"column":4},"end":{"line":13,"column":20}},"6":{"start":{"line":17,"column":4},"end":{"line":19,"column":5}},"7":{"start":{"line":18,"column":6},"end":{"line":18,"column":39}},"8":{"start":{"line":20,"column":4},"end":{"line":20,"column":48}},"9":{"start":{"line":24,"column":4},"end":{"line":26,"column":5}},"10":{"start":{"line":25,"column":6},"end":{"line":25,"column":37}},"11":{"start":{"line":27,"column":4},"end":{"line":27,"column":38}},"12":{"start":{"line":31,"column":4},"end":{"line":31,"column":39}},"13":{"start":{"line":35,"column":4},"end":{"line":37,"column":5}},"14":{"start":{"line":36,"column":6},"end":{"line":36,"column":37}},"15":{"start":{"line":39,"column":4},"end":{"line":41,"column":5}},"16":{"start":{"line":40,"column":6},"end":{"line":40,"column":39}},"17":{"start":{"line":43,"column":4},"end":{"line":48,"column":5}},"18":{"start":{"line":44,"column":21},"end":{"line":44,"column":52}},"19":{"start":{"line":46,"column":6},"end":{"line":46,"column":43}}},"fnMap":{"0":{"name":"(anonymous_0)","decl":{"start":{"line":6,"column":2},"end":{"line":6,"column":3}},"loc":{"start":{"line":6,"column":16},"end":{"line":14,"column":3}},"line":6},"1":{"name":"(anonymous_1)","decl":{"start":{"line":16,"column":2},"end":{"line":16,"column":3}},"loc":{"start":{"line":16,"column":30},"end":{"line":21,"column":3}},"line":16},"2":{"name":"(anonymous_2)","decl":{"start":{"line":23,"column":2},"end":{"line":23,"column":3}},"loc":{"start":{"line":23,"column":21},"end":{"line":28,"column":3}},"line":23},"3":{"name":"(anonymous_3)","decl":{"start":{"line":30,"column":2},"end":{"line":30,"column":3}},"loc":{"start":{"line":30,"column":29},"end":{"line":32,"column":3}},"line":30},"4":{"name":"(anonymous_4)","decl":{"start":{"line":34,"column":2},"end":{"line":34,"column":3}},"loc":{"start":{"line":34,"column":22},"end":{"line":50,"column":3}},"line":34}},"branchMap":{"0":{"loc":{"start":{"line":7,"column":4},"end":{"line":11,"column":5}},"type":"if","locations":[{"start":{"line":7,"column":4},"end":{"line":11,"column":5}},{"start":{"line":7,"column":4},"end":{"line":11,"column":5}}],"line":7},"1":{"loc":{"start":{"line":17,"column":4},"end":{"line":19,"column":5}},"type":"if","locations":[{"start":{"line":17,"column":4},"end":{"line":19,"column":5}},{"start":{"line":17,"column":4},"end":{"line":19,"column":5}}],"line":17},"2":{"loc":{"start":{"line":24,"column":4},"end":{"line":26,"column":5}},"type":"if","locations":[{"start":{"line":24,"column":4},"end":{"line":26,"column":5}},{"start":{"line":24,"column":4},"end":{"line":26,"column":5}}],"line":24},"3":{"loc":{"start":{"line":35,"column":4},"end":{"line":37,"column":5}},"type":"if","locations":[{"start":{"line":35,"column":4},"end":{"line":37,"column":5}},{"start":{"line":35,"column":4},"end":{"line":37,"column":5}}],"line":35},"4":{"loc":{"start":{"line":39,"column":4},"end":{"line":41,"column":5}},"type":"if","locations":[{"start":{"line":39,"column":4},"end":{"line":41,"column":5}},{"start":{"line":39,"column":4},"end":{"line":41,"column":5}}],"line":39}},"s":{"0":4,"1":0,"2":0,"3":0,"4":0,"5":0,"6":0,"7":0,"8":0,"9":0,"10":0,"11":0,"12":0,"13":0,"14":0,"15":0,"16":0,"17":0,"18":0,"19":0},"f":{"0":0,"1":0,"2":0,"3":0,"4":0},"b":{"0":[0,0],"1":[0,0],"2":[0,0],"3":[0,0],"4":[0,0]},"_coverageSchema":"332fd63041d2c1bcb487cc26dd0d5f7d97098a6c","hash":"f227c3f1f1dbd556c03c08fc0386f03178fa2f66"}
,"/home/mlyra/projektit/eksy/EKSY/_mocks_/setup.js": {"path":"/home/mlyra/projektit/eksy/EKSY/_mocks_/setup.js","statementMap":{"0":{"start":{"line":1,"column":11},"end":{"line":1,"column":34}},"1":{"start":{"line":2,"column":0},"end":{"line":10,"column":2}},"2":{"start":{"line":3,"column":2},"end":{"line":9,"column":3}}},"fnMap":{"0":{"name":"(anonymous_0)","decl":{"start":{"line":2,"column":21},"end":{"line":2,"column":22}},"loc":{"start":{"line":2,"column":27},"end":{"line":10,"column":1}},"line":2}},"branchMap":{},"s":{"0":3,"1":3,"2":3},"f":{"0":3},"b":{},"_coverageSchema":"332fd63041d2c1bcb487cc26dd0d5f7d97098a6c","hash":"b5428f127e8c9a932128c4ca9251555ba6fd8755"}
}
