TN:
SF:C:\Users\juuso_j0pbwen\OneDrive\Asiakirjat\Opiskelu\eksy\EKSY\index.android.js
FN:4,(anonymous_0)
FNF:1
FNH:0
FNDA:0,(anonymous_0)
DA:4,1
LF:1
LH:1
BRF:0
BRH:0
end_of_record
TN:
SF:C:\Users\juuso_j0pbwen\OneDrive\Asiakirjat\Opiskelu\eksy\EKSY\index.ios.js
FN:4,(anonymous_0)
FNF:1
FNH:0
FNDA:0,(anonymous_0)
DA:4,1
LF:1
LH:1
BRF:0
BRH:0
end_of_record
TN:
SF:C:\Users\juuso_j0pbwen\OneDrive\Asiakirjat\Opiskelu\eksy\EKSY\App\Actions\MapActions.js
FN:4,(anonymous_0)
FN:11,(anonymous_1)
FN:18,(anonymous_2)
FN:25,(anonymous_3)
FNF:4
FNH:3
FNDA:1,(anonymous_0)
FNDA:1,(anonymous_1)
FNDA:1,(anonymous_2)
FNDA:0,(anonymous_3)
DA:4,11
DA:5,1
DA:11,11
DA:12,1
DA:18,11
DA:19,1
DA:25,11
DA:26,0
LF:8
LH:7
BRF:0
BRH:0
end_of_record
TN:
SF:C:\Users\juuso_j0pbwen\OneDrive\Asiakirjat\Opiskelu\eksy\EKSY\App\Actions\Types.js
FNF:0
FNH:0
DA:1,12
DA:2,12
DA:4,12
DA:5,12
DA:6,12
DA:8,12
DA:9,12
DA:10,12
DA:12,12
LF:9
LH:9
BRF:0
BRH:0
end_of_record
TN:
SF:C:\Users\juuso_j0pbwen\OneDrive\Asiakirjat\Opiskelu\eksy\EKSY\App\Actions\UiActions.js
FN:3,(anonymous_0)
FN:9,(anonymous_1)
FN:15,(anonymous_2)
FNF:3
FNH:3
FNDA:1,(anonymous_0)
FNDA:1,(anonymous_1)
FNDA:1,(anonymous_2)
DA:3,11
DA:4,1
DA:9,11
DA:10,1
DA:15,11
DA:16,1
LF:6
LH:6
BRF:0
BRH:0
end_of_record
TN:
SF:C:\Users\juuso_j0pbwen\OneDrive\Asiakirjat\Opiskelu\eksy\EKSY\App\Actions\index.js
FNF:0
FNH:0
LF:0
LH:0
BRF:0
BRH:0
end_of_record
TN:
SF:/home/mlyra/projektit/eksy/EKSY/App/Components/Button.js
FN:7,(anonymous_0)
FNF:1
FNH:1
FNDA:8,(anonymous_0)
DA:8,8
DA:18,7
DA:24,7
LF:3
LH:3
BRF:0
BRH:0
end_of_record
TN:
SF:/home/mlyra/projektit/eksy/EKSY/App/Components/Divider.js
FN:8,(anonymous_0)
FNF:1
FNH:1
FNDA:2,(anonymous_0)
DA:9,2
DA:16,5
LF:2
LH:2
BRF:0
BRH:0
end_of_record
TN:
SF:C:\Users\juuso_j0pbwen\OneDrive\Asiakirjat\Opiskelu\eksy\EKSY\App\Components\Label.js
FN:6,(anonymous_0)
FNF:1
FNH:1
FNDA:5,(anonymous_0)
DA:12,5
DA:13,5
DA:14,4
DA:17,5
DA:27,7
DA:33,7
LF:6
LH:6
BRDA:13,0,0,4
BRDA:13,0,1,1
BRF:2
BRH:2
end_of_record
TN:
SF:/home/mlyra/projektit/eksy/EKSY/App/Components/Input.js
FN:10,(anonymous_0)
FNF:1
FNH:1
FNDA:5,(anonymous_0)
DA:10,6
DA:11,5
DA:30,6
LF:3
LH:3
BRF:0
BRH:0
end_of_record
TN:
SF:/home/mlyra/projektit/eksy/EKSY/App/Components/Label.js
FN:6,(anonymous_0)
FNF:1
FNH:1
FNDA:7,(anonymous_0)
DA:7,7
DA:13,7
LF:2
LH:2
BRF:0
BRH:0
end_of_record
TN:
SF:/home/mlyra/projektit/eksy/EKSY/App/Components/MenuBackButton.js
FN:8,(anonymous_0)
FN:10,(anonymous_1)
FNF:2
FNH:2
FNDA:6,(anonymous_0)
FNDA:1,(anonymous_1)
DA:9,6
DA:10,1
DA:15,8
LF:3
LH:3
BRF:0
BRH:0
end_of_record
TN:
SF:C:\Users\juuso_j0pbwen\OneDrive\Asiakirjat\Opiskelu\eksy\EKSY\App\Components\MenuButton.js
FN:10,(anonymous_0)
FNF:1
FNH:1
FNDA:3,(anonymous_0)
DA:11,3
DA:17,8
LF:2
LH:2
BRF:0
BRH:0
end_of_record
TN:
SF:/home/mlyra/projektit/eksy/EKSY/App/Components/Picture.js
FN:9,(anonymous_0)
FN:40,(anonymous_1)
FN:47,(anonymous_2)
FN:55,(anonymous_3)
FN:61,(anonymous_4)
FN:79,(anonymous_5)
FNF:6
FNH:2
FNDA:3,(anonymous_0)
FNDA:0,(anonymous_1)
FNDA:0,(anonymous_2)
FNDA:0,(anonymous_3)
FNDA:3,(anonymous_4)
FNDA:0,(anonymous_5)
DA:10,3
DA:12,3
DA:13,3
DA:15,3
DA:16,1
DA:18,3
DA:19,0
DA:23,3
DA:25,3
DA:26,3
DA:28,3
DA:41,0
DA:42,0
DA:43,0
DA:48,0
DA:49,0
DA:50,0
DA:51,0
DA:56,0
DA:57,0
DA:58,0
DA:63,3
DA:64,3
DA:65,2
DA:67,3
DA:70,3
DA:71,3
DA:72,0
DA:74,3
DA:76,3
DA:80,0
DA:96,6
DA:102,6
LF:33
LH:20
BRDA:15,0,0,1
BRDA:15,0,1,2
BRDA:15,1,0,3
BRDA:15,1,1,2
BRDA:18,2,0,0
BRDA:18,2,1,3
BRDA:18,3,0,3
BRDA:18,3,1,2
BRDA:48,4,0,0
BRDA:48,4,1,0
BRDA:48,5,0,0
BRDA:48,5,1,0
BRDA:64,6,0,2
BRDA:64,6,1,1
BRDA:71,7,0,0
BRDA:71,7,1,3
BRF:16
BRH:10
end_of_record
TN:
SF:/home/mlyra/projektit/eksy/EKSY/App/Components/PictureList.js
FN:8,(anonymous_0)
FN:11,(anonymous_1)
FN:18,(anonymous_2)
FN:23,(anonymous_3)
FNF:4
FNH:3
FNDA:2,(anonymous_0)
FNDA:0,(anonymous_1)
FNDA:2,(anonymous_2)
FNDA:2,(anonymous_3)
DA:9,2
DA:11,2
DA:12,2
DA:19,2
DA:23,2
DA:29,5
DA:35,5
LF:7
LH:7
BRF:0
BRH:0
end_of_record
TN:
SF:/home/mlyra/projektit/eksy/EKSY/App/Components/PointSelector.js
FN:7,(anonymous_0)
FN:19,(anonymous_1)
FN:24,(anonymous_2)
FN:29,(anonymous_3)
FNF:4
FNH:2
FNDA:2,(anonymous_0)
FNDA:0,(anonymous_1)
FNDA:2,(anonymous_2)
FNDA:0,(anonymous_3)
DA:8,2
DA:10,2
DA:20,0
DA:21,0
DA:25,2
DA:29,0
LF:6
LH:3
BRF:0
BRH:0
end_of_record
TN:
SF:/home/mlyra/projektit/eksy/EKSY/App/Components/TextArea.js
FN:7,(anonymous_0)
FNF:1
FNH:1
FNDA:2,(anonymous_0)
DA:8,2
DA:15,5
LF:2
LH:2
BRF:0
BRH:0
end_of_record
TN:
SF:/home/mlyra/projektit/eksy/EKSY/App/Components/TextInputArea.js
FN:12,(anonymous_0)
FN:18,(anonymous_1)
FN:33,(anonymous_2)
FNF:3
FNH:2
FNDA:2,(anonymous_0)
FNDA:2,(anonymous_1)
FNDA:0,(anonymous_2)
DA:13,2
DA:15,2
DA:19,2
DA:33,0
DA:44,5
LF:5
LH:4
BRF:0
BRH:0
end_of_record
TN:
SF:/home/mlyra/projektit/eksy/EKSY/App/Containers/AddMarker.js
FN:17,(anonymous_0)
FN:33,(anonymous_1)
FN:43,(anonymous_2)
FN:47,(anonymous_3)
FN:48,(anonymous_4)
FN:48,(anonymous_5)
FN:51,(anonymous_6)
FN:55,(anonymous_7)
FN:60,(anonymous_8)
FN:66,(anonymous_9)
FN:72,(anonymous_10)
FN:73,(anonymous_11)
FN:74,(anonymous_12)
FN:76,(anonymous_13)
FN:83,(anonymous_14)
FN:131,(anonymous_15)
FN:137,(anonymous_16)
FN:139,(anonymous_17)
FN:142,(anonymous_18)
FNF:19
FNH:12
FNDA:7,(anonymous_0)
FNDA:5,(anonymous_1)
FNDA:0,(anonymous_2)
FNDA:1,(anonymous_3)
FNDA:1,(anonymous_4)
FNDA:0,(anonymous_5)
FNDA:1,(anonymous_6)
FNDA:1,(anonymous_7)
FNDA:15,(anonymous_8)
FNDA:0,(anonymous_9)
FNDA:2,(anonymous_10)
FNDA:2,(anonymous_11)
FNDA:1,(anonymous_12)
FNDA:1,(anonymous_13)
FNDA:5,(anonymous_14)
FNDA:0,(anonymous_15)
FNDA:0,(anonymous_16)
FNDA:0,(anonymous_17)
FNDA:0,(anonymous_18)
DA:18,7
DA:20,7
DA:22,7
DA:30,7
DA:34,5
DA:41,5
DA:42,5
DA:43,5
DA:44,5
DA:48,1
DA:52,1
DA:56,1
DA:57,1
DA:61,15
DA:67,0
DA:72,2
DA:73,2
DA:74,1
DA:76,1
DA:84,5
DA:100,4
DA:131,4
DA:132,0
DA:137,4
DA:138,0
DA:140,0
DA:143,0
LF:27
LH:22
BRF:0
BRH:0
end_of_record
TN:
SF:C:\Users\juuso_j0pbwen\OneDrive\Asiakirjat\Opiskelu\eksy\EKSY\App\Containers\LoginScreen.js
FN:28,(anonymous_0)
FN:40,(anonymous_1)
FN:58,(anonymous_2)
FN:76,(anonymous_3)
FN:84,(anonymous_4)
FN:92,(anonymous_5)
FN:98,(anonymous_6)
FN:101,(anonymous_7)
FN:136,(anonymous_8)
FN:140,(anonymous_9)
FN:142,(anonymous_10)
FNF:11
FNH:5
FNDA:4,(anonymous_0)
FNDA:0,(anonymous_1)
FNDA:1,(anonymous_2)
FNDA:5,(anonymous_3)
FNDA:0,(anonymous_4)
FNDA:0,(anonymous_5)
FNDA:1,(anonymous_6)
FNDA:1,(anonymous_7)
FNDA:0,(anonymous_8)
FNDA:0,(anonymous_9)
FNDA:0,(anonymous_10)
DA:29,4
DA:31,4
DA:37,4
DA:41,0
DA:43,0
DA:44,0
DA:46,0
DA:50,0
DA:52,0
DA:59,1
DA:61,1
DA:62,1
DA:64,1
DA:68,1
DA:70,0
DA:77,5
DA:84,0
DA:92,0
DA:98,1
DA:101,1
DA:113,4
DA:136,4
DA:137,0
DA:140,4
DA:141,0
DA:142,0
LF:26
LH:14
BRF:0
BRH:0
end_of_record
TN:
SF:C:\Users\juuso_j0pbwen\OneDrive\Asiakirjat\Opiskelu\eksy\EKSY\App\Containers\Main.js
FN:9,(anonymous_0)
FN:14,(anonymous_1)
FNF:2
FNH:2
FNDA:1,(anonymous_0)
FNDA:1,(anonymous_1)
DA:10,1
DA:11,1
DA:15,1
LF:3
LH:3
BRF:0
BRH:0
end_of_record
TN:
SF:/home/mlyra/projektit/eksy/EKSY/App/Containers/MapView.js
FN:15,(anonymous_0)
FN:25,(anonymous_1)
FN:33,(anonymous_2)
FN:37,(anonymous_3)
FN:43,(anonymous_4)
FN:49,(anonymous_5)
FN:51,(anonymous_6)
FN:52,(anonymous_7)
FNF:8
FNH:5
FNDA:2,(anonymous_0)
FNDA:2,(anonymous_1)
FNDA:2,(anonymous_2)
FNDA:0,(anonymous_3)
FNDA:1,(anonymous_4)
FNDA:1,(anonymous_5)
FNDA:0,(anonymous_6)
FNDA:0,(anonymous_7)
DA:16,2
DA:18,2
DA:26,2
DA:27,2
DA:29,2
DA:34,2
DA:37,0
DA:43,4
DA:44,1
DA:49,4
DA:50,1
DA:51,0
DA:52,0
LF:13
LH:10
BRF:0
BRH:0
end_of_record
TN:
SF:/home/mlyra/projektit/eksy/EKSY/App/Containers/MarkerView.js
FN:14,(anonymous_0)
FN:28,(anonymous_1)
FN:64,(anonymous_2)
FN:70,(anonymous_3)
FNF:4
FNH:2
FNDA:1,(anonymous_0)
FNDA:1,(anonymous_1)
FNDA:0,(anonymous_2)
FNDA:0,(anonymous_3)
DA:15,1
DA:16,1
DA:24,0
DA:29,1
DA:48,4
DA:64,4
DA:65,0
DA:70,4
DA:71,0
LF:9
LH:6
BRDA:15,0,0,1
BRDA:15,0,1,0
BRF:2
BRH:1
end_of_record
TN:
SF:/home/mlyra/projektit/eksy/EKSY/App/Containers/Styles/MapViewStyles.js
FNF:0
FNH:0
LF:0
LH:0
BRF:0
BRH:0
end_of_record
TN:
SF:C:\Users\juuso_j0pbwen\OneDrive\Asiakirjat\Opiskelu\eksy\EKSY\App\Map\Callout.js
FN:10,(anonymous_0)
FNF:1
FNH:0
FNDA:0,(anonymous_0)
DA:12,0
DA:32,7
LF:2
LH:1
BRF:0
BRH:0
end_of_record
TN:
SF:C:\Users\juuso_j0pbwen\OneDrive\Asiakirjat\Opiskelu\eksy\EKSY\App\Map\Map.js
FN:20,(anonymous_0)
FN:38,(anonymous_1)
FN:42,(anonymous_2)
FN:46,(anonymous_3)
FN:47,(anonymous_4)
FN:50,(anonymous_5)
FN:53,(anonymous_6)
FN:56,(anonymous_7)
FN:65,(anonymous_8)
FNF:9
FNH:5
FNDA:2,(anonymous_0)
FNDA:0,(anonymous_1)
FNDA:0,(anonymous_2)
FNDA:2,(anonymous_3)
FNDA:0,(anonymous_4)
FNDA:2,(anonymous_5)
FNDA:2,(anonymous_6)
FNDA:0,(anonymous_7)
FNDA:2,(anonymous_8)
DA:21,2
DA:22,2
DA:23,2
DA:24,2
DA:25,2
DA:39,0
DA:43,0
DA:47,2
DA:51,2
DA:53,2
DA:56,0
DA:66,2
LF:12
LH:9
BRF:0
BRH:0
end_of_record
TN:
SF:/home/mlyra/projektit/eksy/EKSY/App/Map/MapManager.js
FN:11,(anonymous_0)
FN:17,(anonymous_1)
FN:24,(anonymous_2)
FN:29,(anonymous_3)
FN:34,(anonymous_4)
FN:40,(anonymous_5)
FN:42,(anonymous_6)
FN:46,(anonymous_7)
FN:51,(anonymous_8)
FN:56,(anonymous_9)
FN:60,(anonymous_10)
FN:64,(anonymous_11)
FN:73,(anonymous_12)
FNF:13
FNH:5
FNDA:11,(anonymous_0)
FNDA:0,(anonymous_1)
FNDA:7,(anonymous_2)
FNDA:0,(anonymous_3)
FNDA:0,(anonymous_4)
FNDA:0,(anonymous_5)
FNDA:0,(anonymous_6)
FNDA:0,(anonymous_7)
FNDA:6,(anonymous_8)
FNDA:10,(anonymous_9)
FNDA:2,(anonymous_10)
FNDA:0,(anonymous_11)
FNDA:0,(anonymous_12)
DA:6,7
DA:7,7
DA:12,11
DA:13,4
DA:14,4
DA:15,4
DA:16,4
DA:17,4
DA:18,4
DA:19,4
DA:21,11
DA:25,7
DA:26,7
DA:30,0
DA:31,0
DA:35,0
DA:36,0
DA:41,0
DA:43,0
DA:44,0
DA:46,0
DA:52,6
DA:53,6
DA:57,10
DA:61,2
DA:65,0
DA:66,0
DA:67,0
DA:69,0
DA:74,0
DA:78,0
LF:31
LH:17
BRDA:12,0,0,4
BRDA:12,0,1,7
BRDA:35,1,0,0
BRDA:35,1,1,0
BRDA:65,2,0,0
BRDA:65,2,1,0
BRDA:65,3,0,0
BRDA:65,3,1,0
BRF:8
BRH:2
end_of_record
TN:
SF:/home/mlyra/projektit/eksy/EKSY/App/Map/Marker.js
FN:12,(anonymous_0)
FN:16,(anonymous_1)
FN:27,(anonymous_2)
FN:32,(anonymous_3)
FN:37,(anonymous_4)
FNF:5
FNH:0
FNDA:0,(anonymous_0)
FNDA:0,(anonymous_1)
FNDA:0,(anonymous_2)
FNDA:0,(anonymous_3)
FNDA:0,(anonymous_4)
DA:13,0
DA:17,0
DA:28,0
DA:29,0
DA:33,0
DA:37,0
DA:55,7
LF:7
LH:1
BRF:0
BRH:0
end_of_record
TN:
SF:C:\Users\juuso_j0pbwen\OneDrive\Asiakirjat\Opiskelu\eksy\EKSY\App\Map\Styles\MapStyles.js
FNF:0
FNH:0
LF:0
LH:0
BRF:0
BRH:0
end_of_record
TN:
SF:C:\Users\juuso_j0pbwen\OneDrive\Asiakirjat\Opiskelu\eksy\EKSY\App\Navigation\NavigationDrawer.js
FN:10,(anonymous_0)
FN:16,(anonymous_1)
FN:25,(anonymous_2)
FN:31,(anonymous_3)
FN:33,(anonymous_4)
FNF:5
FNH:3
FNDA:1,(anonymous_0)
FNDA:0,(anonymous_1)
FNDA:1,(anonymous_2)
FNDA:1,(anonymous_3)
FNDA:0,(anonymous_4)
DA:11,1
DA:12,1
DA:16,0
DA:25,3
DA:26,1
DA:31,3
DA:32,1
DA:34,0
LF:8
LH:6
BRDA:16,0,0,0
BRDA:16,0,1,0
BRF:2
BRH:0
end_of_record
TN:
SF:/home/mlyra/projektit/eksy/EKSY/App/Navigation/NavigationRouter.js
FN:23,(anonymous_0)
FNF:1
FNH:1
FNDA:1,(anonymous_0)
DA:10,3
DA:24,1
LF:2
LH:2
BRF:0
BRH:0
end_of_record
TN:
SF:C:\Users\juuso_j0pbwen\OneDrive\Asiakirjat\Opiskelu\eksy\EKSY\App\Navigation\SideBar.js
FN:12,(anonymous_0)
FN:50,(anonymous_1)
FN:56,(anonymous_2)
FN:58,(anonymous_3)
FN:62,(anonymous_4)
FN:66,(anonymous_5)
FNF:6
FNH:3
FNDA:4,(anonymous_0)
FNDA:1,(anonymous_1)
FNDA:1,(anonymous_2)
FNDA:0,(anonymous_3)
FNDA:0,(anonymous_4)
FNDA:0,(anonymous_5)
DA:13,4
DA:34,4
DA:50,4
DA:51,1
DA:56,4
DA:57,1
DA:59,0
DA:60,0
DA:63,0
DA:64,0
DA:67,0
DA:68,0
LF:12
LH:6
BRF:0
BRH:0
end_of_record
TN:
SF:C:\Users\juuso_j0pbwen\OneDrive\Asiakirjat\Opiskelu\eksy\EKSY\App\Navigation\SideBarLogo.js
FN:7,(anonymous_0)
FNF:1
FNH:1
FNDA:1,(anonymous_0)
DA:8,1
LF:1
LH:1
BRF:0
BRH:0
end_of_record
TN:
SF:C:\Users\juuso_j0pbwen\OneDrive\Asiakirjat\Opiskelu\eksy\EKSY\App\Navigation\Styles\SideBarStyles.js
FNF:0
FNH:0
LF:0
LH:0
BRF:0
BRH:0
end_of_record
TN:
SF:C:\Users\juuso_j0pbwen\OneDrive\Asiakirjat\Opiskelu\eksy\EKSY\App\Reducers\AuthReducer.js
FN:3,(anonymous_0)
FNF:1
FNH:1
FNDA:21,(anonymous_0)
DA:4,21
DA:6,0
DA:8,0
DA:10,21
LF:4
LH:2
BRDA:3,0,0,21
BRDA:4,1,0,0
BRDA:4,1,1,0
BRDA:4,1,2,21
BRF:4
BRH:2
end_of_record
TN:
SF:C:\Users\juuso_j0pbwen\OneDrive\Asiakirjat\Opiskelu\eksy\EKSY\App\Reducers\CurrentRegionReducer.js
FN:10,(anonymous_0)
FNF:1
FNH:1
FNDA:35,(anonymous_0)
DA:3,7
DA:11,35
DA:13,0
DA:21,35
LF:4
LH:3
BRDA:10,0,0,35
BRDA:11,1,0,0
BRDA:11,1,1,35
BRF:3
BRH:2
end_of_record
TN:
SF:C:\Users\juuso_j0pbwen\OneDrive\Asiakirjat\Opiskelu\eksy\EKSY\App\Reducers\DrawerReducer.js
FN:7,(anonymous_0)
FNF:1
FNH:1
FNDA:35,(anonymous_0)
DA:3,7
DA:8,35
DA:10,0
DA:12,0
DA:14,0
DA:16,35
LF:6
LH:3
BRDA:7,0,0,35
BRDA:8,1,0,0
BRDA:8,1,1,0
BRDA:8,1,2,0
BRDA:8,1,3,35
BRF:5
BRH:2
end_of_record
TN:
SF:C:\Users\juuso_j0pbwen\OneDrive\Asiakirjat\Opiskelu\eksy\EKSY\App\Reducers\LocationReducer.js
FN:9,(anonymous_0)
FNF:1
FNH:1
FNDA:35,(anonymous_0)
DA:3,7
DA:10,35
DA:12,0
DA:18,0
DA:23,35
LF:5
LH:3
BRDA:9,0,0,35
BRDA:10,1,0,0
BRDA:10,1,1,0
BRDA:10,1,2,35
BRF:4
BRH:2
end_of_record
TN:
SF:C:\Users\juuso_j0pbwen\OneDrive\Asiakirjat\Opiskelu\eksy\EKSY\App\Reducers\MapReducer.js
FNF:0
FNH:0
LF:0
LH:0
BRF:0
BRH:0
end_of_record
TN:
SF:/home/mlyra/projektit/eksy/EKSY/App/Reducers/SelectedMarkerReducer.js
FN:14,(anonymous_0)
FNF:1
FNH:1
FNDA:35,(anonymous_0)
DA:3,7
DA:15,35
DA:17,0
DA:22,35
LF:4
LH:3
BRDA:14,0,0,35
BRDA:15,1,0,0
BRDA:15,1,1,35
BRF:3
BRH:2
end_of_record
TN:
SF:/home/mlyra/projektit/eksy/EKSY/App/Reducers/UiReducer.js
FNF:0
FNH:0
LF:0
LH:0
BRF:0
BRH:0
end_of_record
TN:
SF:C:\Users\juuso_j0pbwen\OneDrive\Asiakirjat\Opiskelu\eksy\EKSY\App\Reducers\index.js
FNF:0
FNH:0
LF:0
LH:0
BRF:0
BRH:0
end_of_record
TN:
SF:C:\Users\juuso_j0pbwen\OneDrive\Asiakirjat\Opiskelu\eksy\EKSY\App\Store\index.js
FNF:0
FNH:0
DA:5,7
DA:9,7
LF:2
LH:2
BRF:0
BRH:0
end_of_record
TN:
SF:C:\Users\juuso_j0pbwen\OneDrive\Asiakirjat\Opiskelu\eksy\EKSY\App\Theme\Colors.js
FNF:0
FNH:0
DA:1,15
DA:2,15
DA:3,15
DA:4,15
DA:5,15
DA:6,15
DA:7,15
LF:7
LH:7
BRF:0
BRH:0
end_of_record
TN:
SF:C:\Users\juuso_j0pbwen\OneDrive\Asiakirjat\Opiskelu\eksy\EKSY\App\Theme\index.js
FNF:0
FNH:0
LF:0
LH:0
BRF:0
BRH:0
end_of_record
TN:
SF:/home/mlyra/projektit/eksy/EKSY/_mocks_/MapManagerMock.js
FN:3,(anonymous_0)
FNF:1
FNH:1
FNDA:1,(anonymous_0)
DA:4,1
DA:5,1
DA:6,1
DA:7,1
LF:4
LH:4
BRF:0
BRH:0
end_of_record
TN:
SF:/home/mlyra/projektit/eksy/EKSY/_mocks_/MapViewMock.js
FN:3,(anonymous_0)
FN:8,(anonymous_1)
FN:14,(anonymous_2)
FN:20,(anonymous_3)
FNF:4
FNH:0
FNDA:0,(anonymous_0)
FNDA:0,(anonymous_1)
FNDA:0,(anonymous_2)
FNDA:0,(anonymous_3)
DA:4,0
DA:5,0
DA:9,0
DA:15,0
DA:21,0
DA:25,0
DA:26,0
DA:27,0
DA:28,0
DA:29,0
DA:30,0
LF:11
LH:0
BRF:0
BRH:0
end_of_record
TN:
SF:C:\Users\juuso_j0pbwen\OneDrive\Asiakirjat\Opiskelu\eksy\EKSY\_mocks_\setup.js
FN:2,(anonymous_0)
FNF:1
FNH:0
FNDA:0,(anonymous_0)
DA:1,1
DA:2,1
DA:3,0
LF:3
LH:2
BRF:0
BRH:0
end_of_record
TN:
SF:/home/mlyra/projektit/eksy/EKSY/jest/setup.js
FN:1,(anonymous_0)
FNF:1
FNH:1
FNDA:10,(anonymous_0)
DA:1,21
DA:2,10
LF:2
LH:2
BRF:0
BRH:0
end_of_record
TN:
SF:C:\Users\juuso_j0pbwen\OneDrive\Asiakirjat\Opiskelu\eksy\EKSY\jest\setup.js
FN:1,(anonymous_0)
FNF:1
FNH:1
FNDA:2,(anonymous_0)
DA:1,9
DA:2,2
LF:2
LH:2
BRF:0
BRH:0
end_of_record
