TN:
SF:/home/fuksi/Raine/OPINNOT/HY/Ohjelmistotuotantoprojekti 581260/eksy/EKSY/Callout.js
FN:10,(anonymous_0)
FNF:1
FNH:0
FNDA:0,(anonymous_0)
DA:11,0
DA:12,0
DA:30,2
LF:3
LH:1
BRF:0
BRH:0
end_of_record
TN:
SF:/home/fuksi/Raine/OPINNOT/HY/Ohjelmistotuotantoprojekti 581260/eksy/EKSY/Map.js
FN:20,(anonymous_0)
FN:35,(anonymous_1)
FN:63,(anonymous_2)
FNF:3
FNH:0
FNDA:0,(anonymous_0)
FNDA:0,(anonymous_1)
FNDA:0,(anonymous_2)
DA:21,0
DA:37,0
DA:63,0
DA:75,2
LF:4
LH:1
BRDA:37,0,0,0
BRDA:37,0,1,0
BRDA:37,0,2,0
BRDA:45,1,0,0
BRDA:45,1,1,0
BRDA:67,2,0,0
BRDA:67,2,1,0
BRF:7
BRH:0
end_of_record
TN:
SF:/home/fuksi/Raine/OPINNOT/HY/Ohjelmistotuotantoprojekti 581260/eksy/EKSY/data.js
FNF:0
FNH:0
DA:1,2
LF:1
LH:1
BRF:0
BRH:0
end_of_record
TN:
SF:/home/fuksi/Raine/OPINNOT/HY/Ohjelmistotuotantoprojekti 581260/eksy/EKSY/index.android.js
FN:4,(anonymous_0)
FNF:1
FNH:0
FNDA:0,(anonymous_0)
DA:4,1
LF:1
LH:1
BRF:0
BRH:0
end_of_record
TN:
SF:/home/fuksi/Raine/OPINNOT/HY/Ohjelmistotuotantoprojekti 581260/eksy/EKSY/index.ios.js
FN:4,(anonymous_0)
FNF:1
FNH:0
FNDA:0,(anonymous_0)
DA:4,1
LF:1
LH:1
BRF:0
BRH:0
end_of_record
